#
# There is insufficient memory for the Java Runtime Environment to continue.
# Native memory allocation (mmap) failed to map 65536 bytes for Failed to commit metaspace.
# Possible reasons:
#   The system is out of physical RAM or swap space
#   The process is running with CompressedOops enabled, and the Java Heap may be blocking the growth of the native heap
# Possible solutions:
#   Reduce memory load on the system
#   Increase physical memory or swap space
#   Check if swap backing store is full
#   Decrease Java heap size (-Xmx/-Xms)
#   Decrease number of Java threads
#   Decrease Java thread stack sizes (-Xss)
#   Set larger code cache with -XX:ReservedCodeCacheSize=
#   JVM is running with Unscaled Compressed Oops mode in which the Java heap is
#     placed in the first 4GB address space. The Java Heap base address is the
#     maximum limit for the native heap growth. Please use -XX:HeapBaseMinAddress
#     to set the Java Heap base and to place the Java Heap above 4GB virtual address.
# This output file may be truncated or incomplete.
#
#  Out of Memory Error (virtualSpaceNode.cpp:110), pid=27068, tid=15640
#
# JRE version:  (17.0.6+10) (build )
# Java VM: OpenJDK 64-Bit Server VM (17.0.6+10, mixed mode, tiered, compressed oops, compressed class ptrs, parallel gc, windows-amd64)
# No core dump will be written. Minidumps are not enabled by default on client versions of Windows
#

---------------  S U M M A R Y ------------

Command Line: --add-modules=ALL-SYSTEM --add-opens=java.base/java.util=ALL-UNNAMED --add-opens=java.base/java.lang=ALL-UNNAMED --add-opens=java.base/sun.nio.fs=ALL-UNNAMED -Declipse.application=org.eclipse.jdt.ls.core.id1 -Dosgi.bundles.defaultStartLevel=4 -Declipse.product=org.eclipse.jdt.ls.core.product -Djava.import.generatesMetadataFilesAtProjectRoot=false -Dfile.encoding=utf8 -XX:+UseParallelGC -XX:GCTimeRatio=4 -XX:AdaptiveSizePolicyWeight=90 -Dsun.zip.disableMemoryMapping=true -Xmx1G -Xms100m -Xlog:disable -javaagent:c:\Users\noeKen\.vscode\extensions\redhat.java-1.15.0-win32-x64\lombok\lombok-1.18.24.jar c:\Users\noeKen\.vscode\extensions\redhat.java-1.15.0-win32-x64\server\plugins\org.eclipse.equinox.launcher_1.6.400.v20210924-0641.jar -configuration c:\Users\noeKen\AppData\Roaming\Code\User\globalStorage\redhat.java\1.15.0\config_ss_win -data c:\Users\noeKen\AppData\Roaming\Code\User\workspaceStorage\4cd10fdc8f3a647e16675a9a8f49932b\redhat.java\ss_ws

Host: Intel(R) Core(TM) i7-8750H CPU @ 2.20GHz, 12 cores, 15G,  Windows 11 , 64 bit Build 22621 (10.0.22621.1194)
Time: Wed Feb 22 06:09:34 2023 Afr. centrale Ouest elapsed time: 0.752002 seconds (0d 0h 0m 0s)

---------------  T H R E A D  ---------------

Current thread (0x00000197eec9da50):  JavaThread "main" [_thread_in_vm, id=15640, stack(0x000000172e500000,0x000000172e600000)]

Stack: [0x000000172e500000,0x000000172e600000]
Native frames: (J=compiled Java code, j=interpreted, Vv=VM code, C=native code)
V  [jvm.dll+0x67741a]
V  [jvm.dll+0x834434]
V  [jvm.dll+0x835bde]
V  [jvm.dll+0x836243]
V  [jvm.dll+0x2457b5]
V  [jvm.dll+0x8304cb]
V  [jvm.dll+0x61bca6]
V  [jvm.dll+0x61bd0a]
V  [jvm.dll+0x61e52a]
V  [jvm.dll+0x61c646]
V  [jvm.dll+0x24320c]
V  [jvm.dll+0x6cd84d]
V  [jvm.dll+0x6ce27f]
V  [jvm.dll+0x36fd73]
V  [jvm.dll+0x36ef52]
V  [jvm.dll+0x36eef8]
V  [jvm.dll+0x37ed0a]
C  0x000001978754ae05

Java frames: (J=compiled Java code, j=interpreted, Vv=VM code)
j  java.nio.charset.Charset.<clinit>()V+0 java.base
v  ~StubRoutines::call_stub
j  java.io.OutputStreamWriter.<init>(Ljava/io/OutputStream;)V+8 java.base
j  java.io.PrintStream.<init>(ZLjava/io/OutputStream;)V+26 java.base
j  java.io.PrintStream.<init>(Ljava/io/OutputStream;Z)V+11 java.base
j  java.lang.System.newPrintStream(Ljava/io/FileOutputStream;Ljava/lang/String;)Ljava/io/PrintStream;+42 java.base
j  java.lang.System.initPhase1()V+92 java.base
v  ~StubRoutines::call_stub

---------------  P R O C E S S  ---------------

Threads class SMR info:
_java_thread_list=0x00000197eed53db0, length=3, elements={
0x00000197eec9da50, 0x00000197f3b193d0, 0x00000197eed57990
}

Java Threads: ( => current thread )
=>0x00000197eec9da50 JavaThread "main" [_thread_in_vm, id=15640, stack(0x000000172e500000,0x000000172e600000)]
  0x00000197f3b193d0 JavaThread "Reference Handler" daemon [_thread_blocked, id=8960, stack(0x000000172e800000,0x000000172e900000)]
  0x00000197eed57990 JavaThread "Finalizer" daemon [_thread_blocked, id=23340, stack(0x000000172e900000,0x000000172ea00000)]

Other Threads:
  0x00000197f5691fd0 VMThread "VM Thread" [stack: 0x000000172e700000,0x000000172e800000] [id=7124]
  0x00000197eecb4d00 GCTaskThread "GC Thread#0" [stack: 0x000000172e600000,0x000000172e700000] [id=19072]

Threads with active compile tasks:

VM state: not at safepoint (normal execution)

VM Mutex/Monitor currently owned by a thread:  ([mutex/lock_event])
[0x00000197eca0def0] Metaspace_lock - owner thread: 0x00000197eec9da50

Heap address: 0x00000000c0000000, size: 1024 MB, Compressed Oops mode: 32-bit

CDS archive(s) not mapped
Compressed class space mapped at: 0x0000000100000000-0x0000000140000000, reserved size: 1073741824
Narrow klass base: 0x0000000000000000, Narrow klass shift: 3, Narrow klass range: 0x140000000

GC Precious Log:
 CPUs: 12 total, 12 available
 Memory: 16226M
 Large Page Support: Disabled
 NUMA Support: Disabled
 Compressed Oops: Enabled (32-bit)
 Alignments: Space 512K, Generation 512K, Heap 2M
 Heap Min Capacity: 100M
 Heap Initial Capacity: 100M
 Heap Max Capacity: 1G
 Pre-touch: Disabled
 Parallel Workers: 10

Heap:
 PSYoungGen      total 29696K, used 1024K [0x00000000eab00000, 0x00000000ecc00000, 0x0000000100000000)
  eden space 25600K, 4% used [0x00000000eab00000,0x00000000eac00138,0x00000000ec400000)
  from space 4096K, 0% used [0x00000000ec800000,0x00000000ec800000,0x00000000ecc00000)
  to   space 4096K, 0% used [0x00000000ec400000,0x00000000ec400000,0x00000000ec800000)
 ParOldGen       total 68608K, used 0K [0x00000000c0000000, 0x00000000c4300000, 0x00000000eab00000)
  object space 68608K, 0% used [0x00000000c0000000,0x00000000c0000000,0x00000000c4300000)
 Metaspace       used 1894K, committed 1920K, reserved 1056768K
  class space    used 166K, committed 192K, reserved 1048576K

Card table byte_map: [0x00000197ee670000,0x00000197ee880000] _byte_map_base: 0x00000197ee070000

Marking Bits: (ParMarkBitMap*) 0x00007ffbc80d3e70
 Begin Bits: [0x00000197f1920000, 0x00000197f2920000)
 End Bits:   [0x00000197f2920000, 0x00000197f3920000)

Polling page: 0x00000197ee460000

Metaspace:

Usage:
  Non-class:      1.69 MB used.
      Class:    166.88 KB used.
       Both:      1.85 MB used.

Virtual space:
  Non-class space:        8.00 MB reserved,       1.69 MB ( 21%) committed,  1 nodes.
      Class space:        1.00 GB reserved,     192.00 KB ( <1%) committed,  1 nodes.
             Both:        1.01 GB reserved,       1.88 MB ( <1%) committed. 

Chunk freelists:
   Non-Class:  0 bytes
       Class:  3.75 MB
        Both:  3.75 MB

MaxMetaspaceSize: unlimited
CompressedClassSpaceSize: 1.00 GB
Initial GC threshold: 21.00 MB
Current GC threshold: 17179869184.00 GB
CDS: off
MetaspaceReclaimPolicy: balanced
 - commit_granule_bytes: 65536.
 - commit_granule_words: 8192.
 - virtual_space_node_default_size: 1048576.
 - enlarge_chunks_in_place: 1.
 - new_chunks_are_fully_committed: 0.
 - uncommit_free_chunks: 1.
 - use_allocation_guard: 0.
 - handle_deallocations: 1.


Internal statistics:

num_allocs_failed_limit: 0.
num_arena_births: 2.
num_arena_deaths: 0.
num_vsnodes_births: 2.
num_vsnodes_deaths: 0.
num_space_committed: 30.
num_space_uncommitted: 0.
num_chunks_returned_to_freelist: 0.
num_chunks_taken_from_freelist: 3.
num_chunk_merges: 0.
num_chunk_splits: 1.
num_chunks_enlarged: 0.
num_purges: 0.
num_inconsistent_stats: 0.

CodeHeap 'non-profiled nmethods': size=120000Kb used=0Kb max_used=0Kb free=120000Kb
 bounds [0x0000019787ad0000, 0x0000019787d40000, 0x000001978f000000]
CodeHeap 'profiled nmethods': size=120000Kb used=0Kb max_used=0Kb free=120000Kb
 bounds [0x0000019780000000, 0x0000019780270000, 0x0000019787530000]
CodeHeap 'non-nmethods': size=5760Kb used=371Kb max_used=371Kb free=5388Kb
 bounds [0x0000019787530000, 0x00000197877a0000, 0x0000019787ad0000]
 total_blobs=165 nmethods=0 adapters=138
 compilation: enabled
              stopped_count=0, restarted_count=0
 full_count=0

Compilation events (0 events):
No events

GC Heap History (0 events):
No events

Dll operation events (1 events):
Event: 0.299 Loaded shared library c:\Users\noeKen\.vscode\extensions\redhat.java-1.15.0-win32-x64\jre\17.0.6-win32-x86_64\bin\java.dll

Deoptimization events (0 events):
No events

Classes unloaded (0 events):
No events

Classes redefined (0 events):
No events

Internal exceptions (0 events):
No events

VM Operations (0 events):
No events

Events (20 events):
Event: 0.695 loading class java/io/BufferedInputStream
Event: 0.696 loading class java/io/FilterInputStream
Event: 0.696 loading class java/io/FilterInputStream done
Event: 0.696 loading class java/io/BufferedInputStream done
Event: 0.696 loading class java/io/PrintStream
Event: 0.697 loading class java/io/FilterOutputStream
Event: 0.697 loading class java/io/FilterOutputStream done
Event: 0.697 loading class java/io/PrintStream done
Event: 0.697 loading class java/io/BufferedOutputStream
Event: 0.697 loading class java/io/BufferedOutputStream done
Event: 0.697 loading class java/io/OutputStreamWriter
Event: 0.697 loading class java/io/Writer
Event: 0.697 loading class java/io/Writer done
Event: 0.697 loading class java/io/OutputStreamWriter done
Event: 0.697 loading class java/nio/charset/Charset
Event: 0.698 loading class java/nio/charset/Charset done
Event: 0.698 loading class sun/nio/cs/StandardCharsets
Event: 0.699 loading class java/nio/charset/spi/CharsetProvider
Event: 0.699 loading class java/nio/charset/spi/CharsetProvider done
Event: 0.699 loading class sun/nio/cs/StandardCharsets done


Dynamic libraries:
0x00007ff6506c0000 - 0x00007ff6506ce000 	c:\Users\noeKen\.vscode\extensions\redhat.java-1.15.0-win32-x64\jre\17.0.6-win32-x86_64\bin\java.exe
0x00007ffc5bbd0000 - 0x00007ffc5bde4000 	C:\WINDOWS\SYSTEM32\ntdll.dll
0x00007ffc5aa20000 - 0x00007ffc5aae3000 	C:\WINDOWS\System32\KERNEL32.DLL
0x00007ffc59040000 - 0x00007ffc593dc000 	C:\WINDOWS\System32\KERNELBASE.dll
0x00007ffc59540000 - 0x00007ffc59651000 	C:\WINDOWS\System32\ucrtbase.dll
0x00007ffc29380000 - 0x00007ffc29399000 	c:\Users\noeKen\.vscode\extensions\redhat.java-1.15.0-win32-x64\jre\17.0.6-win32-x86_64\bin\VCRUNTIME140.dll
0x00007ffc292d0000 - 0x00007ffc292e7000 	c:\Users\noeKen\.vscode\extensions\redhat.java-1.15.0-win32-x64\jre\17.0.6-win32-x86_64\bin\jli.dll
0x00007ffc59b70000 - 0x00007ffc59d1d000 	C:\WINDOWS\System32\USER32.dll
0x00007ffc59010000 - 0x00007ffc59036000 	C:\WINDOWS\System32\win32u.dll
0x00007ffc5a000000 - 0x00007ffc5a029000 	C:\WINDOWS\System32\GDI32.dll
0x00007ffc3e700000 - 0x00007ffc3e98e000 	C:\WINDOWS\WinSxS\amd64_microsoft.windows.common-controls_6595b64144ccf1df_6.0.22621.608_none_a9444ca7c10bb01d\COMCTL32.dll
0x00007ffc59d20000 - 0x00007ffc59dc7000 	C:\WINDOWS\System32\msvcrt.dll
0x00007ffc59750000 - 0x00007ffc59862000 	C:\WINDOWS\System32\gdi32full.dll
0x00007ffc594a0000 - 0x00007ffc5953a000 	C:\WINDOWS\System32\msvcp_win.dll
0x00007ffc59fc0000 - 0x00007ffc59ff2000 	C:\WINDOWS\System32\IMM32.DLL
0x00007ffc520b0000 - 0x00007ffc520bc000 	c:\Users\noeKen\.vscode\extensions\redhat.java-1.15.0-win32-x64\jre\17.0.6-win32-x86_64\bin\vcruntime140_1.dll
0x00007ffbf39b0000 - 0x00007ffbf3a41000 	c:\Users\noeKen\.vscode\extensions\redhat.java-1.15.0-win32-x64\jre\17.0.6-win32-x86_64\bin\msvcp140.dll
0x00007ffbc7550000 - 0x00007ffbc8197000 	c:\Users\noeKen\.vscode\extensions\redhat.java-1.15.0-win32-x64\jre\17.0.6-win32-x86_64\bin\server\jvm.dll
0x00007ffc59ef0000 - 0x00007ffc59f9e000 	C:\WINDOWS\System32\ADVAPI32.dll
0x00007ffc59ac0000 - 0x00007ffc59b64000 	C:\WINDOWS\System32\sechost.dll
0x00007ffc5b8d0000 - 0x00007ffc5b9e5000 	C:\WINDOWS\System32\RPCRT4.dll
0x00007ffc453b0000 - 0x00007ffc453b9000 	C:\WINDOWS\SYSTEM32\WSOCK32.dll
0x00007ffc5adb0000 - 0x00007ffc5ae21000 	C:\WINDOWS\System32\WS2_32.dll
0x00007ffc51fe0000 - 0x00007ffc52014000 	C:\WINDOWS\SYSTEM32\WINMM.dll
0x00007ffc52ea0000 - 0x00007ffc52eaa000 	C:\WINDOWS\SYSTEM32\VERSION.dll
0x00007ffc58060000 - 0x00007ffc58078000 	C:\WINDOWS\SYSTEM32\kernel.appcore.dll
0x00007ffc52040000 - 0x00007ffc5204a000 	c:\Users\noeKen\.vscode\extensions\redhat.java-1.15.0-win32-x64\jre\17.0.6-win32-x86_64\bin\jimage.dll
0x00007ffc50a90000 - 0x00007ffc50cbe000 	C:\WINDOWS\SYSTEM32\DBGHELP.DLL
0x00007ffc5a1f0000 - 0x00007ffc5a57a000 	C:\WINDOWS\System32\combase.dll
0x00007ffc599e0000 - 0x00007ffc59ab7000 	C:\WINDOWS\System32\OLEAUT32.dll
0x00007ffc50520000 - 0x00007ffc50552000 	C:\WINDOWS\SYSTEM32\dbgcore.DLL
0x00007ffc59660000 - 0x00007ffc596db000 	C:\WINDOWS\System32\bcryptPrimitives.dll
0x00007ffc4c530000 - 0x00007ffc4c53e000 	c:\Users\noeKen\.vscode\extensions\redhat.java-1.15.0-win32-x64\jre\17.0.6-win32-x86_64\bin\instrument.dll
0x00007ffc27fa0000 - 0x00007ffc27fc5000 	c:\Users\noeKen\.vscode\extensions\redhat.java-1.15.0-win32-x64\jre\17.0.6-win32-x86_64\bin\java.dll
0x00007ffc28ce0000 - 0x00007ffc28cf8000 	c:\Users\noeKen\.vscode\extensions\redhat.java-1.15.0-win32-x64\jre\17.0.6-win32-x86_64\bin\zip.dll
0x00007ffc5b020000 - 0x00007ffc5b80f000 	C:\WINDOWS\System32\SHELL32.dll
0x00007ffc57030000 - 0x00007ffc578f8000 	C:\WINDOWS\SYSTEM32\windows.storage.dll
0x00007ffc56ef0000 - 0x00007ffc5702e000 	C:\WINDOWS\SYSTEM32\wintypes.dll
0x00007ffc5aca0000 - 0x00007ffc5ad91000 	C:\WINDOWS\System32\SHCORE.dll
0x00007ffc5bb20000 - 0x00007ffc5bb7e000 	C:\WINDOWS\System32\shlwapi.dll
0x00007ffc58f40000 - 0x00007ffc58f61000 	C:\WINDOWS\SYSTEM32\profapi.dll

dbghelp: loaded successfully - version: 4.0.5 - missing functions: none
symbol engine: initialized successfully - sym options: 0x614 - pdb path: .;c:\Users\noeKen\.vscode\extensions\redhat.java-1.15.0-win32-x64\jre\17.0.6-win32-x86_64\bin;C:\WINDOWS\SYSTEM32;C:\WINDOWS\WinSxS\amd64_microsoft.windows.common-controls_6595b64144ccf1df_6.0.22621.608_none_a9444ca7c10bb01d;c:\Users\noeKen\.vscode\extensions\redhat.java-1.15.0-win32-x64\jre\17.0.6-win32-x86_64\bin\server

VM Arguments:
jvm_args: --add-modules=ALL-SYSTEM --add-opens=java.base/java.util=ALL-UNNAMED --add-opens=java.base/java.lang=ALL-UNNAMED --add-opens=java.base/sun.nio.fs=ALL-UNNAMED -Declipse.application=org.eclipse.jdt.ls.core.id1 -Dosgi.bundles.defaultStartLevel=4 -Declipse.product=org.eclipse.jdt.ls.core.product -Djava.import.generatesMetadataFilesAtProjectRoot=false -Dfile.encoding=utf8 -XX:+UseParallelGC -XX:GCTimeRatio=4 -XX:AdaptiveSizePolicyWeight=90 -Dsun.zip.disableMemoryMapping=true -Xmx1G -Xms100m -Xlog:disable -javaagent:c:\Users\noeKen\.vscode\extensions\redhat.java-1.15.0-win32-x64\lombok\lombok-1.18.24.jar 
java_command: c:\Users\noeKen\.vscode\extensions\redhat.java-1.15.0-win32-x64\server\plugins\org.eclipse.equinox.launcher_1.6.400.v20210924-0641.jar -configuration c:\Users\noeKen\AppData\Roaming\Code\User\globalStorage\redhat.java\1.15.0\config_ss_win -data c:\Users\noeKen\AppData\Roaming\Code\User\workspaceStorage\4cd10fdc8f3a647e16675a9a8f49932b\redhat.java\ss_ws
java_class_path (initial): c:\Users\noeKen\.vscode\extensions\redhat.java-1.15.0-win32-x64\server\plugins\org.eclipse.equinox.launcher_1.6.400.v20210924-0641.jar
Launcher Type: SUN_STANDARD

[Global flags]
    uintx AdaptiveSizePolicyWeight                 = 90                                        {product} {command line}
     intx CICompilerCount                          = 4                                         {product} {ergonomic}
    uintx GCTimeRatio                              = 4                                         {product} {command line}
   size_t InitialHeapSize                          = 104857600                                 {product} {command line}
   size_t MaxHeapSize                              = 1073741824                                {product} {command line}
   size_t MaxNewSize                               = 357564416                                 {product} {ergonomic}
   size_t MinHeapDeltaBytes                        = 524288                                    {product} {ergonomic}
   size_t MinHeapSize                              = 104857600                                 {product} {command line}
   size_t NewSize                                  = 34603008                                  {product} {ergonomic}
    uintx NonNMethodCodeHeapSize                   = 5839372                                {pd product} {ergonomic}
    uintx NonProfiledCodeHeapSize                  = 122909434                              {pd product} {ergonomic}
   size_t OldSize                                  = 70254592                                  {product} {ergonomic}
    uintx ProfiledCodeHeapSize                     = 122909434                              {pd product} {ergonomic}
    uintx ReservedCodeCacheSize                    = 251658240                              {pd product} {ergonomic}
     bool SegmentedCodeCache                       = true                                      {product} {ergonomic}
   size_t SoftMaxHeapSize                          = 1073741824                             {manageable} {ergonomic}
     bool UseCompressedClassPointers               = true                           {product lp64_product} {ergonomic}
     bool UseCompressedOops                        = true                           {product lp64_product} {ergonomic}
     bool UseLargePagesIndividualAllocation        = false                                  {pd product} {ergonomic}
     bool UseParallelGC                            = true                                      {product} {command line}

Logging:
Log output configuration:
 #0: stdout all=off uptime,level,tags
 #1: stderr all=off uptime,level,tags

Environment Variables:
JAVA_HOME=C:\Program Files\OpenJDK\openjdk-11.0.16_8
PATH=C:\Program Files\Eclipse Adoptium\jdk-17.0.5.8-hotspot\bin;C:\Program Files (x86)\Intel\Intel(R) Management Engine Components\iCLS\;C:\Program Files\Intel\Intel(R) Management Engine Components\iCLS\;C:\Windows\system32;C:\Windows;C:\Windows\System32\Wbem;C:\Windows\System32\WindowsPowerShell\v1.0\;C:\Program Files (x86)\Intel\Intel(R) Management Engine Components\DAL;C:\Program Files\Intel\Intel(R) Management Engine Components\DAL;C:\Program Files (x86)\Intel\Intel(R) Management Engine Components\IPT;C:\Program Files\Intel\Intel(R) Management Engine Components\IPT;C:\Program Files (x86)\NVIDIA Corporation\PhysX\Common;C:\Program Files\Intel\WiFi\bin\;C:\Program Files\Common Files\Intel\WirelessCommon\;C:\WINDOWS\system32;C:\WINDOWS;C:\WINDOWS\System32\Wbem;C:\WINDOWS\System32\WindowsPowerShell\v1.0\;C:\WINDOWS\System32\OpenSSH\;C:\Users\noeKen\AppData\Roaming\nvm;C:\Program Files\nodejs;C:\ProgramData\chocolatey\bin;C:\Program Files\OpenJDK\openjdk-11.0.16_8;C:\Program Files\Git\cmd;F:\Sdk\Sdk\platform-tools;C:\Users\noeKen\AppData\Local\Microsoft\WindowsApps;C:\Users\noeKen\AppData\Roaming\nvm;C:\Program Files\nodejs;C:\Users\noeKen\AppData\Local\Programs\Microsoft VS Code\bin
USERNAME=noeKen
OS=Windows_NT
PROCESSOR_IDENTIFIER=Intel64 Family 6 Model 158 Stepping 10, GenuineIntel
TMP=C:\Users\noeKen\AppData\Local\Temp
TEMP=C:\Users\noeKen\AppData\Local\Temp



---------------  S Y S T E M  ---------------

OS:
 Windows 11 , 64 bit Build 22621 (10.0.22621.1194)
OS uptime: 3 days 16:36 hours

CPU: total 12 (initial active 12) (6 cores per cpu, 2 threads per core) family 6 model 158 stepping 10 microcode 0xde, cx8, cmov, fxsr, ht, mmx, 3dnowpref, sse, sse2, sse3, ssse3, sse4.1, sse4.2, popcnt, lzcnt, tsc, tscinvbit, avx, avx2, aes, erms, clmul, bmi1, bmi2, adx, fma, vzeroupper, clflush, clflushopt

Memory: 4k page, system-wide physical 16226M (277M free)
TotalPageFile size 31257M (AvailPageFile size 98M)
current process WorkingSet (physical memory assigned to process): 20M, peak: 20M
current process commit charge ("private bytes"): 184M, peak: 184M

vm_info: OpenJDK 64-Bit Server VM (17.0.6+10) for windows-amd64 JRE (17.0.6+10), built on Jan 18 2023 10:08:59 by "temurin" with MS VC++ 16.7 (VS2019)

END.
