#
# There is insufficient memory for the Java Runtime Environment to continue.
# Native memory allocation (mmap) failed to map 65536 bytes for Failed to commit metaspace.
# Possible reasons:
#   The system is out of physical RAM or swap space
#   The process is running with CompressedOops enabled, and the Java Heap may be blocking the growth of the native heap
# Possible solutions:
#   Reduce memory load on the system
#   Increase physical memory or swap space
#   Check if swap backing store is full
#   Decrease Java heap size (-Xmx/-Xms)
#   Decrease number of Java threads
#   Decrease Java thread stack sizes (-Xss)
#   Set larger code cache with -XX:ReservedCodeCacheSize=
#   JVM is running with Unscaled Compressed Oops mode in which the Java heap is
#     placed in the first 4GB address space. The Java Heap base address is the
#     maximum limit for the native heap growth. Please use -XX:HeapBaseMinAddress
#     to set the Java Heap base and to place the Java Heap above 4GB virtual address.
# This output file may be truncated or incomplete.
#
#  Out of Memory Error (virtualSpaceNode.cpp:110), pid=22144, tid=29448
#
# JRE version: OpenJDK Runtime Environment Temurin-17.0.5+8 (17.0.5+8) (build 17.0.5+8)
# Java VM: OpenJDK 64-Bit Server VM Temurin-17.0.5+8 (17.0.5+8, mixed mode, tiered, compressed oops, compressed class ptrs, parallel gc, windows-amd64)
# No core dump will be written. Minidumps are not enabled by default on client versions of Windows
#

---------------  S U M M A R Y ------------

Command Line: --add-modules=ALL-SYSTEM --add-opens=java.base/java.util=ALL-UNNAMED --add-opens=java.base/java.lang=ALL-UNNAMED --add-opens=java.base/sun.nio.fs=ALL-UNNAMED -Declipse.application=org.eclipse.jdt.ls.core.id1 -Dosgi.bundles.defaultStartLevel=4 -Declipse.product=org.eclipse.jdt.ls.core.product -Djava.import.generatesMetadataFilesAtProjectRoot=false -Dfile.encoding=utf8 -XX:+UseParallelGC -XX:GCTimeRatio=4 -XX:AdaptiveSizePolicyWeight=90 -Dsun.zip.disableMemoryMapping=true -Xmx1G -Xms100m -Xlog:disable -javaagent:c:\Users\noeKen\.vscode\extensions\redhat.java-1.14.0-win32-x64\lombok\lombok-1.18.24.jar -XX:+HeapDumpOnOutOfMemoryError -XX:HeapDumpPath=c:\Users\noeKen\AppData\Roaming\Code\User\workspaceStorage\4cd10fdc8f3a647e16675a9a8f49932b\redhat.java c:\Users\noeKen\.vscode\extensions\redhat.java-1.14.0-win32-x64\server\plugins\org.eclipse.equinox.launcher_1.6.400.v20210924-0641.jar -configuration c:\Users\noeKen\AppData\Roaming\Code\User\globalStorage\redhat.java\1.14.0\config_win -data c:\Users\noeKen\AppData\Roaming\Code\User\workspaceStorage\4cd10fdc8f3a647e16675a9a8f49932b\redhat.java\jdt_ws

Host: Intel(R) Core(TM) i7-8750H CPU @ 2.20GHz, 12 cores, 15G,  Windows 11 , 64 bit Build 22621 (10.0.22621.1105)
Time: Wed Feb 15 13:39:04 2023 Afr. centrale Ouest elapsed time: 1.877259 seconds (0d 0h 0m 1s)

---------------  T H R E A D  ---------------

Current thread (0x0000027ac2254530):  JavaThread "Start Level: Equinox Container: 152f3129-43cd-41a3-9d97-3254817c9fb9" daemon [_thread_in_vm, id=29448, stack(0x000000cca6600000,0x000000cca6700000)]

Stack: [0x000000cca6600000,0x000000cca6700000]
Native frames: (J=compiled Java code, j=interpreted, Vv=VM code, C=native code)
V  [jvm.dll+0x676b3a]
V  [jvm.dll+0x831444]
V  [jvm.dll+0x832bee]
V  [jvm.dll+0x833253]
V  [jvm.dll+0x244ce5]
V  [jvm.dll+0x82d4db]
V  [jvm.dll+0x61b2f6]
V  [jvm.dll+0x1bfd2e]
V  [jvm.dll+0x61dc41]
V  [jvm.dll+0x61bc96]
V  [jvm.dll+0x23a786]
V  [jvm.dll+0x1ea39d]
V  [jvm.dll+0x1dfdd1]
V  [jvm.dll+0x53be30]
V  [jvm.dll+0x7ac5a8]
V  [jvm.dll+0x7ac694]
V  [jvm.dll+0x40ba25]
V  [jvm.dll+0x411bb8]
C  [java.dll+0x17ec]

Java frames: (J=compiled Java code, j=interpreted, Vv=VM code)
J 1096  java.lang.ClassLoader.defineClass1(Ljava/lang/ClassLoader;Ljava/lang/String;[BIILjava/security/ProtectionDomain;Ljava/lang/String;)Ljava/lang/Class; java.base@17.0.5 (0 bytes) @ 0x0000027ab3bfcadb [0x0000027ab3bfca20+0x00000000000000bb]
J 1691 c1 java.lang.ClassLoader.defineClass(Ljava/lang/String;[BIILjava/security/ProtectionDomain;)Ljava/lang/Class; java.base@17.0.5 (43 bytes) @ 0x0000027aac9752d4 [0x0000027aac974f80+0x0000000000000354]
J 2132 c1 org.eclipse.osgi.internal.loader.ModuleClassLoader.defineClass(Ljava/lang/String;[BLorg/eclipse/osgi/internal/loader/classpath/ClasspathEntry;)Lorg/eclipse/osgi/internal/loader/ModuleClassLoader$DefineClassResult; (138 bytes) @ 0x0000027aaca8361c [0x0000027aaca833c0+0x000000000000025c]
J 1762 c1 org.eclipse.osgi.internal.loader.classpath.ClasspathManager.defineClass(Ljava/lang/String;[BLorg/eclipse/osgi/internal/loader/classpath/ClasspathEntry;Lorg/eclipse/osgi/storage/bundlefile/BundleEntry;Ljava/util/List;)Ljava/lang/Class; (636 bytes) @ 0x0000027aac99c644 [0x0000027aac99ac60+0x00000000000019e4]
J 1996 c1 org.eclipse.osgi.internal.loader.classpath.ClasspathManager.findClassImpl(Ljava/lang/String;Lorg/eclipse/osgi/internal/loader/classpath/ClasspathEntry;Ljava/util/List;)Ljava/lang/Class; (308 bytes) @ 0x0000027aaca2a90c [0x0000027aaca27ba0+0x0000000000002d6c]
J 1735 c1 org.eclipse.osgi.internal.loader.classpath.ClasspathManager.findLocalClassImpl(Ljava/lang/String;[Lorg/eclipse/osgi/internal/loader/classpath/ClasspathEntry;Ljava/util/List;)Ljava/lang/Class; (55 bytes) @ 0x0000027aac990e4c [0x0000027aac990cc0+0x000000000000018c]
J 1734 c1 org.eclipse.osgi.internal.loader.classpath.ClasspathManager.findLocalClassImpl(Ljava/lang/String;Ljava/util/List;)Ljava/lang/Class; (132 bytes) @ 0x0000027aac9903d4 [0x0000027aac98fec0+0x0000000000000514]
J 1945 c1 org.eclipse.osgi.internal.loader.classpath.ClasspathManager.findLocalClass(Ljava/lang/String;)Ljava/lang/Class; (210 bytes) @ 0x0000027aaca0eebc [0x0000027aaca0e220+0x0000000000000c9c]
J 1730 c1 org.eclipse.osgi.internal.loader.BundleLoader.findLocalClass(Ljava/lang/String;)Ljava/lang/Class; (152 bytes) @ 0x0000027aac98bb6c [0x0000027aac98b320+0x000000000000084c]
J 1662 c1 org.eclipse.osgi.internal.loader.BundleLoader.findClass0(Ljava/lang/String;ZZ)Ljava/lang/Class; (466 bytes) @ 0x0000027aac965314 [0x0000027aac962c20+0x00000000000026f4]
J 1661 c1 org.eclipse.osgi.internal.loader.BundleLoader.findClass(Ljava/lang/String;)Ljava/lang/Class; (8 bytes) @ 0x0000027aac96231c [0x0000027aac9622a0+0x000000000000007c]
J 1664 c1 org.eclipse.osgi.internal.loader.ModuleClassLoader.loadClass(Ljava/lang/String;Z)Ljava/lang/Class; (36 bytes) @ 0x0000027aac96953c [0x0000027aac969320+0x000000000000021c]
J 906 c1 java.lang.ClassLoader.loadClass(Ljava/lang/String;)Ljava/lang/Class; java.base@17.0.5 (7 bytes) @ 0x0000027aac7db43c [0x0000027aac7db340+0x00000000000000fc]
v  ~StubRoutines::call_stub
j  org.eclipse.jdt.internal.core.JavaModelManager.<init>()V+289
j  org.eclipse.jdt.internal.core.JavaModelManager.<clinit>()V+87
v  ~StubRoutines::call_stub
j  org.eclipse.jdt.core.JavaCore.start(Lorg/osgi/framework/BundleContext;)V+6
j  org.eclipse.osgi.internal.framework.BundleContextImpl$2.run()Ljava/lang/Void;+23
j  org.eclipse.osgi.internal.framework.BundleContextImpl$2.run()Ljava/lang/Object;+1
J 1230 c1 java.security.AccessController.executePrivileged(Ljava/security/PrivilegedExceptionAction;Ljava/security/AccessControlContext;Ljava/lang/Class;)Ljava/lang/Object; java.base@17.0.5 (65 bytes) @ 0x0000027aac87efb4 [0x0000027aac87ee60+0x0000000000000154]
j  java.security.AccessController.doPrivileged(Ljava/security/PrivilegedExceptionAction;)Ljava/lang/Object;+9 java.base@17.0.5
j  org.eclipse.osgi.internal.framework.BundleContextImpl.startActivator(Lorg/osgi/framework/BundleActivator;)V+9
j  org.eclipse.osgi.internal.framework.BundleContextImpl.start()V+134
j  org.eclipse.osgi.internal.framework.EquinoxBundle.startWorker0()V+35
j  org.eclipse.osgi.internal.framework.EquinoxBundle$EquinoxModule.startWorker()V+4
j  org.eclipse.osgi.container.Module.doStart([Lorg/eclipse/osgi/container/Module$StartOptions;)Lorg/eclipse/osgi/container/ModuleContainerAdaptor$ModuleEvent;+190
J 2104 c1 org.eclipse.osgi.container.Module.start([Lorg/eclipse/osgi/container/Module$StartOptions;)V (655 bytes) @ 0x0000027aaca725d4 [0x0000027aaca70260+0x0000000000002374]
J 2126 c1 org.eclipse.osgi.framework.util.SecureAction.start(Lorg/eclipse/osgi/container/Module;[Lorg/eclipse/osgi/container/Module$StartOptions;)V (61 bytes) @ 0x0000027aaca7e7cc [0x0000027aaca7e340+0x000000000000048c]
J 1944 c1 org.eclipse.osgi.internal.hooks.EclipseLazyStarter.postFindLocalClass(Ljava/lang/String;Ljava/lang/Class;Lorg/eclipse/osgi/internal/loader/classpath/ClasspathManager;)V (394 bytes) @ 0x0000027aaca0afdc [0x0000027aaca0a060+0x0000000000000f7c]
J 1945 c1 org.eclipse.osgi.internal.loader.classpath.ClasspathManager.findLocalClass(Ljava/lang/String;)Ljava/lang/Class; (210 bytes) @ 0x0000027aaca0f1d4 [0x0000027aaca0e220+0x0000000000000fb4]
J 1730 c1 org.eclipse.osgi.internal.loader.BundleLoader.findLocalClass(Ljava/lang/String;)Ljava/lang/Class; (152 bytes) @ 0x0000027aac98bb6c [0x0000027aac98b320+0x000000000000084c]
J 1961 c1 org.eclipse.osgi.internal.loader.sources.SingleSourcePackage.loadClass(Ljava/lang/String;)Ljava/lang/Class; (9 bytes) @ 0x0000027aaca1643c [0x0000027aaca16340+0x00000000000000fc]
J 1662 c1 org.eclipse.osgi.internal.loader.BundleLoader.findClass0(Ljava/lang/String;ZZ)Ljava/lang/Class; (466 bytes) @ 0x0000027aac96521c [0x0000027aac962c20+0x00000000000025fc]
J 1661 c1 org.eclipse.osgi.internal.loader.BundleLoader.findClass(Ljava/lang/String;)Ljava/lang/Class; (8 bytes) @ 0x0000027aac96231c [0x0000027aac9622a0+0x000000000000007c]
J 1664 c1 org.eclipse.osgi.internal.loader.ModuleClassLoader.loadClass(Ljava/lang/String;Z)Ljava/lang/Class; (36 bytes) @ 0x0000027aac96953c [0x0000027aac969320+0x000000000000021c]
J 906 c1 java.lang.ClassLoader.loadClass(Ljava/lang/String;)Ljava/lang/Class; java.base@17.0.5 (7 bytes) @ 0x0000027aac7db43c [0x0000027aac7db340+0x00000000000000fc]
v  ~StubRoutines::call_stub
j  java.lang.Class.getDeclaredConstructors0(Z)[Ljava/lang/reflect/Constructor;+0 java.base@17.0.5
j  java.lang.Class.privateGetDeclaredConstructors(Z)[Ljava/lang/reflect/Constructor;+52 java.base@17.0.5
j  java.lang.Class.getConstructor0([Ljava/lang/Class;I)Ljava/lang/reflect/Constructor;+14 java.base@17.0.5
j  java.lang.Class.getConstructor([Ljava/lang/Class;)Ljava/lang/reflect/Constructor;+24 java.base@17.0.5
j  org.eclipse.osgi.internal.framework.BundleContextImpl.loadBundleActivator()Lorg/osgi/framework/BundleActivator;+105
j  org.eclipse.osgi.internal.framework.BundleContextImpl.start()V+18
j  org.eclipse.osgi.internal.framework.EquinoxBundle.startWorker0()V+35
j  org.eclipse.osgi.internal.framework.EquinoxBundle$EquinoxModule.startWorker()V+4
j  org.eclipse.osgi.container.Module.doStart([Lorg/eclipse/osgi/container/Module$StartOptions;)Lorg/eclipse/osgi/container/ModuleContainerAdaptor$ModuleEvent;+190
j  org.eclipse.osgi.container.Module.start([Lorg/eclipse/osgi/container/Module$StartOptions;)V+460
j  org.eclipse.osgi.container.ModuleContainer$ContainerStartLevel$2.run()V+71
j  org.eclipse.osgi.internal.framework.EquinoxContainerAdaptor$1$1.execute(Ljava/lang/Runnable;)V+1
j  org.eclipse.osgi.container.ModuleContainer$ContainerStartLevel.incStartLevel(ILjava/util/List;Z)V+192
j  org.eclipse.osgi.container.ModuleContainer$ContainerStartLevel.incStartLevel(ILjava/util/List;Ljava/util/List;Ljava/util/List;Ljava/util/List;)V+19
j  org.eclipse.osgi.container.ModuleContainer$ContainerStartLevel.doContainerStartLevel(Lorg/eclipse/osgi/container/Module;I[Lorg/osgi/framework/FrameworkListener;)V+349
j  org.eclipse.osgi.container.ModuleContainer$ContainerStartLevel.dispatchEvent(Lorg/eclipse/osgi/container/Module;[Lorg/osgi/framework/FrameworkListener;ILjava/lang/Integer;)V+32
j  org.eclipse.osgi.container.ModuleContainer$ContainerStartLevel.dispatchEvent(Ljava/lang/Object;Ljava/lang/Object;ILjava/lang/Object;)V+15
j  org.eclipse.osgi.framework.eventmgr.EventManager.dispatchEvent(Ljava/util/Set;Lorg/eclipse/osgi/framework/eventmgr/EventDispatcher;ILjava/lang/Object;)V+48
j  org.eclipse.osgi.framework.eventmgr.EventManager$EventThread.run()V+26
v  ~StubRoutines::call_stub

---------------  P R O C E S S  ---------------

Threads class SMR info:
_java_thread_list=0x0000027ac2098b20, length=23, elements={
0x0000027aa7c746c0, 0x0000027abda33f60, 0x0000027abda35120, 0x0000027abf5b5ce0,
0x0000027abf5b65a0, 0x0000027abf5b7600, 0x0000027abf5b8660, 0x0000027abf5bc740,
0x0000027abf5bd040, 0x0000027abf5c7940, 0x0000027abf6e8020, 0x0000027abf774400,
0x0000027abf8acce0, 0x0000027ac124dfd0, 0x0000027ac208a010, 0x0000027ac2254530,
0x0000027ac1df6210, 0x0000027ac2097900, 0x0000027ac121f390, 0x0000027ac233d290,
0x0000027ac121e520, 0x0000027ac121e9f0, 0x0000027ac121bea0
}

Java Threads: ( => current thread )
  0x0000027aa7c746c0 JavaThread "main" [_thread_blocked, id=31740, stack(0x000000cca4d00000,0x000000cca4e00000)]
  0x0000027abda33f60 JavaThread "Reference Handler" daemon [_thread_blocked, id=10660, stack(0x000000cca5000000,0x000000cca5100000)]
  0x0000027abda35120 JavaThread "Finalizer" daemon [_thread_blocked, id=33608, stack(0x000000cca5100000,0x000000cca5200000)]
  0x0000027abf5b5ce0 JavaThread "Signal Dispatcher" daemon [_thread_blocked, id=23660, stack(0x000000cca5200000,0x000000cca5300000)]
  0x0000027abf5b65a0 JavaThread "Attach Listener" daemon [_thread_blocked, id=28008, stack(0x000000cca5300000,0x000000cca5400000)]
  0x0000027abf5b7600 JavaThread "Service Thread" daemon [_thread_blocked, id=33320, stack(0x000000cca5400000,0x000000cca5500000)]
  0x0000027abf5b8660 JavaThread "Monitor Deflation Thread" daemon [_thread_blocked, id=25228, stack(0x000000cca5500000,0x000000cca5600000)]
  0x0000027abf5bc740 JavaThread "C2 CompilerThread0" daemon [_thread_blocked, id=9072, stack(0x000000cca5600000,0x000000cca5700000)]
  0x0000027abf5bd040 JavaThread "C1 CompilerThread0" daemon [_thread_blocked, id=2400, stack(0x000000cca5700000,0x000000cca5800000)]
  0x0000027abf5c7940 JavaThread "Sweeper thread" daemon [_thread_blocked, id=28300, stack(0x000000cca5800000,0x000000cca5900000)]
  0x0000027abf6e8020 JavaThread "Common-Cleaner" daemon [_thread_blocked, id=8380, stack(0x000000cca5900000,0x000000cca5a00000)]
  0x0000027abf774400 JavaThread "C2 CompilerThread1" daemon [_thread_blocked, id=23424, stack(0x000000cca5a00000,0x000000cca5b00000)]
  0x0000027abf8acce0 JavaThread "Notification Thread" daemon [_thread_blocked, id=27444, stack(0x000000cca5b00000,0x000000cca5c00000)]
  0x0000027ac124dfd0 JavaThread "Active Thread: Equinox Container: 152f3129-43cd-41a3-9d97-3254817c9fb9" [_thread_blocked, id=11740, stack(0x000000cca6400000,0x000000cca6500000)]
  0x0000027ac208a010 JavaThread "Framework Event Dispatcher: Equinox Container: 152f3129-43cd-41a3-9d97-3254817c9fb9" daemon [_thread_blocked, id=10484, stack(0x000000cca6500000,0x000000cca6600000)]
=>0x0000027ac2254530 JavaThread "Start Level: Equinox Container: 152f3129-43cd-41a3-9d97-3254817c9fb9" daemon [_thread_in_vm, id=29448, stack(0x000000cca6600000,0x000000cca6700000)]
  0x0000027ac1df6210 JavaThread "SCR Component Actor" daemon [_thread_blocked, id=12012, stack(0x000000cca6700000,0x000000cca6800000)]
  0x0000027ac2097900 JavaThread "SCR Component Registry" daemon [_thread_blocked, id=16624, stack(0x000000cca6a00000,0x000000cca6b00000)]
  0x0000027ac121f390 JavaThread "Worker-JM" [_thread_blocked, id=33404, stack(0x000000cca5d00000,0x000000cca5e00000)]
  0x0000027ac233d290 JavaThread "C2 CompilerThread2" daemon [_thread_blocked, id=32868, stack(0x000000cca6c00000,0x000000cca6d00000)]
  0x0000027ac121e520 JavaThread "Worker-0" [_thread_blocked, id=19100, stack(0x000000cca6d00000,0x000000cca6e00000)]
  0x0000027ac121e9f0 JavaThread "Worker-1: Refreshing workspace" [_thread_blocked, id=32820, stack(0x000000cca6e00000,0x000000cca6f00000)]
  0x0000027ac121bea0 JavaThread "Worker-2" [_thread_blocked, id=34372, stack(0x000000cca6f00000,0x000000cca7000000)]

Other Threads:
  0x0000027aa7d2eb30 VMThread "VM Thread" [stack: 0x000000cca4f00000,0x000000cca5000000] [id=34040] _threads_hazard_ptr=0x0000027ac2098b20
  0x0000027ac0bf0a80 WatcherThread [stack: 0x000000cca5c00000,0x000000cca5d00000] [id=14796]
  0x0000027aa7c8b880 GCTaskThread "GC Thread#0" [stack: 0x000000cca4e00000,0x000000cca4f00000] [id=7820]
  0x0000027ac1c84630 GCTaskThread "GC Thread#1" [stack: 0x000000cca5e00000,0x000000cca5f00000] [id=9224]
  0x0000027ac1155060 GCTaskThread "GC Thread#2" [stack: 0x000000cca5f00000,0x000000cca6000000] [id=23140]
  0x0000027ac1155310 GCTaskThread "GC Thread#3" [stack: 0x000000cca6000000,0x000000cca6100000] [id=7904]
  0x0000027ac11555c0 GCTaskThread "GC Thread#4" [stack: 0x000000cca6100000,0x000000cca6200000] [id=12916]
  0x0000027ac1155870 GCTaskThread "GC Thread#5" [stack: 0x000000cca6200000,0x000000cca6300000] [id=22832]
  0x0000027ac1c40880 GCTaskThread "GC Thread#6" [stack: 0x000000cca6300000,0x000000cca6400000] [id=13356]
  0x0000027ac1d74e90 GCTaskThread "GC Thread#7" [stack: 0x000000cca6800000,0x000000cca6900000] [id=6784]
  0x0000027ac104b0e0 GCTaskThread "GC Thread#8" [stack: 0x000000cca6900000,0x000000cca6a00000] [id=13032]
  0x0000027ac22cfe90 GCTaskThread "GC Thread#9" [stack: 0x000000cca6b00000,0x000000cca6c00000] [id=23528]

Threads with active compile tasks:
C1 CompilerThread0     1896 2679       3       sun.nio.fs.WindowsFileSystemProvider::getFileAttributeView (118 bytes)

VM state: synchronizing (normal execution)

VM Mutex/Monitor currently owned by a thread:  ([mutex/lock_event])
[0x0000027aa7c71090] Metaspace_lock - owner thread: 0x0000027ac2254530
[0x0000027aa7c60d60] Threads_lock - owner thread: 0x0000027aa7d2eb30
[0x0000027aa7c603d0] Heap_lock - owner thread: 0x0000027ac121e9f0

Heap address: 0x00000000c0000000, size: 1024 MB, Compressed Oops mode: 32-bit

CDS archive(s) not mapped
Compressed class space mapped at: 0x0000000100000000-0x0000000140000000, reserved size: 1073741824
Narrow klass base: 0x0000000000000000, Narrow klass shift: 3, Narrow klass range: 0x140000000

GC Precious Log:
 CPUs: 12 total, 12 available
 Memory: 16226M
 Large Page Support: Disabled
 NUMA Support: Disabled
 Compressed Oops: Enabled (32-bit)
 Alignments: Space 512K, Generation 512K, Heap 2M
 Heap Min Capacity: 100M
 Heap Initial Capacity: 100M
 Heap Max Capacity: 1G
 Pre-touch: Disabled
 Parallel Workers: 10

Heap:
 PSYoungGen      total 29696K, used 25600K [0x00000000eab00000, 0x00000000ecc00000, 0x0000000100000000)
  eden space 25600K, 100% used [0x00000000eab00000,0x00000000ec400000,0x00000000ec400000)
  from space 4096K, 0% used [0x00000000ec800000,0x00000000ec800000,0x00000000ecc00000)
  to   space 4096K, 0% used [0x00000000ec400000,0x00000000ec400000,0x00000000ec800000)
 ParOldGen       total 68608K, used 9265K [0x00000000c0000000, 0x00000000c4300000, 0x00000000eab00000)
  object space 68608K, 13% used [0x00000000c0000000,0x00000000c090c668,0x00000000c4300000)
 Metaspace       used 24438K, committed 25024K, reserved 1073152K
  class space    used 2528K, committed 2816K, reserved 1048576K

Card table byte_map: [0x0000027abb2b0000,0x0000027abb4c0000] _byte_map_base: 0x0000027abacb0000

Marking Bits: (ParMarkBitMap*) 0x00007ff8fba30dd0
 Begin Bits: [0x0000027abb620000, 0x0000027abc620000)
 End Bits:   [0x0000027abc620000, 0x0000027abd620000)

Polling page: 0x0000027aa7d30000

Metaspace:

Usage:
  Non-class:     21.40 MB used.
      Class:      2.47 MB used.
       Both:     23.87 MB used.

Virtual space:
  Non-class space:       24.00 MB reserved,      21.69 MB ( 90%) committed,  3 nodes.
      Class space:        1.00 GB reserved,       2.75 MB ( <1%) committed,  1 nodes.
             Both:        1.02 GB reserved,      24.44 MB (  2%) committed. 

Chunk freelists:
   Non-Class:  1.61 MB
       Class:  1.11 MB
        Both:  2.72 MB

MaxMetaspaceSize: unlimited
CompressedClassSpaceSize: 1.00 GB
Initial GC threshold: 21.00 MB
Current GC threshold: 35.00 MB
CDS: off
MetaspaceReclaimPolicy: balanced
 - commit_granule_bytes: 65536.
 - commit_granule_words: 8192.
 - virtual_space_node_default_size: 1048576.
 - enlarge_chunks_in_place: 1.
 - new_chunks_are_fully_committed: 0.
 - uncommit_free_chunks: 1.
 - use_allocation_guard: 0.
 - handle_deallocations: 1.


Internal statistics:

num_allocs_failed_limit: 3.
num_arena_births: 224.
num_arena_deaths: 14.
num_vsnodes_births: 4.
num_vsnodes_deaths: 0.
num_space_committed: 391.
num_space_uncommitted: 0.
num_chunks_returned_to_freelist: 17.
num_chunks_taken_from_freelist: 882.
num_chunk_merges: 7.
num_chunk_splits: 575.
num_chunks_enlarged: 382.
num_purges: 2.
num_inconsistent_stats: 0.

CodeHeap 'non-profiled nmethods': size=120000Kb used=1210Kb max_used=1210Kb free=118789Kb
 bounds [0x0000027ab3b90000, 0x0000027ab3e00000, 0x0000027abb0c0000]
CodeHeap 'profiled nmethods': size=120000Kb used=5309Kb max_used=5309Kb free=114690Kb
 bounds [0x0000027aac660000, 0x0000027aacb90000, 0x0000027ab3b90000]
CodeHeap 'non-nmethods': size=5760Kb used=1193Kb max_used=1257Kb free=4566Kb
 bounds [0x0000027aac0c0000, 0x0000027aac330000, 0x0000027aac660000]
 total_blobs=3177 nmethods=2676 adapters=415
 compilation: enabled
              stopped_count=0, restarted_count=0
 full_count=0

Compilation events (20 events):
Event: 1.872 Thread 0x0000027ac233d290 2665   !   4       java.util.WeakHashMap::expungeStaleEntries (139 bytes)
Event: 1.872 Thread 0x0000027abf774400 nmethod 2568 0x0000027ab3cb6590 code [0x0000027ab3cb69e0, 0x0000027ab3cbad10]
Event: 1.873 Thread 0x0000027abf5bc740 nmethod 2656 0x0000027ab3cbcf90 code [0x0000027ab3cbd140, 0x0000027ab3cbdbb8]
Event: 1.874 Thread 0x0000027abf5bd040 2669       3       java.util.ArrayDeque::circularClear (43 bytes)
Event: 1.874 Thread 0x0000027abf5bd040 nmethod 2669 0x0000027aacb8af90 code [0x0000027aacb8b160, 0x0000027aacb8b558]
Event: 1.874 Thread 0x0000027abf5bd040 2666       3       java.util.ArrayDeque::toArray (7 bytes)
Event: 1.874 Thread 0x0000027abf5bd040 nmethod 2666 0x0000027aacb8b710 code [0x0000027aacb8b8c0, 0x0000027aacb8ba08]
Event: 1.874 Thread 0x0000027abf5bd040 2667       3       java.util.ArrayDeque::toArray (99 bytes)
Event: 1.875 Thread 0x0000027abf5bd040 nmethod 2667 0x0000027aacb8ba90 code [0x0000027aacb8bc80, 0x0000027aacb8c258]
Event: 1.875 Thread 0x0000027abf5bd040 2668       3       java.util.ArrayDeque::clear (26 bytes)
Event: 1.875 Thread 0x0000027abf5bd040 nmethod 2668 0x0000027aacb8c410 code [0x0000027aacb8c5a0, 0x0000027aacb8c708]
Event: 1.875 Thread 0x0000027abf5bd040 2670       3       sun.nio.fs.WindowsFileAttributes::fromFileAttributeData (104 bytes)
Event: 1.875 Thread 0x0000027abf5bd040 nmethod 2670 0x0000027aacb8c790 code [0x0000027aacb8c960, 0x0000027aacb8ce28]
Event: 1.875 Thread 0x0000027abf5bd040 2671       3       sun.nio.fs.WindowsFileAttributes::<init> (57 bytes)
Event: 1.876 Thread 0x0000027abf5bd040 nmethod 2671 0x0000027aacb8d090 code [0x0000027aacb8d220, 0x0000027aacb8d3b8]
Event: 1.876 Thread 0x0000027abf5bd040 2672       3       org.eclipse.core.internal.registry.ConfigurationElementHandle::getConfigurationElement (18 bytes)
Event: 1.876 Thread 0x0000027ac233d290 nmethod 2665 0x0000027ab3cbe190 code [0x0000027ab3cbe320, 0x0000027ab3cbe6e8]
Event: 1.876 Thread 0x0000027abf5bd040 nmethod 2672 0x0000027aacb8d490 code [0x0000027aacb8d660, 0x0000027aacb8daa8]
Event: 1.876 Thread 0x0000027abf5bd040 2673       3       org.eclipse.core.runtime.Assert::isLegal (15 bytes)
Event: 1.876 Thread 0x0000027abf5bd040 nmethod 2673 0x0000027aacb8dc10 code [0x0000027aacb8ddc0, 0x0000027aacb8dfa8]

GC Heap History (10 events):
Event: 0.566 GC heap before
{Heap before GC invocations=1 (full 0):
 PSYoungGen      total 29696K, used 25600K [0x00000000eab00000, 0x00000000ecc00000, 0x0000000100000000)
  eden space 25600K, 100% used [0x00000000eab00000,0x00000000ec400000,0x00000000ec400000)
  from space 4096K, 0% used [0x00000000ec800000,0x00000000ec800000,0x00000000ecc00000)
  to   space 4096K, 0% used [0x00000000ec400000,0x00000000ec400000,0x00000000ec800000)
 ParOldGen       total 68608K, used 0K [0x00000000c0000000, 0x00000000c4300000, 0x00000000eab00000)
  object space 68608K, 0% used [0x00000000c0000000,0x00000000c0000000,0x00000000c4300000)
 Metaspace       used 10928K, committed 11072K, reserved 1064960K
  class space    used 1087K, committed 1152K, reserved 1048576K
}
Event: 0.573 GC heap after
{Heap after GC invocations=1 (full 0):
 PSYoungGen      total 29696K, used 3688K [0x00000000eab00000, 0x00000000ecc00000, 0x0000000100000000)
  eden space 25600K, 0% used [0x00000000eab00000,0x00000000eab00000,0x00000000ec400000)
  from space 4096K, 90% used [0x00000000ec400000,0x00000000ec79a208,0x00000000ec800000)
  to   space 4096K, 0% used [0x00000000ec800000,0x00000000ec800000,0x00000000ecc00000)
 ParOldGen       total 68608K, used 16K [0x00000000c0000000, 0x00000000c4300000, 0x00000000eab00000)
  object space 68608K, 0% used [0x00000000c0000000,0x00000000c0004000,0x00000000c4300000)
 Metaspace       used 10928K, committed 11072K, reserved 1064960K
  class space    used 1087K, committed 1152K, reserved 1048576K
}
Event: 1.033 GC heap before
{Heap before GC invocations=2 (full 0):
 PSYoungGen      total 29696K, used 29288K [0x00000000eab00000, 0x00000000ecc00000, 0x0000000100000000)
  eden space 25600K, 100% used [0x00000000eab00000,0x00000000ec400000,0x00000000ec400000)
  from space 4096K, 90% used [0x00000000ec400000,0x00000000ec79a208,0x00000000ec800000)
  to   space 4096K, 0% used [0x00000000ec800000,0x00000000ec800000,0x00000000ecc00000)
 ParOldGen       total 68608K, used 16K [0x00000000c0000000, 0x00000000c4300000, 0x00000000eab00000)
  object space 68608K, 0% used [0x00000000c0000000,0x00000000c0004000,0x00000000c4300000)
 Metaspace       used 14732K, committed 15040K, reserved 1064960K
  class space    used 1494K, committed 1664K, reserved 1048576K
}
Event: 1.039 GC heap after
{Heap after GC invocations=2 (full 0):
 PSYoungGen      total 29696K, used 4077K [0x00000000eab00000, 0x00000000ecc00000, 0x0000000100000000)
  eden space 25600K, 0% used [0x00000000eab00000,0x00000000eab00000,0x00000000ec400000)
  from space 4096K, 99% used [0x00000000ec800000,0x00000000ecbfb708,0x00000000ecc00000)
  to   space 4096K, 0% used [0x00000000ec400000,0x00000000ec400000,0x00000000ec800000)
 ParOldGen       total 68608K, used 1969K [0x00000000c0000000, 0x00000000c4300000, 0x00000000eab00000)
  object space 68608K, 2% used [0x00000000c0000000,0x00000000c01ec718,0x00000000c4300000)
 Metaspace       used 14732K, committed 15040K, reserved 1064960K
  class space    used 1494K, committed 1664K, reserved 1048576K
}
Event: 1.396 GC heap before
{Heap before GC invocations=3 (full 0):
 PSYoungGen      total 29696K, used 29677K [0x00000000eab00000, 0x00000000ecc00000, 0x0000000100000000)
  eden space 25600K, 100% used [0x00000000eab00000,0x00000000ec400000,0x00000000ec400000)
  from space 4096K, 99% used [0x00000000ec800000,0x00000000ecbfb708,0x00000000ecc00000)
  to   space 4096K, 0% used [0x00000000ec400000,0x00000000ec400000,0x00000000ec800000)
 ParOldGen       total 68608K, used 1969K [0x00000000c0000000, 0x00000000c4300000, 0x00000000eab00000)
  object space 68608K, 2% used [0x00000000c0000000,0x00000000c01ec718,0x00000000c4300000)
 Metaspace       used 19763K, committed 20160K, reserved 1073152K
  class space    used 2006K, committed 2176K, reserved 1048576K
}
Event: 1.400 GC heap after
{Heap after GC invocations=3 (full 0):
 PSYoungGen      total 29696K, used 4069K [0x00000000eab00000, 0x00000000ecc00000, 0x0000000100000000)
  eden space 25600K, 0% used [0x00000000eab00000,0x00000000eab00000,0x00000000ec400000)
  from space 4096K, 99% used [0x00000000ec400000,0x00000000ec7f97e8,0x00000000ec800000)
  to   space 4096K, 0% used [0x00000000ec800000,0x00000000ec800000,0x00000000ecc00000)
 ParOldGen       total 68608K, used 3788K [0x00000000c0000000, 0x00000000c4300000, 0x00000000eab00000)
  object space 68608K, 5% used [0x00000000c0000000,0x00000000c03b3008,0x00000000c4300000)
 Metaspace       used 19763K, committed 20160K, reserved 1073152K
  class space    used 2006K, committed 2176K, reserved 1048576K
}
Event: 1.626 GC heap before
{Heap before GC invocations=4 (full 0):
 PSYoungGen      total 29696K, used 15216K [0x00000000eab00000, 0x00000000ecc00000, 0x0000000100000000)
  eden space 25600K, 43% used [0x00000000eab00000,0x00000000eb5e2838,0x00000000ec400000)
  from space 4096K, 99% used [0x00000000ec400000,0x00000000ec7f97e8,0x00000000ec800000)
  to   space 4096K, 0% used [0x00000000ec800000,0x00000000ec800000,0x00000000ecc00000)
 ParOldGen       total 68608K, used 3788K [0x00000000c0000000, 0x00000000c4300000, 0x00000000eab00000)
  object space 68608K, 5% used [0x00000000c0000000,0x00000000c03b3008,0x00000000c4300000)
 Metaspace       used 21036K, committed 21504K, reserved 1073152K
  class space    used 2142K, committed 2368K, reserved 1048576K
}
Event: 1.629 GC heap after
{Heap after GC invocations=4 (full 0):
 PSYoungGen      total 29696K, used 4085K [0x00000000eab00000, 0x00000000ecc00000, 0x0000000100000000)
  eden space 25600K, 0% used [0x00000000eab00000,0x00000000eab00000,0x00000000ec400000)
  from space 4096K, 99% used [0x00000000ec800000,0x00000000ecbfd7d8,0x00000000ecc00000)
  to   space 4096K, 0% used [0x00000000ec400000,0x00000000ec400000,0x00000000ec800000)
 ParOldGen       total 68608K, used 5362K [0x00000000c0000000, 0x00000000c4300000, 0x00000000eab00000)
  object space 68608K, 7% used [0x00000000c0000000,0x00000000c053c868,0x00000000c4300000)
 Metaspace       used 21036K, committed 21504K, reserved 1073152K
  class space    used 2142K, committed 2368K, reserved 1048576K
}
Event: 1.629 GC heap before
{Heap before GC invocations=5 (full 1):
 PSYoungGen      total 29696K, used 4085K [0x00000000eab00000, 0x00000000ecc00000, 0x0000000100000000)
  eden space 25600K, 0% used [0x00000000eab00000,0x00000000eab00000,0x00000000ec400000)
  from space 4096K, 99% used [0x00000000ec800000,0x00000000ecbfd7d8,0x00000000ecc00000)
  to   space 4096K, 0% used [0x00000000ec400000,0x00000000ec400000,0x00000000ec800000)
 ParOldGen       total 68608K, used 5362K [0x00000000c0000000, 0x00000000c4300000, 0x00000000eab00000)
  object space 68608K, 7% used [0x00000000c0000000,0x00000000c053c868,0x00000000c4300000)
 Metaspace       used 21036K, committed 21504K, reserved 1073152K
  class space    used 2142K, committed 2368K, reserved 1048576K
}
Event: 1.650 GC heap after
{Heap after GC invocations=5 (full 1):
 PSYoungGen      total 29696K, used 0K [0x00000000eab00000, 0x00000000ecc00000, 0x0000000100000000)
  eden space 25600K, 0% used [0x00000000eab00000,0x00000000eab00000,0x00000000ec400000)
  from space 4096K, 0% used [0x00000000ec800000,0x00000000ec800000,0x00000000ecc00000)
  to   space 4096K, 0% used [0x00000000ec400000,0x00000000ec400000,0x00000000ec800000)
 ParOldGen       total 68608K, used 9265K [0x00000000c0000000, 0x00000000c4300000, 0x00000000eab00000)
  object space 68608K, 13% used [0x00000000c0000000,0x00000000c090c668,0x00000000c4300000)
 Metaspace       used 21023K, committed 21504K, reserved 1073152K
  class space    used 2138K, committed 2368K, reserved 1048576K
}

Dll operation events (9 events):
Event: 0.006 Loaded shared library c:\Users\noeKen\.vscode\extensions\redhat.java-1.14.0-win32-x64\jre\17.0.5-win32-x86_64\bin\java.dll
Event: 0.109 Loaded shared library c:\Users\noeKen\.vscode\extensions\redhat.java-1.14.0-win32-x64\jre\17.0.5-win32-x86_64\bin\zip.dll
Event: 0.111 Loaded shared library C:\Users\noeKen\.vscode\extensions\redhat.java-1.14.0-win32-x64\jre\17.0.5-win32-x86_64\bin\instrument.dll
Event: 0.122 Loaded shared library C:\Users\noeKen\.vscode\extensions\redhat.java-1.14.0-win32-x64\jre\17.0.5-win32-x86_64\bin\net.dll
Event: 0.123 Loaded shared library C:\Users\noeKen\.vscode\extensions\redhat.java-1.14.0-win32-x64\jre\17.0.5-win32-x86_64\bin\nio.dll
Event: 0.128 Loaded shared library C:\Users\noeKen\.vscode\extensions\redhat.java-1.14.0-win32-x64\jre\17.0.5-win32-x86_64\bin\zip.dll
Event: 0.138 Loaded shared library C:\Users\noeKen\.vscode\extensions\redhat.java-1.14.0-win32-x64\jre\17.0.5-win32-x86_64\bin\jimage.dll
Event: 0.174 Loaded shared library c:\Users\noeKen\.vscode\extensions\redhat.java-1.14.0-win32-x64\jre\17.0.5-win32-x86_64\bin\verify.dll
Event: 0.931 Loaded shared library C:\Users\noeKen\AppData\Roaming\Code\User\globalStorage\redhat.java\1.14.0\config_win\org.eclipse.equinox.launcher\org.eclipse.equinox.launcher.win32.win32.x86_64_1.2.700.v20221108-1024\eclipse_11801.dll

Deoptimization events (20 events):
Event: 1.733 Thread 0x0000027ac2254530 Uncommon trap: trap_request=0xffffffc6 fr.pc=0x0000027ab3c7473c relative=0x0000000000000fdc
Event: 1.733 Thread 0x0000027ac2254530 Uncommon trap: reason=bimorphic_or_optimized_type_check action=maybe_recompile pc=0x0000027ab3c7473c method=java.io.FilterInputStream.read([BII)I @ 7 c2
Event: 1.733 Thread 0x0000027ac2254530 DEOPT PACKING pc=0x0000027ab3c7473c sp=0x000000cca66f1e00
Event: 1.733 Thread 0x0000027ac2254530 DEOPT UNPACKING pc=0x0000027aac1120a3 sp=0x000000cca66f1de8 mode 2
Event: 1.733 Thread 0x0000027ac2254530 Uncommon trap: trap_request=0xffffffc6 fr.pc=0x0000027ab3c7473c relative=0x0000000000000fdc
Event: 1.733 Thread 0x0000027ac2254530 Uncommon trap: reason=bimorphic_or_optimized_type_check action=maybe_recompile pc=0x0000027ab3c7473c method=java.io.FilterInputStream.read([BII)I @ 7 c2
Event: 1.733 Thread 0x0000027ac2254530 DEOPT PACKING pc=0x0000027ab3c7473c sp=0x000000cca66f1e00
Event: 1.733 Thread 0x0000027ac2254530 DEOPT UNPACKING pc=0x0000027aac1120a3 sp=0x000000cca66f1de8 mode 2
Event: 1.742 Thread 0x0000027ac2254530 DEOPT PACKING pc=0x0000027aacb0b856 sp=0x000000cca66f3f40
Event: 1.742 Thread 0x0000027ac2254530 DEOPT UNPACKING pc=0x0000027aac112843 sp=0x000000cca66f33c8 mode 0
Event: 1.778 Thread 0x0000027ac2254530 Uncommon trap: trap_request=0xffffff45 fr.pc=0x0000027ab3ca4eec relative=0x0000000000000e6c
Event: 1.778 Thread 0x0000027ac2254530 Uncommon trap: reason=unstable_if action=reinterpret pc=0x0000027ab3ca4eec method=java.util.Properties$LineReader.readLine()I @ 256 c2
Event: 1.778 Thread 0x0000027ac2254530 DEOPT PACKING pc=0x0000027ab3ca4eec sp=0x000000cca66f2eb0
Event: 1.778 Thread 0x0000027ac2254530 DEOPT UNPACKING pc=0x0000027aac1120a3 sp=0x000000cca66f2e48 mode 2
Event: 1.793 Thread 0x0000027ac2254530 DEOPT PACKING pc=0x0000027aac983308 sp=0x000000cca66f3b00
Event: 1.793 Thread 0x0000027ac2254530 DEOPT UNPACKING pc=0x0000027aac112843 sp=0x000000cca66f3008 mode 0
Event: 1.805 Thread 0x0000027ac2254530 DEOPT PACKING pc=0x0000027aacb0b856 sp=0x000000cca66f2ba0
Event: 1.805 Thread 0x0000027ac2254530 DEOPT UNPACKING pc=0x0000027aac112843 sp=0x000000cca66f2028 mode 0
Event: 1.871 Thread 0x0000027ac121e9f0 DEOPT PACKING pc=0x0000027aac983308 sp=0x000000cca6efe5e0
Event: 1.872 Thread 0x0000027ac121e9f0 DEOPT UNPACKING pc=0x0000027aac112843 sp=0x000000cca6efdae8 mode 0

Classes unloaded (7 events):
Event: 1.632 Thread 0x0000027aa7d2eb30 Unloading class 0x0000000100216400 'java/lang/invoke/LambdaForm$MH+0x0000000100216400'
Event: 1.632 Thread 0x0000027aa7d2eb30 Unloading class 0x0000000100216000 'java/lang/invoke/LambdaForm$MH+0x0000000100216000'
Event: 1.632 Thread 0x0000027aa7d2eb30 Unloading class 0x0000000100215c00 'java/lang/invoke/LambdaForm$MH+0x0000000100215c00'
Event: 1.632 Thread 0x0000027aa7d2eb30 Unloading class 0x0000000100215400 'java/lang/invoke/LambdaForm$MH+0x0000000100215400'
Event: 1.632 Thread 0x0000027aa7d2eb30 Unloading class 0x0000000100215000 'java/lang/invoke/LambdaForm$BMH+0x0000000100215000'
Event: 1.632 Thread 0x0000027aa7d2eb30 Unloading class 0x0000000100214c00 'java/lang/invoke/LambdaForm$DMH+0x0000000100214c00'
Event: 1.632 Thread 0x0000027aa7d2eb30 Unloading class 0x0000000100212000 'java/lang/invoke/LambdaForm$DMH+0x0000000100212000'

Classes redefined (0 events):
No events

Internal exceptions (20 events):
Event: 1.338 Thread 0x0000027ac2254530 Exception <a 'java/lang/NoSuchMethodError'{0x00000000ec07ab00}: 'int java.lang.invoke.DirectMethodHandle$Holder.invokeStatic(java.lang.Object, java.lang.Object, int)'> (0x00000000ec07ab00) 
thrown [s\src\hotspot\share\interpreter\linkResolver.cpp, line 759]
Event: 1.338 Thread 0x0000027ac2254530 Exception <a 'java/lang/NoSuchMethodError'{0x00000000ec07eb28}: 'int java.lang.invoke.DirectMethodHandle$Holder.invokeSpecial(java.lang.Object, java.lang.Object, java.lang.Object, int)'> (0x00000000ec07eb28) 
thrown [s\src\hotspot\share\interpreter\linkResolver.cpp, line 759]
Event: 1.340 Thread 0x0000027ac2254530 Exception <a 'java/lang/NoSuchMethodError'{0x00000000ec09a808}: 'java.lang.Object java.lang.invoke.DirectMethodHandle$Holder.invokeStatic(java.lang.Object, java.lang.Object, java.lang.Object, java.lang.Object, int)'> (0x00000000ec09a808) 
thrown [s\src\hotspot\share\interpreter\linkResolver.cpp, line 759]
Event: 1.341 Thread 0x0000027ac2254530 Exception <a 'java/lang/NoSuchMethodError'{0x00000000ec0a6800}: 'java.lang.Object java.lang.invoke.DelegatingMethodHandle$Holder.reinvoke_L(java.lang.Object, java.lang.Object, java.lang.Object, java.lang.Object, int, int)'> (0x00000000ec0a6800) 
thrown [s\src\hotspot\share\interpreter\linkResolver.cpp, line 759]
Event: 1.342 Thread 0x0000027ac2254530 Exception <a 'java/lang/NoSuchMethodError'{0x00000000ec0bf280}: 'java.lang.Object java.lang.invoke.Invokers$Holder.invokeExact_MT(java.lang.Object, java.lang.Object, java.lang.Object, java.lang.Object)'> (0x00000000ec0bf280) 
thrown [s\src\hotspot\share\interpreter\linkResolver.cpp, line 759]
Event: 1.599 Thread 0x0000027ac2254530 Exception <a 'java/lang/NoSuchMethodError'{0x00000000eb4052f0}: 'java.lang.Object java.lang.invoke.DirectMethodHandle$Holder.invokeSpecial(java.lang.Object, java.lang.Object, java.lang.Object, long, java.lang.Object)'> (0x00000000eb4052f0) 
thrown [s\src\hotspot\share\interpreter\linkResolver.cpp, line 759]
Event: 1.599 Thread 0x0000027ac2254530 Exception <a 'java/lang/NoSuchMethodError'{0x00000000eb40d4a8}: 'java.lang.Object java.lang.invoke.DirectMethodHandle$Holder.newInvokeSpecial(java.lang.Object, java.lang.Object, java.lang.Object, long)'> (0x00000000eb40d4a8) 
thrown [s\src\hotspot\share\interpreter\linkResolver.cpp, line 759]
Event: 1.600 Thread 0x0000027ac2254530 Exception <a 'java/lang/NoSuchMethodError'{0x00000000eb411a48}: 'java.lang.Object java.lang.invoke.DirectMethodHandle$Holder.invokeSpecial(java.lang.Object, java.lang.Object, java.lang.Object, java.lang.Object, long)'> (0x00000000eb411a48) 
thrown [s\src\hotspot\share\interpreter\linkResolver.cpp, line 759]
Event: 1.606 Thread 0x0000027ac2254530 Exception <a 'java/lang/NoSuchMethodError'{0x00000000eb484328}: 'int java.lang.invoke.DirectMethodHandle$Holder.invokeStaticInit(java.lang.Object, java.lang.Object, java.lang.Object)'> (0x00000000eb484328) 
thrown [s\src\hotspot\share\interpreter\linkResolver.cpp, line 759]
Event: 1.610 Thread 0x0000027ac2254530 Exception <a 'java/lang/IncompatibleClassChangeError'{0x00000000eb4eb2c0}: Found class java.lang.Object, but interface was expected> (0x00000000eb4eb2c0) 
thrown [s\src\hotspot\share\interpreter\linkResolver.cpp, line 826]
Event: 1.618 Thread 0x0000027ac2254530 Exception <a 'java/lang/NoSuchMethodError'{0x00000000eb50cef8}: 'java.lang.Object java.lang.invoke.DirectMethodHandle$Holder.invokeSpecial(java.lang.Object, java.lang.Object, java.lang.Object, int, java.lang.Object, java.lang.Object)'> (0x00000000eb50cef8) 
thrown [s\src\hotspot\share\interpreter\linkResolver.cpp, line 759]
Event: 1.619 Thread 0x0000027ac2254530 Exception <a 'java/lang/NoSuchMethodError'{0x00000000eb515700}: 'java.lang.Object java.lang.invoke.DirectMethodHandle$Holder.newInvokeSpecial(java.lang.Object, java.lang.Object, java.lang.Object, int, java.lang.Object)'> (0x00000000eb515700) 
thrown [s\src\hotspot\share\interpreter\linkResolver.cpp, line 759]
Event: 1.619 Thread 0x0000027ac2254530 Exception <a 'java/lang/NoSuchMethodError'{0x00000000eb519b58}: 'java.lang.Object java.lang.invoke.DirectMethodHandle$Holder.invokeSpecial(java.lang.Object, java.lang.Object, java.lang.Object, java.lang.Object, int, java.lang.Object)'> (0x00000000eb519b58) 
thrown [s\src\hotspot\share\interpreter\linkResolver.cpp, line 759]
Event: 1.620 Thread 0x0000027ac121e520 Exception <a 'java/lang/NoSuchMethodError'{0x00000000eb43d6c8}: 'java.lang.Object java.lang.invoke.DirectMethodHandle$Holder.invokeSpecial(java.lang.Object, java.lang.Object, int, java.lang.Object, java.lang.Object)'> (0x00000000eb43d6c8) 
thrown [s\src\hotspot\share\interpreter\linkResolver.cpp, line 759]
Event: 1.620 Thread 0x0000027ac121e520 Exception <a 'java/lang/NoSuchMethodError'{0x00000000eb444d98}: 'java.lang.Object java.lang.invoke.DirectMethodHandle$Holder.newInvokeSpecial(java.lang.Object, java.lang.Object, int, java.lang.Object)'> (0x00000000eb444d98) 
thrown [s\src\hotspot\share\interpreter\linkResolver.cpp, line 759]
Event: 1.621 Thread 0x0000027ac121e520 Exception <a 'java/lang/NoSuchMethodError'{0x00000000eb4488a8}: 'java.lang.Object java.lang.invoke.DirectMethodHandle$Holder.invokeSpecial(java.lang.Object, java.lang.Object, java.lang.Object, int, java.lang.Object)'> (0x00000000eb4488a8) 
thrown [s\src\hotspot\share\interpreter\linkResolver.cpp, line 759]
Event: 1.738 Thread 0x0000027ac2254530 Exception <a 'java/io/FileNotFoundException'{0x00000000eb492e18}> (0x00000000eb492e18) 
thrown [s\src\hotspot\share\prims\jni.cpp, line 516]
Event: 1.796 Thread 0x0000027ac2254530 Exception <a 'java/lang/NoSuchMethodError'{0x00000000ebae3238}: 'void java.lang.invoke.DirectMethodHandle$Holder.invokeSpecial(java.lang.Object, java.lang.Object, java.lang.Object, int)'> (0x00000000ebae3238) 
thrown [s\src\hotspot\share\interpreter\linkResolver.cpp, line 759]
Event: 1.827 Thread 0x0000027ac121e9f0 Exception <a 'java/lang/NoSuchMethodError'{0x00000000ebd1a2e0}: 'int java.lang.invoke.DirectMethodHandle$Holder.invokeVirtual(java.lang.Object, java.lang.Object)'> (0x00000000ebd1a2e0) 
thrown [s\src\hotspot\share\interpreter\linkResolver.cpp, line 759]
Event: 1.827 Thread 0x0000027ac121e520 Exception <a 'java/io/FileNotFoundException'{0x00000000ebe17860}> (0x00000000ebe17860) 
thrown [s\src\hotspot\share\prims\jni.cpp, line 516]

VM Operations (20 events):
Event: 0.792 Executing VM operation: HandshakeAllThreads
Event: 0.792 Executing VM operation: HandshakeAllThreads done
Event: 1.003 Executing VM operation: HandshakeAllThreads
Event: 1.003 Executing VM operation: HandshakeAllThreads done
Event: 1.033 Executing VM operation: ParallelGCFailedAllocation
Event: 1.039 Executing VM operation: ParallelGCFailedAllocation done
Event: 1.244 Executing VM operation: HandshakeAllThreads
Event: 1.244 Executing VM operation: HandshakeAllThreads done
Event: 1.254 Executing VM operation: HandshakeAllThreads
Event: 1.254 Executing VM operation: HandshakeAllThreads done
Event: 1.258 Executing VM operation: HandshakeAllThreads
Event: 1.258 Executing VM operation: HandshakeAllThreads done
Event: 1.335 Executing VM operation: HandshakeAllThreads
Event: 1.335 Executing VM operation: HandshakeAllThreads done
Event: 1.396 Executing VM operation: ParallelGCFailedAllocation
Event: 1.400 Executing VM operation: ParallelGCFailedAllocation done
Event: 1.626 Executing VM operation: CollectForMetadataAllocation
Event: 1.650 Executing VM operation: CollectForMetadataAllocation done
Event: 1.652 Executing VM operation: HandshakeAllThreads
Event: 1.652 Executing VM operation: HandshakeAllThreads done

Events (20 events):
Event: 1.846 loading class java/util/regex/PatternSyntaxException
Event: 1.846 loading class java/util/regex/PatternSyntaxException done
Event: 1.851 loading class java/util/zip/GZIPOutputStream
Event: 1.851 loading class java/util/zip/DeflaterOutputStream
Event: 1.851 loading class java/util/zip/DeflaterOutputStream done
Event: 1.851 loading class java/util/zip/GZIPOutputStream done
Event: 1.861 loading class java/io/StringReader
Event: 1.861 loading class java/io/StringReader done
Event: 1.863 loading class java/util/zip/GZIPInputStream
Event: 1.863 loading class java/util/zip/GZIPInputStream done
Event: 1.866 loading class java/net/SocketTimeoutException
Event: 1.866 loading class java/io/InterruptedIOException
Event: 1.866 loading class java/io/InterruptedIOException done
Event: 1.866 loading class java/net/SocketTimeoutException done
Event: 1.866 loading class java/net/SocketException
Event: 1.866 loading class java/net/SocketException done
Event: 1.866 loading class java/net/UnknownHostException
Event: 1.866 loading class java/net/UnknownHostException done
Event: 1.866 loading class java/net/ProtocolException
Event: 1.866 loading class java/net/ProtocolException done


Dynamic libraries:
0x00007ff68ac90000 - 0x00007ff68ac9e000 	c:\Users\noeKen\.vscode\extensions\redhat.java-1.14.0-win32-x64\jre\17.0.5-win32-x86_64\bin\java.exe
0x00007ff9a2e90000 - 0x00007ff9a30a4000 	C:\WINDOWS\SYSTEM32\ntdll.dll
0x00007ff9a1ce0000 - 0x00007ff9a1da3000 	C:\WINDOWS\System32\KERNEL32.DLL
0x00007ff9a0610000 - 0x00007ff9a09ad000 	C:\WINDOWS\System32\KERNELBASE.dll
0x00007ff9a04f0000 - 0x00007ff9a0601000 	C:\WINDOWS\System32\ucrtbase.dll
0x00007ff970880000 - 0x00007ff970897000 	c:\Users\noeKen\.vscode\extensions\redhat.java-1.14.0-win32-x64\jre\17.0.5-win32-x86_64\bin\jli.dll
0x00007ff96de50000 - 0x00007ff96de69000 	c:\Users\noeKen\.vscode\extensions\redhat.java-1.14.0-win32-x64\jre\17.0.5-win32-x86_64\bin\VCRUNTIME140.dll
0x00007ff9a12f0000 - 0x00007ff9a149d000 	C:\WINDOWS\System32\USER32.dll
0x00007ff9a02b0000 - 0x00007ff9a02d6000 	C:\WINDOWS\System32\win32u.dll
0x00007ff9933c0000 - 0x00007ff99364e000 	C:\WINDOWS\WinSxS\amd64_microsoft.windows.common-controls_6595b64144ccf1df_6.0.22621.608_none_a9444ca7c10bb01d\COMCTL32.dll
0x00007ff9a1e60000 - 0x00007ff9a1e89000 	C:\WINDOWS\System32\GDI32.dll
0x00007ff9a1db0000 - 0x00007ff9a1e57000 	C:\WINDOWS\System32\msvcrt.dll
0x00007ff9a0360000 - 0x00007ff9a0472000 	C:\WINDOWS\System32\gdi32full.dll
0x00007ff9a0b20000 - 0x00007ff9a0bba000 	C:\WINDOWS\System32\msvcp_win.dll
0x00007ff9a1520000 - 0x00007ff9a1552000 	C:\WINDOWS\System32\IMM32.DLL
0x00007ff977e70000 - 0x00007ff977e7c000 	c:\Users\noeKen\.vscode\extensions\redhat.java-1.14.0-win32-x64\jre\17.0.5-win32-x86_64\bin\vcruntime140_1.dll
0x00007ff94e3c0000 - 0x00007ff94e451000 	c:\Users\noeKen\.vscode\extensions\redhat.java-1.14.0-win32-x64\jre\17.0.5-win32-x86_64\bin\msvcp140.dll
0x00007ff8faeb0000 - 0x00007ff8fbaf4000 	c:\Users\noeKen\.vscode\extensions\redhat.java-1.14.0-win32-x64\jre\17.0.5-win32-x86_64\bin\server\jvm.dll
0x00007ff9a2da0000 - 0x00007ff9a2e4e000 	C:\WINDOWS\System32\ADVAPI32.dll
0x00007ff9a2cf0000 - 0x00007ff9a2d94000 	C:\WINDOWS\System32\sechost.dll
0x00007ff9a1ee0000 - 0x00007ff9a1ff5000 	C:\WINDOWS\System32\RPCRT4.dll
0x00007ff99a4e0000 - 0x00007ff99a4ea000 	C:\WINDOWS\SYSTEM32\VERSION.dll
0x00007ff98b720000 - 0x00007ff98b729000 	C:\WINDOWS\SYSTEM32\WSOCK32.dll
0x00007ff9996d0000 - 0x00007ff999704000 	C:\WINDOWS\SYSTEM32\WINMM.dll
0x00007ff9a1700000 - 0x00007ff9a1771000 	C:\WINDOWS\System32\WS2_32.dll
0x00007ff99f300000 - 0x00007ff99f318000 	C:\WINDOWS\SYSTEM32\kernel.appcore.dll
0x00007ff977fb0000 - 0x00007ff977fba000 	c:\Users\noeKen\.vscode\extensions\redhat.java-1.14.0-win32-x64\jre\17.0.5-win32-x86_64\bin\jimage.dll
0x00007ff989f10000 - 0x00007ff98a13e000 	C:\WINDOWS\SYSTEM32\DBGHELP.DLL
0x00007ff9a1950000 - 0x00007ff9a1cda000 	C:\WINDOWS\System32\combase.dll
0x00007ff9a1560000 - 0x00007ff9a1637000 	C:\WINDOWS\System32\OLEAUT32.dll
0x00007ff989ed0000 - 0x00007ff989f02000 	C:\WINDOWS\SYSTEM32\dbgcore.DLL
0x00007ff9a02e0000 - 0x00007ff9a035b000 	C:\WINDOWS\System32\bcryptPrimitives.dll
0x00007ff977fa0000 - 0x00007ff977fae000 	c:\Users\noeKen\.vscode\extensions\redhat.java-1.14.0-win32-x64\jre\17.0.5-win32-x86_64\bin\instrument.dll
0x00007ff977f70000 - 0x00007ff977f95000 	c:\Users\noeKen\.vscode\extensions\redhat.java-1.14.0-win32-x64\jre\17.0.5-win32-x86_64\bin\java.dll
0x00007ff977a20000 - 0x00007ff977a38000 	c:\Users\noeKen\.vscode\extensions\redhat.java-1.14.0-win32-x64\jre\17.0.5-win32-x86_64\bin\zip.dll
0x00007ff9a2500000 - 0x00007ff9a2cef000 	C:\WINDOWS\System32\SHELL32.dll
0x00007ff99e2d0000 - 0x00007ff99eb98000 	C:\WINDOWS\SYSTEM32\windows.storage.dll
0x00007ff99e190000 - 0x00007ff99e2ce000 	C:\WINDOWS\SYSTEM32\wintypes.dll
0x00007ff9a2120000 - 0x00007ff9a2211000 	C:\WINDOWS\System32\SHCORE.dll
0x00007ff9a1780000 - 0x00007ff9a17de000 	C:\WINDOWS\System32\shlwapi.dll
0x00007ff9a01e0000 - 0x00007ff9a0201000 	C:\WINDOWS\SYSTEM32\profapi.dll
0x00007ff9772d0000 - 0x00007ff9772e9000 	C:\Users\noeKen\.vscode\extensions\redhat.java-1.14.0-win32-x64\jre\17.0.5-win32-x86_64\bin\net.dll
0x00007ff999c70000 - 0x00007ff999d9f000 	C:\WINDOWS\SYSTEM32\WINHTTP.dll
0x00007ff99f770000 - 0x00007ff99f7d9000 	C:\WINDOWS\system32\mswsock.dll
0x00007ff976ee0000 - 0x00007ff976ef5000 	C:\Users\noeKen\.vscode\extensions\redhat.java-1.14.0-win32-x64\jre\17.0.5-win32-x86_64\bin\nio.dll
0x00007ff977c30000 - 0x00007ff977c40000 	c:\Users\noeKen\.vscode\extensions\redhat.java-1.14.0-win32-x64\jre\17.0.5-win32-x86_64\bin\verify.dll
0x00007ff976e10000 - 0x00007ff976e4e000 	C:\Users\noeKen\AppData\Roaming\Code\User\globalStorage\redhat.java\1.14.0\config_win\org.eclipse.equinox.launcher\org.eclipse.equinox.launcher.win32.win32.x86_64_1.2.700.v20221108-1024\eclipse_11801.dll
0x00007ff9a22b0000 - 0x00007ff9a244c000 	C:\WINDOWS\System32\ole32.dll

dbghelp: loaded successfully - version: 4.0.5 - missing functions: none
symbol engine: initialized successfully - sym options: 0x614 - pdb path: .;c:\Users\noeKen\.vscode\extensions\redhat.java-1.14.0-win32-x64\jre\17.0.5-win32-x86_64\bin;C:\WINDOWS\SYSTEM32;C:\WINDOWS\WinSxS\amd64_microsoft.windows.common-controls_6595b64144ccf1df_6.0.22621.608_none_a9444ca7c10bb01d;c:\Users\noeKen\.vscode\extensions\redhat.java-1.14.0-win32-x64\jre\17.0.5-win32-x86_64\bin\server;C:\Users\noeKen\AppData\Roaming\Code\User\globalStorage\redhat.java\1.14.0\config_win\org.eclipse.equinox.launcher\org.eclipse.equinox.launcher.win32.win32.x86_64_1.2.700.v20221108-1024

VM Arguments:
jvm_args: --add-modules=ALL-SYSTEM --add-opens=java.base/java.util=ALL-UNNAMED --add-opens=java.base/java.lang=ALL-UNNAMED --add-opens=java.base/sun.nio.fs=ALL-UNNAMED -Declipse.application=org.eclipse.jdt.ls.core.id1 -Dosgi.bundles.defaultStartLevel=4 -Declipse.product=org.eclipse.jdt.ls.core.product -Djava.import.generatesMetadataFilesAtProjectRoot=false -Dfile.encoding=utf8 -XX:+UseParallelGC -XX:GCTimeRatio=4 -XX:AdaptiveSizePolicyWeight=90 -Dsun.zip.disableMemoryMapping=true -Xmx1G -Xms100m -Xlog:disable -javaagent:c:\Users\noeKen\.vscode\extensions\redhat.java-1.14.0-win32-x64\lombok\lombok-1.18.24.jar -XX:+HeapDumpOnOutOfMemoryError -XX:HeapDumpPath=c:\Users\noeKen\AppData\Roaming\Code\User\workspaceStorage\4cd10fdc8f3a647e16675a9a8f49932b\redhat.java 
java_command: c:\Users\noeKen\.vscode\extensions\redhat.java-1.14.0-win32-x64\server\plugins\org.eclipse.equinox.launcher_1.6.400.v20210924-0641.jar -configuration c:\Users\noeKen\AppData\Roaming\Code\User\globalStorage\redhat.java\1.14.0\config_win -data c:\Users\noeKen\AppData\Roaming\Code\User\workspaceStorage\4cd10fdc8f3a647e16675a9a8f49932b\redhat.java\jdt_ws
java_class_path (initial): c:\Users\noeKen\.vscode\extensions\redhat.java-1.14.0-win32-x64\server\plugins\org.eclipse.equinox.launcher_1.6.400.v20210924-0641.jar
Launcher Type: SUN_STANDARD

[Global flags]
    uintx AdaptiveSizePolicyWeight                 = 90                                        {product} {command line}
     intx CICompilerCount                          = 4                                         {product} {ergonomic}
    uintx GCTimeRatio                              = 4                                         {product} {command line}
     bool HeapDumpOnOutOfMemoryError               = true                                   {manageable} {command line}
    ccstr HeapDumpPath                             = c:\Users\noeKen\AppData\Roaming\Code\User\workspaceStorage\4cd10fdc8f3a647e16675a9a8f49932b\redhat.java         {manageable} {command line}
   size_t InitialHeapSize                          = 104857600                                 {product} {command line}
   size_t MaxHeapSize                              = 1073741824                                {product} {command line}
   size_t MaxNewSize                               = 357564416                                 {product} {ergonomic}
   size_t MinHeapDeltaBytes                        = 524288                                    {product} {ergonomic}
   size_t MinHeapSize                              = 104857600                                 {product} {command line}
   size_t NewSize                                  = 34603008                                  {product} {ergonomic}
    uintx NonNMethodCodeHeapSize                   = 5839372                                {pd product} {ergonomic}
    uintx NonProfiledCodeHeapSize                  = 122909434                              {pd product} {ergonomic}
   size_t OldSize                                  = 70254592                                  {product} {ergonomic}
    uintx ProfiledCodeHeapSize                     = 122909434                              {pd product} {ergonomic}
    uintx ReservedCodeCacheSize                    = 251658240                              {pd product} {ergonomic}
     bool SegmentedCodeCache                       = true                                      {product} {ergonomic}
   size_t SoftMaxHeapSize                          = 1073741824                             {manageable} {ergonomic}
     bool UseCompressedClassPointers               = true                           {product lp64_product} {ergonomic}
     bool UseCompressedOops                        = true                           {product lp64_product} {ergonomic}
     bool UseLargePagesIndividualAllocation        = false                                  {pd product} {ergonomic}
     bool UseParallelGC                            = true                                      {product} {command line}

Logging:
Log output configuration:
 #0: stdout all=off uptime,level,tags
 #1: stderr all=off uptime,level,tags

Environment Variables:
JAVA_HOME=C:\Program Files\OpenJDK\openjdk-11.0.16_8
PATH=C:\Program Files\Eclipse Adoptium\jdk-17.0.5.8-hotspot\bin;C:\Program Files (x86)\Intel\Intel(R) Management Engine Components\iCLS\;C:\Program Files\Intel\Intel(R) Management Engine Components\iCLS\;C:\Windows\system32;C:\Windows;C:\Windows\System32\Wbem;C:\Windows\System32\WindowsPowerShell\v1.0\;C:\Program Files (x86)\Intel\Intel(R) Management Engine Components\DAL;C:\Program Files\Intel\Intel(R) Management Engine Components\DAL;C:\Program Files (x86)\Intel\Intel(R) Management Engine Components\IPT;C:\Program Files\Intel\Intel(R) Management Engine Components\IPT;C:\Program Files (x86)\NVIDIA Corporation\PhysX\Common;C:\Program Files\Intel\WiFi\bin\;C:\Program Files\Common Files\Intel\WirelessCommon\;C:\WINDOWS\system32;C:\WINDOWS;C:\WINDOWS\System32\Wbem;C:\WINDOWS\System32\WindowsPowerShell\v1.0\;C:\WINDOWS\System32\OpenSSH\;C:\Users\noeKen\AppData\Roaming\nvm;C:\Program Files\nodejs;C:\ProgramData\chocolatey\bin;C:\Program Files\OpenJDK\openjdk-11.0.16_8;C:\Program Files\Git\cmd;F:\Sdk\Sdk\platform-tools;C:\Users\noeKen\AppData\Local\Microsoft\WindowsApps;C:\Users\noeKen\AppData\Roaming\nvm;C:\Program Files\nodejs;C:\Users\noeKen\AppData\Local\Programs\Microsoft VS Code\bin
USERNAME=noeKen
OS=Windows_NT
PROCESSOR_IDENTIFIER=Intel64 Family 6 Model 158 Stepping 10, GenuineIntel
TMP=C:\Users\noeKen\AppData\Local\Temp
TEMP=C:\Users\noeKen\AppData\Local\Temp



---------------  S Y S T E M  ---------------

OS:
 Windows 11 , 64 bit Build 22621 (10.0.22621.1105)
OS uptime: 2 days 3:46 hours

CPU: total 12 (initial active 12) (6 cores per cpu, 2 threads per core) family 6 model 158 stepping 10 microcode 0xde, cx8, cmov, fxsr, ht, mmx, 3dnowpref, sse, sse2, sse3, ssse3, sse4.1, sse4.2, popcnt, lzcnt, tsc, tscinvbit, avx, avx2, aes, erms, clmul, bmi1, bmi2, adx, fma, vzeroupper, clflush, clflushopt

Memory: 4k page, system-wide physical 16226M (797M free)
TotalPageFile size 31257M (AvailPageFile size 236M)
current process WorkingSet (physical memory assigned to process): 124M, peak: 125M
current process commit charge ("private bytes"): 235M, peak: 237M

vm_info: OpenJDK 64-Bit Server VM (17.0.5+8) for windows-amd64 JRE (17.0.5+8), built on Oct 19 2022 04:48:13 by "temurin" with MS VC++ 16.7 (VS2019)

END.
