#
# There is insufficient memory for the Java Runtime Environment to continue.
# Native memory allocation (malloc) failed to allocate 2027536 bytes for Chunk::new
# Possible reasons:
#   The system is out of physical RAM or swap space
#   The process is running with CompressedOops enabled, and the Java Heap may be blocking the growth of the native heap
# Possible solutions:
#   Reduce memory load on the system
#   Increase physical memory or swap space
#   Check if swap backing store is full
#   Decrease Java heap size (-Xmx/-Xms)
#   Decrease number of Java threads
#   Decrease Java thread stack sizes (-Xss)
#   Set larger code cache with -XX:ReservedCodeCacheSize=
#   JVM is running with Unscaled Compressed Oops mode in which the Java heap is
#     placed in the first 4GB address space. The Java Heap base address is the
#     maximum limit for the native heap growth. Please use -XX:HeapBaseMinAddress
#     to set the Java Heap base and to place the Java Heap above 4GB virtual address.
# This output file may be truncated or incomplete.
#
#  Out of Memory Error (arena.cpp:189), pid=29564, tid=28620
#
# JRE version: OpenJDK Runtime Environment Temurin-17.0.5+8 (17.0.5+8) (build 17.0.5+8)
# Java VM: OpenJDK 64-Bit Server VM Temurin-17.0.5+8 (17.0.5+8, mixed mode, tiered, compressed oops, compressed class ptrs, parallel gc, windows-amd64)
# No core dump will be written. Minidumps are not enabled by default on client versions of Windows
#

---------------  S U M M A R Y ------------

Command Line: --add-modules=ALL-SYSTEM --add-opens=java.base/java.util=ALL-UNNAMED --add-opens=java.base/java.lang=ALL-UNNAMED --add-opens=java.base/sun.nio.fs=ALL-UNNAMED -Declipse.application=org.eclipse.jdt.ls.core.id1 -Dosgi.bundles.defaultStartLevel=4 -Declipse.product=org.eclipse.jdt.ls.core.product -Djava.import.generatesMetadataFilesAtProjectRoot=false -Dfile.encoding=utf8 -XX:+UseParallelGC -XX:GCTimeRatio=4 -XX:AdaptiveSizePolicyWeight=90 -Dsun.zip.disableMemoryMapping=true -Xmx1G -Xms100m -Xlog:disable -javaagent:c:\Users\noeKen\.vscode\extensions\redhat.java-1.14.0-win32-x64\lombok\lombok-1.18.24.jar -XX:+HeapDumpOnOutOfMemoryError -XX:HeapDumpPath=c:\Users\noeKen\AppData\Roaming\Code\User\workspaceStorage\4cd10fdc8f3a647e16675a9a8f49932b\redhat.java c:\Users\noeKen\.vscode\extensions\redhat.java-1.14.0-win32-x64\server\plugins\org.eclipse.equinox.launcher_1.6.400.v20210924-0641.jar -configuration c:\Users\noeKen\AppData\Roaming\Code\User\globalStorage\redhat.java\1.14.0\config_win -data c:\Users\noeKen\AppData\Roaming\Code\User\workspaceStorage\4cd10fdc8f3a647e16675a9a8f49932b\redhat.java\jdt_ws

Host: Intel(R) Core(TM) i7-8750H CPU @ 2.20GHz, 12 cores, 15G,  Windows 11 , 64 bit Build 22621 (10.0.22621.1105)
Time: Wed Feb 15 13:38:58 2023 Afr. centrale Ouest elapsed time: 79.925435 seconds (0d 0h 1m 19s)

---------------  T H R E A D  ---------------

Current thread (0x00000197b0df8740):  JavaThread "C2 CompilerThread1" daemon [_thread_in_native, id=28620, stack(0x0000001c0b500000,0x0000001c0b600000)]


Current CompileTask:
C2:  79925 10069       4       org.eclipse.jdt.internal.core.JavaProject$ModuleLookup::addTransitive (71 bytes)

Stack: [0x0000001c0b500000,0x0000001c0b600000]
Native frames: (J=compiled Java code, j=interpreted, Vv=VM code, C=native code)
V  [jvm.dll+0x676b3a]
V  [jvm.dll+0x831444]
V  [jvm.dll+0x832bee]
V  [jvm.dll+0x833253]
V  [jvm.dll+0x244ce5]
V  [jvm.dll+0xabbac]
V  [jvm.dll+0xac17c]
V  [jvm.dll+0x362d57]
V  [jvm.dll+0x32d591]
V  [jvm.dll+0x32ca3a]
V  [jvm.dll+0x217b51]
V  [jvm.dll+0x216f71]
V  [jvm.dll+0x1a343d]
V  [jvm.dll+0x22698a]
V  [jvm.dll+0x224ac5]
V  [jvm.dll+0x7e727b]
V  [jvm.dll+0x7e17ea]
V  [jvm.dll+0x6759e5]
C  [ucrtbase.dll+0x29363]
C  [KERNEL32.DLL+0x126bd]
C  [ntdll.dll+0x5dfb8]


---------------  P R O C E S S  ---------------

Threads class SMR info:
_java_thread_list=0x00000197af390710, length=33, elements={
0x00000197965d1440, 0x00000197aa448d80, 0x00000197aa44dc00, 0x000001979668ac30,
0x000001979668d500, 0x000001979668ddc0, 0x00000197abf7c2b0, 0x00000197abf7cea0,
0x00000197abfdedf0, 0x00000197abfe1ab0, 0x00000197ac0ab490, 0x00000197ac2a35a0,
0x00000197adb643b0, 0x00000197aea936b0, 0x00000197aea95b90, 0x00000197adcbdb70,
0x00000197aecd3720, 0x00000197af274420, 0x00000197af275290, 0x00000197af2748f0,
0x00000197af2765d0, 0x00000197af274dc0, 0x00000197af275760, 0x00000197af275c30,
0x00000197af276aa0, 0x00000197b24c54c0, 0x00000197b24c89b0, 0x00000197b24c37e0,
0x00000197b24c8010, 0x00000197b0df8740, 0x00000197b0df4f90, 0x00000197b24c7670,
0x00000197b24c8e80
}

Java Threads: ( => current thread )
  0x00000197965d1440 JavaThread "main" [_thread_blocked, id=20420, stack(0x0000001c0b700000,0x0000001c0b800000)]
  0x00000197aa448d80 JavaThread "Reference Handler" daemon [_thread_blocked, id=340, stack(0x0000001c0ba00000,0x0000001c0bb00000)]
  0x00000197aa44dc00 JavaThread "Finalizer" daemon [_thread_blocked, id=19296, stack(0x0000001c0bb00000,0x0000001c0bc00000)]
  0x000001979668ac30 JavaThread "Signal Dispatcher" daemon [_thread_blocked, id=23816, stack(0x0000001c0bc00000,0x0000001c0bd00000)]
  0x000001979668d500 JavaThread "Attach Listener" daemon [_thread_blocked, id=26424, stack(0x0000001c0bd00000,0x0000001c0be00000)]
  0x000001979668ddc0 JavaThread "Service Thread" daemon [_thread_blocked, id=23524, stack(0x0000001c0be00000,0x0000001c0bf00000)]
  0x00000197abf7c2b0 JavaThread "Monitor Deflation Thread" daemon [_thread_blocked, id=33308, stack(0x0000001c0bf00000,0x0000001c0c000000)]
  0x00000197abf7cea0 JavaThread "C2 CompilerThread0" daemon [_thread_blocked, id=22796, stack(0x0000001c0c000000,0x0000001c0c100000)]
  0x00000197abfdedf0 JavaThread "C1 CompilerThread0" daemon [_thread_blocked, id=13512, stack(0x0000001c0c100000,0x0000001c0c200000)]
  0x00000197abfe1ab0 JavaThread "Sweeper thread" daemon [_thread_blocked, id=31804, stack(0x0000001c0c200000,0x0000001c0c300000)]
  0x00000197ac0ab490 JavaThread "Common-Cleaner" daemon [_thread_blocked, id=26172, stack(0x0000001c0c300000,0x0000001c0c400000)]
  0x00000197ac2a35a0 JavaThread "Notification Thread" daemon [_thread_blocked, id=32236, stack(0x0000001c0c500000,0x0000001c0c600000)]
  0x00000197adb643b0 JavaThread "Active Thread: Equinox Container: 7657c895-809c-46e6-a2f7-ed1a571859f2" [_thread_blocked, id=9496, stack(0x0000001c0ce00000,0x0000001c0cf00000)]
  0x00000197aea936b0 JavaThread "Framework Event Dispatcher: Equinox Container: 7657c895-809c-46e6-a2f7-ed1a571859f2" daemon [_thread_blocked, id=10632, stack(0x0000001c0c400000,0x0000001c0c500000)]
  0x00000197aea95b90 JavaThread "Start Level: Equinox Container: 7657c895-809c-46e6-a2f7-ed1a571859f2" daemon [_thread_blocked, id=12624, stack(0x0000001c0c700000,0x0000001c0c800000)]
  0x00000197adcbdb70 JavaThread "SCR Component Actor" daemon [_thread_blocked, id=22352, stack(0x0000001c0cf00000,0x0000001c0d000000)]
  0x00000197aecd3720 JavaThread "Worker-JM" [_thread_blocked, id=10692, stack(0x0000001c0d300000,0x0000001c0d400000)]
  0x00000197af274420 JavaThread "Worker-1" [_thread_blocked, id=7320, stack(0x0000001c0d700000,0x0000001c0d800000)]
  0x00000197af275290 JavaThread "Worker-2" [_thread_blocked, id=30280, stack(0x0000001c0d800000,0x0000001c0d900000)]
  0x00000197af2748f0 JavaThread "Worker-3" [_thread_blocked, id=27112, stack(0x0000001c0d600000,0x0000001c0d700000)]
  0x00000197af2765d0 JavaThread "Java indexing" daemon [_thread_blocked, id=21944, stack(0x0000001c0da00000,0x0000001c0db00000)]
  0x00000197af274dc0 JavaThread "Worker-4" [_thread_blocked, id=4600, stack(0x0000001c0db00000,0x0000001c0dc00000)]
  0x00000197af275760 JavaThread "JNA Cleaner" daemon [_thread_blocked, id=25940, stack(0x0000001c0dd00000,0x0000001c0de00000)]
  0x00000197af275c30 JavaThread "pool-2-thread-1" [_thread_blocked, id=18944, stack(0x0000001c0de00000,0x0000001c0df00000)]
  0x00000197af276aa0 JavaThread "pool-1-thread-1" [_thread_in_native, id=17888, stack(0x0000001c0df00000,0x0000001c0e000000)]
  0x00000197b24c54c0 JavaThread "Worker-5" [_thread_blocked, id=31916, stack(0x0000001c0e000000,0x0000001c0e100000)]
  0x00000197b24c89b0 JavaThread "Worker-6" [_thread_blocked, id=11324, stack(0x0000001c0e100000,0x0000001c0e200000)]
  0x00000197b24c37e0 JavaThread "Timer-0" [_thread_blocked, id=21772, stack(0x0000001c0d900000,0x0000001c0da00000)]
  0x00000197b24c8010 JavaThread "ForkJoinPool.commonPool-worker-1" daemon [_thread_blocked, id=24452, stack(0x0000001c0d200000,0x0000001c0d300000)]
=>0x00000197b0df8740 JavaThread "C2 CompilerThread1" daemon [_thread_in_native, id=28620, stack(0x0000001c0b500000,0x0000001c0b600000)]
  0x00000197b0df4f90 JavaThread "C2 CompilerThread2" daemon [_thread_blocked, id=26668, stack(0x0000001c0b600000,0x0000001c0b700000)]
  0x00000197b24c7670 JavaThread "ForkJoinPool.commonPool-worker-2" daemon [_thread_blocked, id=29852, stack(0x0000001c0d400000,0x0000001c0d500000)]
  0x00000197b24c8e80 JavaThread "ForkJoinPool.commonPool-worker-3" daemon [_thread_blocked, id=20332, stack(0x0000001c0dc00000,0x0000001c0dd00000)]

Other Threads:
  0x00000197966866c0 VMThread "VM Thread" [stack: 0x0000001c0b900000,0x0000001c0ba00000] [id=12984]
  0x00000197ac2abcb0 WatcherThread [stack: 0x0000001c0c600000,0x0000001c0c700000] [id=26532]
  0x00000197965e5f10 GCTaskThread "GC Thread#0" [stack: 0x0000001c0b800000,0x0000001c0b900000] [id=23088]
  0x00000197ada5d2d0 GCTaskThread "GC Thread#1" [stack: 0x0000001c0c800000,0x0000001c0c900000] [id=13332]
  0x00000197ada5d580 GCTaskThread "GC Thread#2" [stack: 0x0000001c0c900000,0x0000001c0ca00000] [id=28864]
  0x00000197ae8c53b0 GCTaskThread "GC Thread#3" [stack: 0x0000001c0ca00000,0x0000001c0cb00000] [id=34612]
  0x00000197ae8c5660 GCTaskThread "GC Thread#4" [stack: 0x0000001c0cb00000,0x0000001c0cc00000] [id=25716]
  0x00000197ae8c5910 GCTaskThread "GC Thread#5" [stack: 0x0000001c0cc00000,0x0000001c0cd00000] [id=15732]
  0x00000197ae8c5bc0 GCTaskThread "GC Thread#6" [stack: 0x0000001c0cd00000,0x0000001c0ce00000] [id=29496]
  0x00000197aebfb020 GCTaskThread "GC Thread#7" [stack: 0x0000001c0d000000,0x0000001c0d100000] [id=19124]
  0x00000197aec0cd30 GCTaskThread "GC Thread#8" [stack: 0x0000001c0d100000,0x0000001c0d200000] [id=7012]
  0x00000197aee8cf90 GCTaskThread "GC Thread#9" [stack: 0x0000001c0d500000,0x0000001c0d600000] [id=9068]

Threads with active compile tasks:
C2 CompilerThread1    79963 10069       4       org.eclipse.jdt.internal.core.JavaProject$ModuleLookup::addTransitive (71 bytes)

VM state: not at safepoint (normal execution)

VM Mutex/Monitor currently owned by a thread: None

Heap address: 0x00000000c0000000, size: 1024 MB, Compressed Oops mode: 32-bit

CDS archive(s) not mapped
Compressed class space mapped at: 0x0000000100000000-0x0000000140000000, reserved size: 1073741824
Narrow klass base: 0x0000000000000000, Narrow klass shift: 3, Narrow klass range: 0x140000000

GC Precious Log:
 CPUs: 12 total, 12 available
 Memory: 16226M
 Large Page Support: Disabled
 NUMA Support: Disabled
 Compressed Oops: Enabled (32-bit)
 Alignments: Space 512K, Generation 512K, Heap 2M
 Heap Min Capacity: 100M
 Heap Initial Capacity: 100M
 Heap Max Capacity: 1G
 Pre-touch: Disabled
 Parallel Workers: 10

Heap:
 PSYoungGen      total 11776K, used 7518K [0x00000000eab00000, 0x00000000eb800000, 0x0000000100000000)
  eden space 10752K, 66% used [0x00000000eab00000,0x00000000eb1ff8c8,0x00000000eb580000)
  from space 1024K, 34% used [0x00000000eb680000,0x00000000eb6d8000,0x00000000eb780000)
  to   space 512K, 0% used [0x00000000eb780000,0x00000000eb780000,0x00000000eb800000)
 ParOldGen       total 96768K, used 75409K [0x00000000c0000000, 0x00000000c5e80000, 0x00000000eab00000)
  object space 96768K, 77% used [0x00000000c0000000,0x00000000c49a45a8,0x00000000c5e80000)
 Metaspace       used 71563K, committed 72640K, reserved 1114112K
  class space    used 8149K, committed 8640K, reserved 1048576K

Card table byte_map: [0x0000019795fa0000,0x00000197961b0000] _byte_map_base: 0x00000197959a0000

Marking Bits: (ParMarkBitMap*) 0x00007ff8fba30dd0
 Begin Bits: [0x00000197a8250000, 0x00000197a9250000)
 End Bits:   [0x00000197a9250000, 0x00000197aa250000)

Polling page: 0x0000019795d90000

Metaspace:

Usage:
  Non-class:     61.93 MB used.
      Class:      7.96 MB used.
       Both:     69.89 MB used.

Virtual space:
  Non-class space:       64.00 MB reserved,      62.50 MB ( 98%) committed,  8 nodes.
      Class space:        1.00 GB reserved,       8.44 MB ( <1%) committed,  1 nodes.
             Both:        1.06 GB reserved,      70.94 MB (  7%) committed. 

Chunk freelists:
   Non-Class:  1.45 MB
       Class:  3.38 MB
        Both:  4.83 MB

MaxMetaspaceSize: unlimited
CompressedClassSpaceSize: 1.00 GB
Initial GC threshold: 21.00 MB
Current GC threshold: 110.12 MB
CDS: off
MetaspaceReclaimPolicy: balanced
 - commit_granule_bytes: 65536.
 - commit_granule_words: 8192.
 - virtual_space_node_default_size: 1048576.
 - enlarge_chunks_in_place: 1.
 - new_chunks_are_fully_committed: 0.
 - uncommit_free_chunks: 1.
 - use_allocation_guard: 0.
 - handle_deallocations: 1.


Internal statistics:

num_allocs_failed_limit: 9.
num_arena_births: 590.
num_arena_deaths: 14.
num_vsnodes_births: 9.
num_vsnodes_deaths: 0.
num_space_committed: 1135.
num_space_uncommitted: 0.
num_chunks_returned_to_freelist: 23.
num_chunks_taken_from_freelist: 3289.
num_chunk_merges: 13.
num_chunk_splits: 2062.
num_chunks_enlarged: 1262.
num_purges: 2.
num_inconsistent_stats: 0.

CodeHeap 'non-profiled nmethods': size=120000Kb used=6336Kb max_used=6402Kb free=113663Kb
 bounds [0x00000197a0d20000, 0x00000197a1380000, 0x00000197a8250000]
CodeHeap 'profiled nmethods': size=120000Kb used=15923Kb max_used=17157Kb free=104076Kb
 bounds [0x00000197997f0000, 0x000001979a8c0000, 0x00000197a0d20000]
CodeHeap 'non-nmethods': size=5760Kb used=1380Kb max_used=1488Kb free=4379Kb
 bounds [0x0000019799250000, 0x00000197994c0000, 0x00000197997f0000]
 total_blobs=8694 nmethods=7972 adapters=633
 compilation: enabled
              stopped_count=0, restarted_count=0
 full_count=0

Compilation events (20 events):
Event: 79.763 Thread 0x00000197abfdedf0 10075       1       com.sun.org.apache.xerces.internal.impl.XMLEntityManager::setStandalone (6 bytes)
Event: 79.763 Thread 0x00000197abfdedf0 nmethod 10075 0x00000197a105fb90 code [0x00000197a105fd20, 0x00000197a105fdf8]
Event: 79.763 Thread 0x00000197abfdedf0 10076       1       com.sun.org.apache.xerces.internal.impl.dtd.DTDGrammarBucket::setStandalone (6 bytes)
Event: 79.763 Thread 0x00000197abfdedf0 nmethod 10076 0x00000197a0e31890 code [0x00000197a0e31a20, 0x00000197a0e31af8]
Event: 79.763 Thread 0x00000197abfdedf0 10077       1       com.sun.org.apache.xerces.internal.impl.XMLEntityScanner::getCurrentEntity (5 bytes)
Event: 79.763 Thread 0x00000197abfdedf0 nmethod 10077 0x00000197a0e31590 code [0x00000197a0e31720, 0x00000197a0e317f8]
Event: 79.763 Thread 0x00000197abfdedf0 10078       1       com.sun.xml.internal.stream.Entity$ScannedEntity::isEncodingExternallySpecified (5 bytes)
Event: 79.763 Thread 0x00000197abfdedf0 nmethod 10078 0x00000197a0e31290 code [0x00000197a0e31420, 0x00000197a0e314f8]
Event: 79.764 Thread 0x00000197abfdedf0 10079       1       org.eclipse.osgi.container.ModuleRequirement::getAttributes (5 bytes)
Event: 79.764 Thread 0x00000197abfdedf0 nmethod 10079 0x00000197a0e30f90 code [0x00000197a0e31120, 0x00000197a0e311f8]
Event: 79.765 Thread 0x00000197abf7cea0 nmethod 9997 0x00000197a1345810 code [0x00000197a1345b00, 0x00000197a1349170]
Event: 79.765 Thread 0x00000197abf7cea0 10074       4       org.eclipse.core.internal.resources.Resource::exists (18 bytes)
Event: 79.794 Thread 0x00000197b0df4f90 nmethod 9928% 0x00000197a1371910 code [0x00000197a1371d80, 0x00000197a1377838]
Event: 79.795 Thread 0x00000197b0df4f90 10061       4       org.eclipse.jdt.internal.compiler.env.IModule$IPackageExport::isQualified (20 bytes)
Event: 79.796 Thread 0x00000197b0df4f90 nmethod 10061 0x00000197a0e30c90 code [0x00000197a0e30e00, 0x00000197a0e30eb8]
Event: 79.796 Thread 0x00000197b0df4f90 10060       4       org.eclipse.jdt.internal.compiler.util.ObjectVector$1::hasNext (18 bytes)
Event: 79.796 Thread 0x00000197b0df4f90 nmethod 10060 0x00000197a0e30910 code [0x00000197a0e30a80, 0x00000197a0e30b18]
Event: 79.796 Thread 0x00000197b0df4f90 10073   !   4       java.lang.reflect.Field::declaredAnnotations (82 bytes)
Event: 79.802 Thread 0x00000197abf7cea0 nmethod 10074 0x00000197a1305490 code [0x00000197a13056e0, 0x00000197a1306938]
Event: 79.820 Thread 0x00000197b0df4f90 nmethod 10073 0x00000197a0f50a10 code [0x00000197a0f50c60, 0x00000197a0f51ba0]

GC Heap History (20 events):
Event: 78.496 GC heap before
{Heap before GC invocations=113 (full 4):
 PSYoungGen      total 11264K, used 11264K [0x00000000eab00000, 0x00000000eb880000, 0x0000000100000000)
  eden space 10752K, 100% used [0x00000000eab00000,0x00000000eb580000,0x00000000eb580000)
  from space 512K, 100% used [0x00000000eb780000,0x00000000eb800000,0x00000000eb800000)
  to   space 512K, 0% used [0x00000000eb800000,0x00000000eb800000,0x00000000eb880000)
 ParOldGen       total 96768K, used 73232K [0x00000000c0000000, 0x00000000c5e80000, 0x00000000eab00000)
  object space 96768K, 75% used [0x00000000c0000000,0x00000000c4784008,0x00000000c5e80000)
 Metaspace       used 69706K, committed 70720K, reserved 1114112K
  class space    used 7932K, committed 8384K, reserved 1048576K
}
Event: 78.497 GC heap after
{Heap after GC invocations=113 (full 4):
 PSYoungGen      total 11264K, used 224K [0x00000000eab00000, 0x00000000eb880000, 0x0000000100000000)
  eden space 10752K, 0% used [0x00000000eab00000,0x00000000eab00000,0x00000000eb580000)
  from space 512K, 43% used [0x00000000eb800000,0x00000000eb838000,0x00000000eb880000)
  to   space 1024K, 0% used [0x00000000eb680000,0x00000000eb680000,0x00000000eb780000)
 ParOldGen       total 96768K, used 73552K [0x00000000c0000000, 0x00000000c5e80000, 0x00000000eab00000)
  object space 96768K, 76% used [0x00000000c0000000,0x00000000c47d4008,0x00000000c5e80000)
 Metaspace       used 69706K, committed 70720K, reserved 1114112K
  class space    used 7932K, committed 8384K, reserved 1048576K
}
Event: 78.653 GC heap before
{Heap before GC invocations=114 (full 4):
 PSYoungGen      total 11264K, used 10976K [0x00000000eab00000, 0x00000000eb880000, 0x0000000100000000)
  eden space 10752K, 100% used [0x00000000eab00000,0x00000000eb580000,0x00000000eb580000)
  from space 512K, 43% used [0x00000000eb800000,0x00000000eb838000,0x00000000eb880000)
  to   space 1024K, 0% used [0x00000000eb680000,0x00000000eb680000,0x00000000eb780000)
 ParOldGen       total 96768K, used 73552K [0x00000000c0000000, 0x00000000c5e80000, 0x00000000eab00000)
  object space 96768K, 76% used [0x00000000c0000000,0x00000000c47d4008,0x00000000c5e80000)
 Metaspace       used 69706K, committed 70720K, reserved 1114112K
  class space    used 7932K, committed 8384K, reserved 1048576K
}
Event: 78.653 GC heap after
{Heap after GC invocations=114 (full 4):
 PSYoungGen      total 11776K, used 320K [0x00000000eab00000, 0x00000000eb880000, 0x0000000100000000)
  eden space 10752K, 0% used [0x00000000eab00000,0x00000000eab00000,0x00000000eb580000)
  from space 1024K, 31% used [0x00000000eb680000,0x00000000eb6d0000,0x00000000eb780000)
  to   space 512K, 0% used [0x00000000eb800000,0x00000000eb800000,0x00000000eb880000)
 ParOldGen       total 96768K, used 73632K [0x00000000c0000000, 0x00000000c5e80000, 0x00000000eab00000)
  object space 96768K, 76% used [0x00000000c0000000,0x00000000c47e8008,0x00000000c5e80000)
 Metaspace       used 69706K, committed 70720K, reserved 1114112K
  class space    used 7932K, committed 8384K, reserved 1048576K
}
Event: 78.852 GC heap before
{Heap before GC invocations=115 (full 4):
 PSYoungGen      total 11776K, used 11072K [0x00000000eab00000, 0x00000000eb880000, 0x0000000100000000)
  eden space 10752K, 100% used [0x00000000eab00000,0x00000000eb580000,0x00000000eb580000)
  from space 1024K, 31% used [0x00000000eb680000,0x00000000eb6d0000,0x00000000eb780000)
  to   space 512K, 0% used [0x00000000eb800000,0x00000000eb800000,0x00000000eb880000)
 ParOldGen       total 96768K, used 73632K [0x00000000c0000000, 0x00000000c5e80000, 0x00000000eab00000)
  object space 96768K, 76% used [0x00000000c0000000,0x00000000c47e8008,0x00000000c5e80000)
 Metaspace       used 69706K, committed 70720K, reserved 1114112K
  class space    used 7932K, committed 8384K, reserved 1048576K
}
Event: 78.852 GC heap after
{Heap after GC invocations=115 (full 4):
 PSYoungGen      total 11264K, used 224K [0x00000000eab00000, 0x00000000eb880000, 0x0000000100000000)
  eden space 10752K, 0% used [0x00000000eab00000,0x00000000eab00000,0x00000000eb580000)
  from space 512K, 43% used [0x00000000eb800000,0x00000000eb838000,0x00000000eb880000)
  to   space 512K, 0% used [0x00000000eb780000,0x00000000eb780000,0x00000000eb800000)
 ParOldGen       total 96768K, used 73704K [0x00000000c0000000, 0x00000000c5e80000, 0x00000000eab00000)
  object space 96768K, 76% used [0x00000000c0000000,0x00000000c47fa008,0x00000000c5e80000)
 Metaspace       used 69706K, committed 70720K, reserved 1114112K
  class space    used 7932K, committed 8384K, reserved 1048576K
}
Event: 78.958 GC heap before
{Heap before GC invocations=116 (full 4):
 PSYoungGen      total 11264K, used 10976K [0x00000000eab00000, 0x00000000eb880000, 0x0000000100000000)
  eden space 10752K, 100% used [0x00000000eab00000,0x00000000eb580000,0x00000000eb580000)
  from space 512K, 43% used [0x00000000eb800000,0x00000000eb838000,0x00000000eb880000)
  to   space 512K, 0% used [0x00000000eb780000,0x00000000eb780000,0x00000000eb800000)
 ParOldGen       total 96768K, used 73704K [0x00000000c0000000, 0x00000000c5e80000, 0x00000000eab00000)
  object space 96768K, 76% used [0x00000000c0000000,0x00000000c47fa008,0x00000000c5e80000)
 Metaspace       used 69706K, committed 70720K, reserved 1114112K
  class space    used 7932K, committed 8384K, reserved 1048576K
}
Event: 78.959 GC heap after
{Heap after GC invocations=116 (full 4):
 PSYoungGen      total 11264K, used 320K [0x00000000eab00000, 0x00000000eb880000, 0x0000000100000000)
  eden space 10752K, 0% used [0x00000000eab00000,0x00000000eab00000,0x00000000eb580000)
  from space 512K, 62% used [0x00000000eb780000,0x00000000eb7d0000,0x00000000eb800000)
  to   space 512K, 0% used [0x00000000eb800000,0x00000000eb800000,0x00000000eb880000)
 ParOldGen       total 96768K, used 73736K [0x00000000c0000000, 0x00000000c5e80000, 0x00000000eab00000)
  object space 96768K, 76% used [0x00000000c0000000,0x00000000c4802008,0x00000000c5e80000)
 Metaspace       used 69706K, committed 70720K, reserved 1114112K
  class space    used 7932K, committed 8384K, reserved 1048576K
}
Event: 79.063 GC heap before
{Heap before GC invocations=117 (full 4):
 PSYoungGen      total 11264K, used 11072K [0x00000000eab00000, 0x00000000eb880000, 0x0000000100000000)
  eden space 10752K, 100% used [0x00000000eab00000,0x00000000eb580000,0x00000000eb580000)
  from space 512K, 62% used [0x00000000eb780000,0x00000000eb7d0000,0x00000000eb800000)
  to   space 512K, 0% used [0x00000000eb800000,0x00000000eb800000,0x00000000eb880000)
 ParOldGen       total 96768K, used 73736K [0x00000000c0000000, 0x00000000c5e80000, 0x00000000eab00000)
  object space 96768K, 76% used [0x00000000c0000000,0x00000000c4802008,0x00000000c5e80000)
 Metaspace       used 69706K, committed 70720K, reserved 1114112K
  class space    used 7932K, committed 8384K, reserved 1048576K
}
Event: 79.063 GC heap after
{Heap after GC invocations=117 (full 4):
 PSYoungGen      total 11264K, used 320K [0x00000000eab00000, 0x00000000eb880000, 0x0000000100000000)
  eden space 10752K, 0% used [0x00000000eab00000,0x00000000eab00000,0x00000000eb580000)
  from space 512K, 62% used [0x00000000eb800000,0x00000000eb850000,0x00000000eb880000)
  to   space 512K, 0% used [0x00000000eb780000,0x00000000eb780000,0x00000000eb800000)
 ParOldGen       total 96768K, used 73792K [0x00000000c0000000, 0x00000000c5e80000, 0x00000000eab00000)
  object space 96768K, 76% used [0x00000000c0000000,0x00000000c4810008,0x00000000c5e80000)
 Metaspace       used 69706K, committed 70720K, reserved 1114112K
  class space    used 7932K, committed 8384K, reserved 1048576K
}
Event: 79.173 GC heap before
{Heap before GC invocations=118 (full 4):
 PSYoungGen      total 11264K, used 11072K [0x00000000eab00000, 0x00000000eb880000, 0x0000000100000000)
  eden space 10752K, 100% used [0x00000000eab00000,0x00000000eb580000,0x00000000eb580000)
  from space 512K, 62% used [0x00000000eb800000,0x00000000eb850000,0x00000000eb880000)
  to   space 512K, 0% used [0x00000000eb780000,0x00000000eb780000,0x00000000eb800000)
 ParOldGen       total 96768K, used 73792K [0x00000000c0000000, 0x00000000c5e80000, 0x00000000eab00000)
  object space 96768K, 76% used [0x00000000c0000000,0x00000000c4810008,0x00000000c5e80000)
 Metaspace       used 69710K, committed 70720K, reserved 1114112K
  class space    used 7932K, committed 8384K, reserved 1048576K
}
Event: 79.173 GC heap after
{Heap after GC invocations=118 (full 4):
 PSYoungGen      total 11264K, used 320K [0x00000000eab00000, 0x00000000eb880000, 0x0000000100000000)
  eden space 10752K, 0% used [0x00000000eab00000,0x00000000eab00000,0x00000000eb580000)
  from space 512K, 62% used [0x00000000eb780000,0x00000000eb7d0000,0x00000000eb800000)
  to   space 512K, 0% used [0x00000000eb800000,0x00000000eb800000,0x00000000eb880000)
 ParOldGen       total 96768K, used 73840K [0x00000000c0000000, 0x00000000c5e80000, 0x00000000eab00000)
  object space 96768K, 76% used [0x00000000c0000000,0x00000000c481c008,0x00000000c5e80000)
 Metaspace       used 69710K, committed 70720K, reserved 1114112K
  class space    used 7932K, committed 8384K, reserved 1048576K
}
Event: 79.204 GC heap before
{Heap before GC invocations=119 (full 4):
 PSYoungGen      total 11264K, used 11071K [0x00000000eab00000, 0x00000000eb880000, 0x0000000100000000)
  eden space 10752K, 99% used [0x00000000eab00000,0x00000000eb57fff0,0x00000000eb580000)
  from space 512K, 62% used [0x00000000eb780000,0x00000000eb7d0000,0x00000000eb800000)
  to   space 512K, 0% used [0x00000000eb800000,0x00000000eb800000,0x00000000eb880000)
 ParOldGen       total 96768K, used 73840K [0x00000000c0000000, 0x00000000c5e80000, 0x00000000eab00000)
  object space 96768K, 76% used [0x00000000c0000000,0x00000000c481c008,0x00000000c5e80000)
 Metaspace       used 69816K, committed 70848K, reserved 1114112K
  class space    used 7938K, committed 8384K, reserved 1048576K
}
Event: 79.205 GC heap after
{Heap after GC invocations=119 (full 4):
 PSYoungGen      total 11264K, used 512K [0x00000000eab00000, 0x00000000eb880000, 0x0000000100000000)
  eden space 10752K, 0% used [0x00000000eab00000,0x00000000eab00000,0x00000000eb580000)
  from space 512K, 100% used [0x00000000eb800000,0x00000000eb880000,0x00000000eb880000)
  to   space 1536K, 0% used [0x00000000eb580000,0x00000000eb580000,0x00000000eb700000)
 ParOldGen       total 96768K, used 74600K [0x00000000c0000000, 0x00000000c5e80000, 0x00000000eab00000)
  object space 96768K, 77% used [0x00000000c0000000,0x00000000c48da008,0x00000000c5e80000)
 Metaspace       used 69816K, committed 70848K, reserved 1114112K
  class space    used 7938K, committed 8384K, reserved 1048576K
}
Event: 79.302 GC heap before
{Heap before GC invocations=120 (full 4):
 PSYoungGen      total 11264K, used 11264K [0x00000000eab00000, 0x00000000eb880000, 0x0000000100000000)
  eden space 10752K, 100% used [0x00000000eab00000,0x00000000eb580000,0x00000000eb580000)
  from space 512K, 100% used [0x00000000eb800000,0x00000000eb880000,0x00000000eb880000)
  to   space 1536K, 0% used [0x00000000eb580000,0x00000000eb580000,0x00000000eb700000)
 ParOldGen       total 96768K, used 74600K [0x00000000c0000000, 0x00000000c5e80000, 0x00000000eab00000)
  object space 96768K, 77% used [0x00000000c0000000,0x00000000c48da008,0x00000000c5e80000)
 Metaspace       used 70291K, committed 71360K, reserved 1114112K
  class space    used 8001K, committed 8512K, reserved 1048576K
}
Event: 79.303 GC heap after
{Heap after GC invocations=120 (full 4):
 PSYoungGen      total 12288K, used 480K [0x00000000eab00000, 0x00000000eb880000, 0x0000000100000000)
  eden space 10752K, 0% used [0x00000000eab00000,0x00000000eab00000,0x00000000eb580000)
  from space 1536K, 31% used [0x00000000eb580000,0x00000000eb5f8000,0x00000000eb700000)
  to   space 1024K, 0% used [0x00000000eb780000,0x00000000eb780000,0x00000000eb880000)
 ParOldGen       total 96768K, used 74761K [0x00000000c0000000, 0x00000000c5e80000, 0x00000000eab00000)
  object space 96768K, 77% used [0x00000000c0000000,0x00000000c4902700,0x00000000c5e80000)
 Metaspace       used 70291K, committed 71360K, reserved 1114112K
  class space    used 8001K, committed 8512K, reserved 1048576K
}
Event: 79.491 GC heap before
{Heap before GC invocations=121 (full 4):
 PSYoungGen      total 12288K, used 11232K [0x00000000eab00000, 0x00000000eb880000, 0x0000000100000000)
  eden space 10752K, 100% used [0x00000000eab00000,0x00000000eb580000,0x00000000eb580000)
  from space 1536K, 31% used [0x00000000eb580000,0x00000000eb5f8000,0x00000000eb700000)
  to   space 1024K, 0% used [0x00000000eb780000,0x00000000eb780000,0x00000000eb880000)
 ParOldGen       total 96768K, used 74761K [0x00000000c0000000, 0x00000000c5e80000, 0x00000000eab00000)
  object space 96768K, 77% used [0x00000000c0000000,0x00000000c4902700,0x00000000c5e80000)
 Metaspace       used 71253K, committed 72384K, reserved 1114112K
  class space    used 8125K, committed 8640K, reserved 1048576K
}
Event: 79.493 GC heap after
{Heap after GC invocations=121 (full 4):
 PSYoungGen      total 11776K, used 626K [0x00000000eab00000, 0x00000000eb880000, 0x0000000100000000)
  eden space 10752K, 0% used [0x00000000eab00000,0x00000000eab00000,0x00000000eb580000)
  from space 1024K, 61% used [0x00000000eb780000,0x00000000eb81cb60,0x00000000eb880000)
  to   space 1024K, 0% used [0x00000000eb680000,0x00000000eb680000,0x00000000eb780000)
 ParOldGen       total 96768K, used 74961K [0x00000000c0000000, 0x00000000c5e80000, 0x00000000eab00000)
  object space 96768K, 77% used [0x00000000c0000000,0x00000000c4934700,0x00000000c5e80000)
 Metaspace       used 71253K, committed 72384K, reserved 1114112K
  class space    used 8125K, committed 8640K, reserved 1048576K
}
Event: 79.628 GC heap before
{Heap before GC invocations=122 (full 4):
 PSYoungGen      total 11776K, used 11378K [0x00000000eab00000, 0x00000000eb880000, 0x0000000100000000)
  eden space 10752K, 100% used [0x00000000eab00000,0x00000000eb580000,0x00000000eb580000)
  from space 1024K, 61% used [0x00000000eb780000,0x00000000eb81cb60,0x00000000eb880000)
  to   space 1024K, 0% used [0x00000000eb680000,0x00000000eb680000,0x00000000eb780000)
 ParOldGen       total 96768K, used 74961K [0x00000000c0000000, 0x00000000c5e80000, 0x00000000eab00000)
  object space 96768K, 77% used [0x00000000c0000000,0x00000000c4934700,0x00000000c5e80000)
 Metaspace       used 71490K, committed 72640K, reserved 1114112K
  class space    used 8147K, committed 8640K, reserved 1048576K
}
Event: 79.630 GC heap after
{Heap after GC invocations=122 (full 4):
 PSYoungGen      total 11776K, used 352K [0x00000000eab00000, 0x00000000eb800000, 0x0000000100000000)
  eden space 10752K, 0% used [0x00000000eab00000,0x00000000eab00000,0x00000000eb580000)
  from space 1024K, 34% used [0x00000000eb680000,0x00000000eb6d8000,0x00000000eb780000)
  to   space 512K, 0% used [0x00000000eb780000,0x00000000eb780000,0x00000000eb800000)
 ParOldGen       total 96768K, used 75409K [0x00000000c0000000, 0x00000000c5e80000, 0x00000000eab00000)
  object space 96768K, 77% used [0x00000000c0000000,0x00000000c49a45a8,0x00000000c5e80000)
 Metaspace       used 71490K, committed 72640K, reserved 1114112K
  class space    used 8147K, committed 8640K, reserved 1048576K
}

Dll operation events (14 events):
Event: 0.017 Loaded shared library c:\Users\noeKen\.vscode\extensions\redhat.java-1.14.0-win32-x64\jre\17.0.5-win32-x86_64\bin\java.dll
Event: 0.371 Loaded shared library c:\Users\noeKen\.vscode\extensions\redhat.java-1.14.0-win32-x64\jre\17.0.5-win32-x86_64\bin\zip.dll
Event: 0.375 Loaded shared library C:\Users\noeKen\.vscode\extensions\redhat.java-1.14.0-win32-x64\jre\17.0.5-win32-x86_64\bin\instrument.dll
Event: 0.419 Loaded shared library C:\Users\noeKen\.vscode\extensions\redhat.java-1.14.0-win32-x64\jre\17.0.5-win32-x86_64\bin\net.dll
Event: 0.422 Loaded shared library C:\Users\noeKen\.vscode\extensions\redhat.java-1.14.0-win32-x64\jre\17.0.5-win32-x86_64\bin\nio.dll
Event: 0.434 Loaded shared library C:\Users\noeKen\.vscode\extensions\redhat.java-1.14.0-win32-x64\jre\17.0.5-win32-x86_64\bin\zip.dll
Event: 0.451 Loaded shared library C:\Users\noeKen\.vscode\extensions\redhat.java-1.14.0-win32-x64\jre\17.0.5-win32-x86_64\bin\jimage.dll
Event: 0.518 Loaded shared library c:\Users\noeKen\.vscode\extensions\redhat.java-1.14.0-win32-x64\jre\17.0.5-win32-x86_64\bin\verify.dll
Event: 4.395 Loaded shared library C:\Users\noeKen\AppData\Roaming\Code\User\globalStorage\redhat.java\1.14.0\config_win\org.eclipse.equinox.launcher\org.eclipse.equinox.launcher.win32.win32.x86_64_1.2.700.v20221108-1024\eclipse_11801.dll
Event: 8.757 Loaded shared library C:\Users\noeKen\AppData\Local\Temp\jna--1040165648\jna15806335446821559857.dll
Event: 10.292 Loaded shared library C:\Users\noeKen\.vscode\extensions\redhat.java-1.14.0-win32-x64\jre\17.0.5-win32-x86_64\bin\sunmscapi.dll
Event: 14.351 Loaded shared library C:\Users\noeKen\.gradle\native\68d5fa5c4cc2d200863cafc0d521ce42e7d3e7ee720ec0a83991735586a16f82\windows-amd64\native-platform.dll
Event: 15.328 Loaded shared library C:\Users\noeKen\.vscode\extensions\redhat.java-1.14.0-win32-x64\jre\17.0.5-win32-x86_64\bin\management.dll
Event: 15.348 Loaded shared library C:\Users\noeKen\.vscode\extensions\redhat.java-1.14.0-win32-x64\jre\17.0.5-win32-x86_64\bin\management_ext.dll

Deoptimization events (20 events):
Event: 79.720 Thread 0x00000197b24c89b0 Uncommon trap: trap_request=0xffffffbe fr.pc=0x00000197a0ef1998 relative=0x00000000000001f8
Event: 79.720 Thread 0x00000197b24c89b0 Uncommon trap: reason=profile_predicate action=maybe_recompile pc=0x00000197a0ef1998 method=java.util.HashMap.keysToArray([Ljava/lang/Object;)[Ljava/lang/Object; @ 36 c2
Event: 79.720 Thread 0x00000197b24c89b0 DEOPT PACKING pc=0x00000197a0ef1998 sp=0x0000001c0e1fe610
Event: 79.720 Thread 0x00000197b24c89b0 DEOPT UNPACKING pc=0x00000197992a20a3 sp=0x0000001c0e1fe590 mode 2
Event: 79.720 Thread 0x00000197b24c89b0 Uncommon trap: trap_request=0xffffffbe fr.pc=0x00000197a0ef1998 relative=0x00000000000001f8
Event: 79.720 Thread 0x00000197b24c89b0 Uncommon trap: reason=profile_predicate action=maybe_recompile pc=0x00000197a0ef1998 method=java.util.HashMap.keysToArray([Ljava/lang/Object;)[Ljava/lang/Object; @ 36 c2
Event: 79.720 Thread 0x00000197b24c89b0 DEOPT PACKING pc=0x00000197a0ef1998 sp=0x0000001c0e1fe610
Event: 79.720 Thread 0x00000197b24c89b0 DEOPT UNPACKING pc=0x00000197992a20a3 sp=0x0000001c0e1fe590 mode 2
Event: 79.741 Thread 0x00000197b24c7670 Uncommon trap: trap_request=0xffffff76 fr.pc=0x00000197a0ec7188 relative=0x00000000000001e8
Event: 79.741 Thread 0x00000197b24c7670 Uncommon trap: reason=predicate action=maybe_recompile pc=0x00000197a0ec7188 method=java.util.HashMap.keysToArray([Ljava/lang/Object;)[Ljava/lang/Object; @ 48 c2
Event: 79.741 Thread 0x00000197b24c7670 DEOPT PACKING pc=0x00000197a0ec7188 sp=0x0000001c0d4fe200
Event: 79.741 Thread 0x00000197b24c7670 DEOPT UNPACKING pc=0x00000197992a20a3 sp=0x0000001c0d4fe188 mode 2
Event: 79.763 Thread 0x00000197b24c7670 Uncommon trap: trap_request=0xffffffbe fr.pc=0x00000197a0e31f10 relative=0x00000000000001f0
Event: 79.763 Thread 0x00000197b24c7670 Uncommon trap: reason=profile_predicate action=maybe_recompile pc=0x00000197a0e31f10 method=java.util.HashMap.keysToArray([Ljava/lang/Object;)[Ljava/lang/Object; @ 48 c2
Event: 79.763 Thread 0x00000197b24c7670 DEOPT PACKING pc=0x00000197a0e31f10 sp=0x0000001c0d4fe200
Event: 79.763 Thread 0x00000197b24c7670 DEOPT UNPACKING pc=0x00000197992a20a3 sp=0x0000001c0d4fe188 mode 2
Event: 79.763 Thread 0x00000197b24c7670 Uncommon trap: trap_request=0xffffffbe fr.pc=0x00000197a0e31f10 relative=0x00000000000001f0
Event: 79.763 Thread 0x00000197b24c7670 Uncommon trap: reason=profile_predicate action=maybe_recompile pc=0x00000197a0e31f10 method=java.util.HashMap.keysToArray([Ljava/lang/Object;)[Ljava/lang/Object; @ 48 c2
Event: 79.763 Thread 0x00000197b24c7670 DEOPT PACKING pc=0x00000197a0e31f10 sp=0x0000001c0d4fe200
Event: 79.763 Thread 0x00000197b24c7670 DEOPT UNPACKING pc=0x00000197992a20a3 sp=0x0000001c0d4fe188 mode 2

Classes unloaded (7 events):
Event: 5.530 Thread 0x00000197966866c0 Unloading class 0x0000000100216400 'java/lang/invoke/LambdaForm$MH+0x0000000100216400'
Event: 5.530 Thread 0x00000197966866c0 Unloading class 0x0000000100216000 'java/lang/invoke/LambdaForm$MH+0x0000000100216000'
Event: 5.530 Thread 0x00000197966866c0 Unloading class 0x0000000100215c00 'java/lang/invoke/LambdaForm$MH+0x0000000100215c00'
Event: 5.530 Thread 0x00000197966866c0 Unloading class 0x0000000100215400 'java/lang/invoke/LambdaForm$MH+0x0000000100215400'
Event: 5.530 Thread 0x00000197966866c0 Unloading class 0x0000000100215000 'java/lang/invoke/LambdaForm$BMH+0x0000000100215000'
Event: 5.530 Thread 0x00000197966866c0 Unloading class 0x0000000100214c00 'java/lang/invoke/LambdaForm$DMH+0x0000000100214c00'
Event: 5.530 Thread 0x00000197966866c0 Unloading class 0x0000000100212000 'java/lang/invoke/LambdaForm$DMH+0x0000000100212000'

Classes redefined (0 events):
No events

Internal exceptions (20 events):
Event: 79.396 Thread 0x00000197b24c89b0 Exception <a 'java/lang/NullPointerException'{0x00000000eb13b2b8}> (0x00000000eb13b2b8) 
thrown [s\src\hotspot\share\interpreter\linkResolver.cpp, line 1350]
Event: 79.396 Thread 0x00000197b24c89b0 Exception <a 'java/lang/NullPointerException'{0x00000000eb13bb88}> (0x00000000eb13bb88) 
thrown [s\src\hotspot\share\interpreter\linkResolver.cpp, line 1350]
Event: 79.396 Thread 0x00000197b24c89b0 Exception <a 'java/lang/NullPointerException'{0x00000000eb13c3c0}> (0x00000000eb13c3c0) 
thrown [s\src\hotspot\share\interpreter\linkResolver.cpp, line 1350]
Event: 79.396 Thread 0x00000197b24c89b0 Exception <a 'java/lang/NullPointerException'{0x00000000eb13cb58}> (0x00000000eb13cb58) 
thrown [s\src\hotspot\share\interpreter\linkResolver.cpp, line 1350]
Event: 79.396 Thread 0x00000197b24c89b0 Exception <a 'java/lang/NullPointerException'{0x00000000eb13cf68}> (0x00000000eb13cf68) 
thrown [s\src\hotspot\share\interpreter\linkResolver.cpp, line 1350]
Event: 79.396 Thread 0x00000197b24c89b0 Exception <a 'java/lang/NullPointerException'{0x00000000eb13d670}> (0x00000000eb13d670) 
thrown [s\src\hotspot\share\interpreter\linkResolver.cpp, line 1350]
Event: 79.396 Thread 0x00000197b24c89b0 Exception <a 'java/lang/NullPointerException'{0x00000000eb13db40}> (0x00000000eb13db40) 
thrown [s\src\hotspot\share\interpreter\linkResolver.cpp, line 1350]
Event: 79.396 Thread 0x00000197b24c89b0 Exception <a 'java/lang/NullPointerException'{0x00000000eb13e0d8}> (0x00000000eb13e0d8) 
thrown [s\src\hotspot\share\interpreter\linkResolver.cpp, line 1350]
Event: 79.396 Thread 0x00000197b24c89b0 Exception <a 'java/lang/NullPointerException'{0x00000000eb13f0e0}> (0x00000000eb13f0e0) 
thrown [s\src\hotspot\share\interpreter\linkResolver.cpp, line 1350]
Event: 79.396 Thread 0x00000197b24c89b0 Exception <a 'java/lang/NullPointerException'{0x00000000eb13fa70}> (0x00000000eb13fa70) 
thrown [s\src\hotspot\share\interpreter\linkResolver.cpp, line 1350]
Event: 79.396 Thread 0x00000197b24c89b0 Exception <a 'java/lang/NullPointerException'{0x00000000eb1403c8}> (0x00000000eb1403c8) 
thrown [s\src\hotspot\share\interpreter\linkResolver.cpp, line 1350]
Event: 79.396 Thread 0x00000197b24c89b0 Exception <a 'java/lang/NullPointerException'{0x00000000eb140b60}> (0x00000000eb140b60) 
thrown [s\src\hotspot\share\interpreter\linkResolver.cpp, line 1350]
Event: 79.397 Thread 0x00000197b24c89b0 Exception <a 'java/lang/NullPointerException'{0x00000000eb1411e8}> (0x00000000eb1411e8) 
thrown [s\src\hotspot\share\interpreter\linkResolver.cpp, line 1350]
Event: 79.397 Thread 0x00000197b24c89b0 Exception <a 'java/lang/NullPointerException'{0x00000000eb141780}> (0x00000000eb141780) 
thrown [s\src\hotspot\share\interpreter\linkResolver.cpp, line 1350]
Event: 79.397 Thread 0x00000197b24c89b0 Exception <a 'java/lang/NullPointerException'{0x00000000eb141d58}> (0x00000000eb141d58) 
thrown [s\src\hotspot\share\interpreter\linkResolver.cpp, line 1350]
Event: 79.397 Thread 0x00000197b24c89b0 Exception <a 'java/lang/NullPointerException'{0x00000000eb1422f0}> (0x00000000eb1422f0) 
thrown [s\src\hotspot\share\interpreter\linkResolver.cpp, line 1350]
Event: 79.397 Thread 0x00000197b24c89b0 Exception <a 'java/lang/NullPointerException'{0x00000000eb142ae0}> (0x00000000eb142ae0) 
thrown [s\src\hotspot\share\interpreter\linkResolver.cpp, line 1350]
Event: 79.397 Thread 0x00000197b24c89b0 Exception <a 'java/lang/NullPointerException'{0x00000000eb1430c8}> (0x00000000eb1430c8) 
thrown [s\src\hotspot\share\interpreter\linkResolver.cpp, line 1350]
Event: 79.491 Thread 0x00000197b24c89b0 Exception <a 'java/io/FileNotFoundException'{0x00000000eb573c68}> (0x00000000eb573c68) 
thrown [s\src\hotspot\share\prims\jni.cpp, line 516]
Event: 79.527 Thread 0x00000197b24c7670 Implicit null exception at 0x00000197a0f1fc32 to 0x00000197a0f207a0

VM Operations (20 events):
Event: 79.297 Executing VM operation: HandshakeAllThreads
Event: 79.297 Executing VM operation: HandshakeAllThreads done
Event: 79.298 Executing VM operation: HandshakeAllThreads
Event: 79.299 Executing VM operation: HandshakeAllThreads done
Event: 79.300 Executing VM operation: HandshakeAllThreads
Event: 79.300 Executing VM operation: HandshakeAllThreads done
Event: 79.302 Executing VM operation: ParallelGCFailedAllocation
Event: 79.303 Executing VM operation: ParallelGCFailedAllocation done
Event: 79.317 Executing VM operation: HandshakeAllThreads
Event: 79.317 Executing VM operation: HandshakeAllThreads done
Event: 79.425 Executing VM operation: HandshakeAllThreads
Event: 79.425 Executing VM operation: HandshakeAllThreads done
Event: 79.426 Executing VM operation: HandshakeAllThreads
Event: 79.426 Executing VM operation: HandshakeAllThreads done
Event: 79.491 Executing VM operation: ParallelGCFailedAllocation
Event: 79.493 Executing VM operation: ParallelGCFailedAllocation done
Event: 79.496 Executing VM operation: HandshakeAllThreads
Event: 79.496 Executing VM operation: HandshakeAllThreads done
Event: 79.628 Executing VM operation: ParallelGCFailedAllocation
Event: 79.633 Executing VM operation: ParallelGCFailedAllocation done

Events (20 events):
Event: 79.429 loading class java/util/Collections$SynchronizedRandomAccessList
Event: 79.429 loading class java/util/Collections$SynchronizedList
Event: 79.429 loading class java/util/Collections$SynchronizedList done
Event: 79.429 loading class java/util/Collections$SynchronizedRandomAccessList done
Event: 79.432 loading class java/util/concurrent/CompletableFuture$Signaller
Event: 79.433 loading class java/util/concurrent/CompletableFuture$Signaller done
Event: 79.472 loading class java/util/Hashtable$KeySet
Event: 79.472 loading class java/util/Hashtable$KeySet done
Event: 79.480 loading class java/util/concurrent/CompletableFuture$UniAccept
Event: 79.481 loading class java/util/concurrent/CompletableFuture$UniAccept done
Event: 79.481 loading class java/util/concurrent/CompletableFuture$UniExceptionally
Event: 79.481 loading class java/util/concurrent/CompletableFuture$UniExceptionally done
Event: 79.482 Thread 0x00000197b24c7670 Thread added: 0x00000197b24c7670
Event: 79.484 Thread 0x00000197b24c8e80 Thread added: 0x00000197b24c8e80
Event: 79.506 loading class java/util/stream/DistinctOps
Event: 79.506 loading class java/util/stream/DistinctOps done
Event: 79.506 loading class java/util/stream/DistinctOps$1
Event: 79.507 loading class java/util/stream/DistinctOps$1 done
Event: 79.507 loading class java/util/stream/DistinctOps$1$2
Event: 79.508 loading class java/util/stream/DistinctOps$1$2 done


Dynamic libraries:
0x00007ff68ac90000 - 0x00007ff68ac9e000 	c:\Users\noeKen\.vscode\extensions\redhat.java-1.14.0-win32-x64\jre\17.0.5-win32-x86_64\bin\java.exe
0x00007ff9a2e90000 - 0x00007ff9a30a4000 	C:\WINDOWS\SYSTEM32\ntdll.dll
0x00007ff9a1ce0000 - 0x00007ff9a1da3000 	C:\WINDOWS\System32\KERNEL32.DLL
0x00007ff9a0610000 - 0x00007ff9a09ad000 	C:\WINDOWS\System32\KERNELBASE.dll
0x00007ff9a04f0000 - 0x00007ff9a0601000 	C:\WINDOWS\System32\ucrtbase.dll
0x00007ff970880000 - 0x00007ff970897000 	c:\Users\noeKen\.vscode\extensions\redhat.java-1.14.0-win32-x64\jre\17.0.5-win32-x86_64\bin\jli.dll
0x00007ff9a12f0000 - 0x00007ff9a149d000 	C:\WINDOWS\System32\USER32.dll
0x00007ff9a02b0000 - 0x00007ff9a02d6000 	C:\WINDOWS\System32\win32u.dll
0x00007ff9a1e60000 - 0x00007ff9a1e89000 	C:\WINDOWS\System32\GDI32.dll
0x00007ff9a0360000 - 0x00007ff9a0472000 	C:\WINDOWS\System32\gdi32full.dll
0x00007ff9a0b20000 - 0x00007ff9a0bba000 	C:\WINDOWS\System32\msvcp_win.dll
0x00007ff96de50000 - 0x00007ff96de69000 	c:\Users\noeKen\.vscode\extensions\redhat.java-1.14.0-win32-x64\jre\17.0.5-win32-x86_64\bin\VCRUNTIME140.dll
0x00007ff9933c0000 - 0x00007ff99364e000 	C:\WINDOWS\WinSxS\amd64_microsoft.windows.common-controls_6595b64144ccf1df_6.0.22621.608_none_a9444ca7c10bb01d\COMCTL32.dll
0x00007ff9a1db0000 - 0x00007ff9a1e57000 	C:\WINDOWS\System32\msvcrt.dll
0x00007ff9a1520000 - 0x00007ff9a1552000 	C:\WINDOWS\System32\IMM32.DLL
0x00007ff977e70000 - 0x00007ff977e7c000 	c:\Users\noeKen\.vscode\extensions\redhat.java-1.14.0-win32-x64\jre\17.0.5-win32-x86_64\bin\vcruntime140_1.dll
0x00007ff94e3c0000 - 0x00007ff94e451000 	c:\Users\noeKen\.vscode\extensions\redhat.java-1.14.0-win32-x64\jre\17.0.5-win32-x86_64\bin\msvcp140.dll
0x00007ff8faeb0000 - 0x00007ff8fbaf4000 	c:\Users\noeKen\.vscode\extensions\redhat.java-1.14.0-win32-x64\jre\17.0.5-win32-x86_64\bin\server\jvm.dll
0x00007ff9a2da0000 - 0x00007ff9a2e4e000 	C:\WINDOWS\System32\ADVAPI32.dll
0x00007ff9a2cf0000 - 0x00007ff9a2d94000 	C:\WINDOWS\System32\sechost.dll
0x00007ff9a1ee0000 - 0x00007ff9a1ff5000 	C:\WINDOWS\System32\RPCRT4.dll
0x00007ff98b720000 - 0x00007ff98b729000 	C:\WINDOWS\SYSTEM32\WSOCK32.dll
0x00007ff9a1700000 - 0x00007ff9a1771000 	C:\WINDOWS\System32\WS2_32.dll
0x00007ff9996d0000 - 0x00007ff999704000 	C:\WINDOWS\SYSTEM32\WINMM.dll
0x00007ff99a4e0000 - 0x00007ff99a4ea000 	C:\WINDOWS\SYSTEM32\VERSION.dll
0x00007ff99f300000 - 0x00007ff99f318000 	C:\WINDOWS\SYSTEM32\kernel.appcore.dll
0x00007ff977c30000 - 0x00007ff977c3a000 	c:\Users\noeKen\.vscode\extensions\redhat.java-1.14.0-win32-x64\jre\17.0.5-win32-x86_64\bin\jimage.dll
0x00007ff989f10000 - 0x00007ff98a13e000 	C:\WINDOWS\SYSTEM32\DBGHELP.DLL
0x00007ff9a1950000 - 0x00007ff9a1cda000 	C:\WINDOWS\System32\combase.dll
0x00007ff9a1560000 - 0x00007ff9a1637000 	C:\WINDOWS\System32\OLEAUT32.dll
0x00007ff989ed0000 - 0x00007ff989f02000 	C:\WINDOWS\SYSTEM32\dbgcore.DLL
0x00007ff9a02e0000 - 0x00007ff9a035b000 	C:\WINDOWS\System32\bcryptPrimitives.dll
0x00007ff976380000 - 0x00007ff97638e000 	c:\Users\noeKen\.vscode\extensions\redhat.java-1.14.0-win32-x64\jre\17.0.5-win32-x86_64\bin\instrument.dll
0x00007ff969ca0000 - 0x00007ff969cc5000 	c:\Users\noeKen\.vscode\extensions\redhat.java-1.14.0-win32-x64\jre\17.0.5-win32-x86_64\bin\java.dll
0x00007ff969b70000 - 0x00007ff969b88000 	c:\Users\noeKen\.vscode\extensions\redhat.java-1.14.0-win32-x64\jre\17.0.5-win32-x86_64\bin\zip.dll
0x00007ff9a2500000 - 0x00007ff9a2cef000 	C:\WINDOWS\System32\SHELL32.dll
0x00007ff99e2d0000 - 0x00007ff99eb98000 	C:\WINDOWS\SYSTEM32\windows.storage.dll
0x00007ff99e190000 - 0x00007ff99e2ce000 	C:\WINDOWS\SYSTEM32\wintypes.dll
0x00007ff9a2120000 - 0x00007ff9a2211000 	C:\WINDOWS\System32\SHCORE.dll
0x00007ff9a1780000 - 0x00007ff9a17de000 	C:\WINDOWS\System32\shlwapi.dll
0x00007ff9a01e0000 - 0x00007ff9a0201000 	C:\WINDOWS\SYSTEM32\profapi.dll
0x00007ff969b50000 - 0x00007ff969b69000 	C:\Users\noeKen\.vscode\extensions\redhat.java-1.14.0-win32-x64\jre\17.0.5-win32-x86_64\bin\net.dll
0x00007ff999c70000 - 0x00007ff999d9f000 	C:\WINDOWS\SYSTEM32\WINHTTP.dll
0x00007ff99f770000 - 0x00007ff99f7d9000 	C:\WINDOWS\system32\mswsock.dll
0x00007ff969910000 - 0x00007ff969925000 	C:\Users\noeKen\.vscode\extensions\redhat.java-1.14.0-win32-x64\jre\17.0.5-win32-x86_64\bin\nio.dll
0x00007ff975300000 - 0x00007ff975310000 	c:\Users\noeKen\.vscode\extensions\redhat.java-1.14.0-win32-x64\jre\17.0.5-win32-x86_64\bin\verify.dll
0x00007ff9666d0000 - 0x00007ff96670e000 	C:\Users\noeKen\AppData\Roaming\Code\User\globalStorage\redhat.java\1.14.0\config_win\org.eclipse.equinox.launcher\org.eclipse.equinox.launcher.win32.win32.x86_64_1.2.700.v20221108-1024\eclipse_11801.dll
0x00007ff9a22b0000 - 0x00007ff9a244c000 	C:\WINDOWS\System32\ole32.dll
0x00007ff99fa40000 - 0x00007ff99fa5b000 	C:\WINDOWS\SYSTEM32\CRYPTSP.dll
0x00007ff99f270000 - 0x00007ff99f2a5000 	C:\WINDOWS\system32\rsaenh.dll
0x00007ff99f860000 - 0x00007ff99f888000 	C:\WINDOWS\SYSTEM32\USERENV.dll
0x00007ff99fc50000 - 0x00007ff99fc78000 	C:\WINDOWS\SYSTEM32\bcrypt.dll
0x00007ff99fa30000 - 0x00007ff99fa3c000 	C:\WINDOWS\SYSTEM32\CRYPTBASE.dll
0x00007ff99edf0000 - 0x00007ff99ee1d000 	C:\WINDOWS\SYSTEM32\IPHLPAPI.DLL
0x00007ff9a24f0000 - 0x00007ff9a24f9000 	C:\WINDOWS\System32\NSI.dll
0x00007ff99a4c0000 - 0x00007ff99a4d9000 	C:\WINDOWS\SYSTEM32\dhcpcsvc6.DLL
0x00007ff99a180000 - 0x00007ff99a19f000 	C:\WINDOWS\SYSTEM32\dhcpcsvc.DLL
0x00007ff99ee60000 - 0x00007ff99ef52000 	C:\WINDOWS\SYSTEM32\DNSAPI.dll
0x00007ff96a670000 - 0x00007ff96a6b0000 	C:\Users\noeKen\AppData\Local\Temp\jna--1040165648\jna15806335446821559857.dll
0x00007ff9a1840000 - 0x00007ff9a1848000 	C:\WINDOWS\System32\PSAPI.DLL
0x00007ff9772e0000 - 0x00007ff9772ee000 	C:\Users\noeKen\.vscode\extensions\redhat.java-1.14.0-win32-x64\jre\17.0.5-win32-x86_64\bin\sunmscapi.dll
0x00007ff9a09b0000 - 0x00007ff9a0b16000 	C:\WINDOWS\System32\CRYPT32.dll
0x00007ff99fc20000 - 0x00007ff99fc4d000 	C:\WINDOWS\SYSTEM32\ncrypt.dll
0x00007ff99fb90000 - 0x00007ff99fbc7000 	C:\WINDOWS\SYSTEM32\NTASN1.dll
0x00000000698f0000 - 0x0000000069916000 	C:\Program Files\Bonjour\mdnsNSP.dll
0x00007ff994740000 - 0x00007ff99474a000 	C:\Windows\System32\rasadhlp.dll
0x00007ff9988b0000 - 0x00007ff998933000 	C:\WINDOWS\System32\fwpuclnt.dll
0x00007ff977240000 - 0x00007ff977267000 	C:\Users\noeKen\.gradle\native\68d5fa5c4cc2d200863cafc0d521ce42e7d3e7ee720ec0a83991735586a16f82\windows-amd64\native-platform.dll
0x00007ff9772d0000 - 0x00007ff9772d9000 	C:\Users\noeKen\.vscode\extensions\redhat.java-1.14.0-win32-x64\jre\17.0.5-win32-x86_64\bin\management.dll
0x00007ff974d10000 - 0x00007ff974d1b000 	C:\Users\noeKen\.vscode\extensions\redhat.java-1.14.0-win32-x64\jre\17.0.5-win32-x86_64\bin\management_ext.dll
0x00007ff974d00000 - 0x00007ff974d08000 	C:\WINDOWS\system32\wshunix.dll

dbghelp: loaded successfully - version: 4.0.5 - missing functions: none
symbol engine: initialized successfully - sym options: 0x614 - pdb path: .;c:\Users\noeKen\.vscode\extensions\redhat.java-1.14.0-win32-x64\jre\17.0.5-win32-x86_64\bin;C:\WINDOWS\SYSTEM32;C:\WINDOWS\WinSxS\amd64_microsoft.windows.common-controls_6595b64144ccf1df_6.0.22621.608_none_a9444ca7c10bb01d;c:\Users\noeKen\.vscode\extensions\redhat.java-1.14.0-win32-x64\jre\17.0.5-win32-x86_64\bin\server;C:\Users\noeKen\AppData\Roaming\Code\User\globalStorage\redhat.java\1.14.0\config_win\org.eclipse.equinox.launcher\org.eclipse.equinox.launcher.win32.win32.x86_64_1.2.700.v20221108-1024;C:\Users\noeKen\AppData\Local\Temp\jna--1040165648;C:\Program Files\Bonjour;C:\Users\noeKen\.gradle\native\68d5fa5c4cc2d200863cafc0d521ce42e7d3e7ee720ec0a83991735586a16f82\windows-amd64

VM Arguments:
jvm_args: --add-modules=ALL-SYSTEM --add-opens=java.base/java.util=ALL-UNNAMED --add-opens=java.base/java.lang=ALL-UNNAMED --add-opens=java.base/sun.nio.fs=ALL-UNNAMED -Declipse.application=org.eclipse.jdt.ls.core.id1 -Dosgi.bundles.defaultStartLevel=4 -Declipse.product=org.eclipse.jdt.ls.core.product -Djava.import.generatesMetadataFilesAtProjectRoot=false -Dfile.encoding=utf8 -XX:+UseParallelGC -XX:GCTimeRatio=4 -XX:AdaptiveSizePolicyWeight=90 -Dsun.zip.disableMemoryMapping=true -Xmx1G -Xms100m -Xlog:disable -javaagent:c:\Users\noeKen\.vscode\extensions\redhat.java-1.14.0-win32-x64\lombok\lombok-1.18.24.jar -XX:+HeapDumpOnOutOfMemoryError -XX:HeapDumpPath=c:\Users\noeKen\AppData\Roaming\Code\User\workspaceStorage\4cd10fdc8f3a647e16675a9a8f49932b\redhat.java 
java_command: c:\Users\noeKen\.vscode\extensions\redhat.java-1.14.0-win32-x64\server\plugins\org.eclipse.equinox.launcher_1.6.400.v20210924-0641.jar -configuration c:\Users\noeKen\AppData\Roaming\Code\User\globalStorage\redhat.java\1.14.0\config_win -data c:\Users\noeKen\AppData\Roaming\Code\User\workspaceStorage\4cd10fdc8f3a647e16675a9a8f49932b\redhat.java\jdt_ws
java_class_path (initial): c:\Users\noeKen\.vscode\extensions\redhat.java-1.14.0-win32-x64\server\plugins\org.eclipse.equinox.launcher_1.6.400.v20210924-0641.jar
Launcher Type: SUN_STANDARD

[Global flags]
    uintx AdaptiveSizePolicyWeight                 = 90                                        {product} {command line}
     intx CICompilerCount                          = 4                                         {product} {ergonomic}
    uintx GCTimeRatio                              = 4                                         {product} {command line}
     bool HeapDumpOnOutOfMemoryError               = true                                   {manageable} {command line}
    ccstr HeapDumpPath                             = c:\Users\noeKen\AppData\Roaming\Code\User\workspaceStorage\4cd10fdc8f3a647e16675a9a8f49932b\redhat.java         {manageable} {command line}
   size_t InitialHeapSize                          = 104857600                                 {product} {command line}
   size_t MaxHeapSize                              = 1073741824                                {product} {command line}
   size_t MaxNewSize                               = 357564416                                 {product} {ergonomic}
   size_t MinHeapDeltaBytes                        = 524288                                    {product} {ergonomic}
   size_t MinHeapSize                              = 104857600                                 {product} {command line}
   size_t NewSize                                  = 34603008                                  {product} {ergonomic}
    uintx NonNMethodCodeHeapSize                   = 5839372                                {pd product} {ergonomic}
    uintx NonProfiledCodeHeapSize                  = 122909434                              {pd product} {ergonomic}
   size_t OldSize                                  = 70254592                                  {product} {ergonomic}
    uintx ProfiledCodeHeapSize                     = 122909434                              {pd product} {ergonomic}
    uintx ReservedCodeCacheSize                    = 251658240                              {pd product} {ergonomic}
     bool SegmentedCodeCache                       = true                                      {product} {ergonomic}
   size_t SoftMaxHeapSize                          = 1073741824                             {manageable} {ergonomic}
     bool UseCompressedClassPointers               = true                           {product lp64_product} {ergonomic}
     bool UseCompressedOops                        = true                           {product lp64_product} {ergonomic}
     bool UseLargePagesIndividualAllocation        = false                                  {pd product} {ergonomic}
     bool UseParallelGC                            = true                                      {product} {command line}

Logging:
Log output configuration:
 #0: stdout all=off uptime,level,tags
 #1: stderr all=off uptime,level,tags

Environment Variables:
JAVA_HOME=C:\Program Files\OpenJDK\openjdk-11.0.16_8
PATH=C:\Program Files\Eclipse Adoptium\jdk-17.0.5.8-hotspot\bin;C:\Program Files (x86)\Intel\Intel(R) Management Engine Components\iCLS\;C:\Program Files\Intel\Intel(R) Management Engine Components\iCLS\;C:\Windows\system32;C:\Windows;C:\Windows\System32\Wbem;C:\Windows\System32\WindowsPowerShell\v1.0\;C:\Program Files (x86)\Intel\Intel(R) Management Engine Components\DAL;C:\Program Files\Intel\Intel(R) Management Engine Components\DAL;C:\Program Files (x86)\Intel\Intel(R) Management Engine Components\IPT;C:\Program Files\Intel\Intel(R) Management Engine Components\IPT;C:\Program Files (x86)\NVIDIA Corporation\PhysX\Common;C:\Program Files\Intel\WiFi\bin\;C:\Program Files\Common Files\Intel\WirelessCommon\;C:\WINDOWS\system32;C:\WINDOWS;C:\WINDOWS\System32\Wbem;C:\WINDOWS\System32\WindowsPowerShell\v1.0\;C:\WINDOWS\System32\OpenSSH\;C:\Users\noeKen\AppData\Roaming\nvm;C:\Program Files\nodejs;C:\ProgramData\chocolatey\bin;C:\Program Files\OpenJDK\openjdk-11.0.16_8;C:\Program Files\Git\cmd;F:\Sdk\Sdk\platform-tools;C:\Users\noeKen\AppData\Local\Microsoft\WindowsApps;C:\Users\noeKen\AppData\Roaming\nvm;C:\Program Files\nodejs;C:\Users\noeKen\AppData\Local\Programs\Microsoft VS Code\bin
USERNAME=noeKen
OS=Windows_NT
PROCESSOR_IDENTIFIER=Intel64 Family 6 Model 158 Stepping 10, GenuineIntel
TMP=C:\Users\noeKen\AppData\Local\Temp
TEMP=C:\Users\noeKen\AppData\Local\Temp



---------------  S Y S T E M  ---------------

OS:
 Windows 11 , 64 bit Build 22621 (10.0.22621.1105)
OS uptime: 2 days 3:46 hours

CPU: total 12 (initial active 12) (6 cores per cpu, 2 threads per core) family 6 model 158 stepping 10 microcode 0xde, cx8, cmov, fxsr, ht, mmx, 3dnowpref, sse, sse2, sse3, ssse3, sse4.1, sse4.2, popcnt, lzcnt, tsc, tscinvbit, avx, avx2, aes, erms, clmul, bmi1, bmi2, adx, fma, vzeroupper, clflush, clflushopt

Memory: 4k page, system-wide physical 16226M (742M free)
TotalPageFile size 31257M (AvailPageFile size 4M)
current process WorkingSet (physical memory assigned to process): 310M, peak: 314M
current process commit charge ("private bytes"): 377M, peak: 384M

vm_info: OpenJDK 64-Bit Server VM (17.0.5+8) for windows-amd64 JRE (17.0.5+8), built on Oct 19 2022 04:48:13 by "temurin" with MS VC++ 16.7 (VS2019)

END.
