#
# There is insufficient memory for the Java Runtime Environment to continue.
# Native memory allocation (malloc) failed to allocate 1407696 bytes for Chunk::new
# Possible reasons:
#   The system is out of physical RAM or swap space
#   The process is running with CompressedOops enabled, and the Java Heap may be blocking the growth of the native heap
# Possible solutions:
#   Reduce memory load on the system
#   Increase physical memory or swap space
#   Check if swap backing store is full
#   Decrease Java heap size (-Xmx/-Xms)
#   Decrease number of Java threads
#   Decrease Java thread stack sizes (-Xss)
#   Set larger code cache with -XX:ReservedCodeCacheSize=
#   JVM is running with Unscaled Compressed Oops mode in which the Java heap is
#     placed in the first 4GB address space. The Java Heap base address is the
#     maximum limit for the native heap growth. Please use -XX:HeapBaseMinAddress
#     to set the Java Heap base and to place the Java Heap above 4GB virtual address.
# This output file may be truncated or incomplete.
#
#  Out of Memory Error (arena.cpp:189), pid=17480, tid=17448
#
# JRE version: OpenJDK Runtime Environment Temurin-17.0.5+8 (17.0.5+8) (build 17.0.5+8)
# Java VM: OpenJDK 64-Bit Server VM Temurin-17.0.5+8 (17.0.5+8, mixed mode, tiered, compressed oops, compressed class ptrs, parallel gc, windows-amd64)
# No core dump will be written. Minidumps are not enabled by default on client versions of Windows
#

---------------  S U M M A R Y ------------

Command Line: --add-modules=ALL-SYSTEM --add-opens=java.base/java.util=ALL-UNNAMED --add-opens=java.base/java.lang=ALL-UNNAMED --add-opens=java.base/sun.nio.fs=ALL-UNNAMED -Declipse.application=org.eclipse.jdt.ls.core.id1 -Dosgi.bundles.defaultStartLevel=4 -Declipse.product=org.eclipse.jdt.ls.core.product -Djava.import.generatesMetadataFilesAtProjectRoot=false -Dfile.encoding=utf8 -XX:+UseParallelGC -XX:GCTimeRatio=4 -XX:AdaptiveSizePolicyWeight=90 -Dsun.zip.disableMemoryMapping=true -Xmx1G -Xms100m -Xlog:disable -javaagent:c:\Users\noeKen\.vscode\extensions\redhat.java-1.14.0-win32-x64\lombok\lombok-1.18.24.jar -XX:+HeapDumpOnOutOfMemoryError -XX:HeapDumpPath=c:\Users\noeKen\AppData\Roaming\Code\User\workspaceStorage\4cd10fdc8f3a647e16675a9a8f49932b\redhat.java c:\Users\noeKen\.vscode\extensions\redhat.java-1.14.0-win32-x64\server\plugins\org.eclipse.equinox.launcher_1.6.400.v20210924-0641.jar -configuration c:\Users\noeKen\AppData\Roaming\Code\User\globalStorage\redhat.java\1.14.0\config_win -data c:\Users\noeKen\AppData\Roaming\Code\User\workspaceStorage\4cd10fdc8f3a647e16675a9a8f49932b\redhat.java\jdt_ws

Host: Intel(R) Core(TM) i7-8750H CPU @ 2.20GHz, 12 cores, 15G,  Windows 11 , 64 bit Build 22621 (10.0.22621.1105)
Time: Wed Feb 15 13:39:02 2023 Afr. centrale Ouest elapsed time: 3.552702 seconds (0d 0h 0m 3s)

---------------  T H R E A D  ---------------

Current thread (0x000001c4f65c5e40):  JavaThread "C2 CompilerThread0" daemon [_thread_in_native, id=17448, stack(0x000000c29e100000,0x000000c29e200000)]


Current CompileTask:
C2:   3552 3888   !   4       org.eclipse.osgi.internal.loader.classpath.ClasspathManager::findClassImpl (308 bytes)

Stack: [0x000000c29e100000,0x000000c29e200000]
Native frames: (J=compiled Java code, j=interpreted, Vv=VM code, C=native code)
V  [jvm.dll+0x676b3a]
V  [jvm.dll+0x831444]
V  [jvm.dll+0x832bee]
V  [jvm.dll+0x833253]
V  [jvm.dll+0x244ce5]
V  [jvm.dll+0xabbac]
V  [jvm.dll+0xac17c]
V  [jvm.dll+0x362d02]
V  [jvm.dll+0x32d591]
V  [jvm.dll+0x32ca3a]
V  [jvm.dll+0x217b51]
V  [jvm.dll+0x216f71]
V  [jvm.dll+0x1a343d]
V  [jvm.dll+0x22698a]
V  [jvm.dll+0x224ac5]
V  [jvm.dll+0x7e727b]
V  [jvm.dll+0x7e17ea]
V  [jvm.dll+0x6759e5]
C  [ucrtbase.dll+0x29363]
C  [KERNEL32.DLL+0x126bd]
C  [ntdll.dll+0x5dfb8]


---------------  P R O C E S S  ---------------

Threads class SMR info:
_java_thread_list=0x000001c4fb3749f0, length=28, elements={
0x000001c4edc44d50, 0x000001c4f4a09150, 0x000001c4f4a0a570, 0x000001c4f65c3810,
0x000001c4f65c40d0, 0x000001c4f65c4990, 0x000001c4f65c5250, 0x000001c4f65c5e40,
0x000001c4f66266e0, 0x000001c4f6626bf0, 0x000001c4edca9550, 0x000001c4f67555e0,
0x000001c4f68720a0, 0x000001c4f7d2f560, 0x000001c4f835ba70, 0x000001c4f8c56570,
0x000001c4f8c56a40, 0x000001c4f8c63c30, 0x000001c4f8d8a140, 0x000001c4f927fd60,
0x000001c4f927f3c0, 0x000001c4f9281570, 0x000001c4f9280700, 0x000001c4f927e080,
0x000001c4f927ea20, 0x000001c4f927f890, 0x000001c4f927eef0, 0x000001c4f9280230
}

Java Threads: ( => current thread )
  0x000001c4edc44d50 JavaThread "main" [_thread_blocked, id=24348, stack(0x000000c29d800000,0x000000c29d900000)]
  0x000001c4f4a09150 JavaThread "Reference Handler" daemon [_thread_blocked, id=19740, stack(0x000000c29db00000,0x000000c29dc00000)]
  0x000001c4f4a0a570 JavaThread "Finalizer" daemon [_thread_blocked, id=1864, stack(0x000000c29dc00000,0x000000c29dd00000)]
  0x000001c4f65c3810 JavaThread "Signal Dispatcher" daemon [_thread_blocked, id=13656, stack(0x000000c29dd00000,0x000000c29de00000)]
  0x000001c4f65c40d0 JavaThread "Attach Listener" daemon [_thread_blocked, id=3900, stack(0x000000c29de00000,0x000000c29df00000)]
  0x000001c4f65c4990 JavaThread "Service Thread" daemon [_thread_blocked, id=33624, stack(0x000000c29df00000,0x000000c29e000000)]
  0x000001c4f65c5250 JavaThread "Monitor Deflation Thread" daemon [_thread_blocked, id=7228, stack(0x000000c29e000000,0x000000c29e100000)]
=>0x000001c4f65c5e40 JavaThread "C2 CompilerThread0" daemon [_thread_in_native, id=17448, stack(0x000000c29e100000,0x000000c29e200000)]
  0x000001c4f66266e0 JavaThread "C1 CompilerThread0" daemon [_thread_in_native, id=33688, stack(0x000000c29e200000,0x000000c29e300000)]
  0x000001c4f6626bf0 JavaThread "Sweeper thread" daemon [_thread_blocked, id=32844, stack(0x000000c29e300000,0x000000c29e400000)]
  0x000001c4edca9550 JavaThread "Common-Cleaner" daemon [_thread_blocked, id=13100, stack(0x000000c29e400000,0x000000c29e500000)]
  0x000001c4f67555e0 JavaThread "C2 CompilerThread1" daemon [_thread_in_native, id=31436, stack(0x000000c29e500000,0x000000c29e600000)]
  0x000001c4f68720a0 JavaThread "Notification Thread" daemon [_thread_blocked, id=27608, stack(0x000000c29e600000,0x000000c29e700000)]
  0x000001c4f7d2f560 JavaThread "C2 CompilerThread2" daemon [_thread_in_native, id=19548, stack(0x000000c29e800000,0x000000c29e900000)]
  0x000001c4f835ba70 JavaThread "Active Thread: Equinox Container: 281ebe4a-85ca-4e41-a573-c81580af7b63" [_thread_blocked, id=18188, stack(0x000000c29ef00000,0x000000c29f000000)]
  0x000001c4f8c56570 JavaThread "Framework Event Dispatcher: Equinox Container: 281ebe4a-85ca-4e41-a573-c81580af7b63" daemon [_thread_blocked, id=33144, stack(0x000000c29f000000,0x000000c29f100000)]
  0x000001c4f8c56a40 JavaThread "Start Level: Equinox Container: 281ebe4a-85ca-4e41-a573-c81580af7b63" daemon [_thread_blocked, id=34772, stack(0x000000c29f100000,0x000000c29f200000)]
  0x000001c4f8c63c30 JavaThread "SCR Component Actor" daemon [_thread_blocked, id=31784, stack(0x000000c29f200000,0x000000c29f300000)]
  0x000001c4f8d8a140 JavaThread "SCR Component Registry" daemon [_thread_blocked, id=32352, stack(0x000000c29f500000,0x000000c29f600000)]
  0x000001c4f927fd60 JavaThread "Worker-JM" [_thread_blocked, id=24536, stack(0x000000c29f600000,0x000000c29f700000)]
  0x000001c4f927f3c0 JavaThread "Worker-0: Repository registry initialization" [_thread_in_native, id=33668, stack(0x000000c29f800000,0x000000c29f900000)]
  0x000001c4f9281570 JavaThread "Worker-1: Refreshing workspace" [_thread_in_Java, id=5040, stack(0x000000c29f900000,0x000000c29fa00000)]
  0x000001c4f9280700 JavaThread "Worker-2: Updating Maven Dependencies" [_thread_blocked, id=11860, stack(0x000000c29fa00000,0x000000c29fb00000)]
  0x000001c4f927e080 JavaThread "Java indexing" daemon [_thread_blocked, id=33956, stack(0x000000c29fb00000,0x000000c29fc00000)]
  0x000001c4f927ea20 JavaThread "JNA Cleaner" daemon [_thread_blocked, id=23288, stack(0x000000c29fc00000,0x000000c29fd00000)]
  0x000001c4f927f890 JavaThread "pool-2-thread-1" [_thread_blocked, id=31496, stack(0x000000c29fd00000,0x000000c29fe00000)]
  0x000001c4f927eef0 JavaThread "pool-1-thread-1" [_thread_blocked, id=15720, stack(0x000000c29fe00000,0x000000c29ff00000)]
  0x000001c4f9280230 JavaThread "Worker-3" [_thread_blocked, id=3904, stack(0x000000c29ff00000,0x000000c2a0000000)]

Other Threads:
  0x000001c4edccb850 VMThread "VM Thread" [stack: 0x000000c29da00000,0x000000c29db00000] [id=6488]
  0x000001c4f7be8ab0 WatcherThread [stack: 0x000000c29e700000,0x000000c29e800000] [id=18184]
  0x000001c4edc5bf10 GCTaskThread "GC Thread#0" [stack: 0x000000c29d900000,0x000000c29da00000] [id=26184]
  0x000001c4f8c95020 GCTaskThread "GC Thread#1" [stack: 0x000000c29e900000,0x000000c29ea00000] [id=6732]
  0x000001c4f8c952d0 GCTaskThread "GC Thread#2" [stack: 0x000000c29ea00000,0x000000c29eb00000] [id=2012]
  0x000001c4f8c95580 GCTaskThread "GC Thread#3" [stack: 0x000000c29eb00000,0x000000c29ec00000] [id=32076]
  0x000001c4f8c95830 GCTaskThread "GC Thread#4" [stack: 0x000000c29ec00000,0x000000c29ed00000] [id=23844]
  0x000001c4f8c95ee0 GCTaskThread "GC Thread#5" [stack: 0x000000c29ed00000,0x000000c29ee00000] [id=21392]
  0x000001c4f8c96190 GCTaskThread "GC Thread#6" [stack: 0x000000c29ee00000,0x000000c29ef00000] [id=7924]
  0x000001c4f7ded200 GCTaskThread "GC Thread#7" [stack: 0x000000c29f300000,0x000000c29f400000] [id=31592]
  0x000001c4f8f6f020 GCTaskThread "GC Thread#8" [stack: 0x000000c29f400000,0x000000c29f500000] [id=33604]
  0x000001c4f92f2cf0 GCTaskThread "GC Thread#9" [stack: 0x000000c29f700000,0x000000c29f800000] [id=25148]

Threads with active compile tasks:
C2 CompilerThread0     3577 3888   !   4       org.eclipse.osgi.internal.loader.classpath.ClasspathManager::findClassImpl (308 bytes)
C2 CompilerThread1     3577 3712   !   4       org.eclipse.osgi.internal.loader.classpath.ClasspathManager::findLocalClass (210 bytes)
C2 CompilerThread2     3577 4279       4       org.eclipse.osgi.internal.loader.classpath.ClasspathManager::findLocalClassImpl (55 bytes)

VM state: not at safepoint (normal execution)

VM Mutex/Monitor currently owned by a thread: None

Heap address: 0x00000000c0000000, size: 1024 MB, Compressed Oops mode: 32-bit

CDS archive(s) not mapped
Compressed class space mapped at: 0x0000000100000000-0x0000000140000000, reserved size: 1073741824
Narrow klass base: 0x0000000000000000, Narrow klass shift: 3, Narrow klass range: 0x140000000

GC Precious Log:
 CPUs: 12 total, 12 available
 Memory: 16226M
 Large Page Support: Disabled
 NUMA Support: Disabled
 Compressed Oops: Enabled (32-bit)
 Alignments: Space 512K, Generation 512K, Heap 2M
 Heap Min Capacity: 100M
 Heap Initial Capacity: 100M
 Heap Max Capacity: 1G
 Pre-touch: Disabled
 Parallel Workers: 10

Heap:
 PSYoungGen      total 22528K, used 22094K [0x00000000eab00000, 0x00000000ec480000, 0x0000000100000000)
  eden space 22016K, 98% used [0x00000000eab00000,0x00000000ec013ac8,0x00000000ec080000)
  from space 512K, 100% used [0x00000000ec300000,0x00000000ec380000,0x00000000ec380000)
  to   space 1024K, 0% used [0x00000000ec380000,0x00000000ec380000,0x00000000ec480000)
 ParOldGen       total 68608K, used 15404K [0x00000000c0000000, 0x00000000c4300000, 0x00000000eab00000)
  object space 68608K, 22% used [0x00000000c0000000,0x00000000c0f0b2e8,0x00000000c4300000)
 Metaspace       used 40755K, committed 41600K, reserved 1089536K
  class space    used 4281K, committed 4672K, reserved 1048576K

Card table byte_map: [0x000001c4f2280000,0x000001c4f2490000] _byte_map_base: 0x000001c4f1c80000

Marking Bits: (ParMarkBitMap*) 0x00007ff8fba30dd0
 Begin Bits: [0x000001c4f25f0000, 0x000001c4f35f0000)
 End Bits:   [0x000001c4f35f0000, 0x000001c4f45f0000)

Polling page: 0x000001c4edd00000

Metaspace:

Usage:
  Non-class:     35.62 MB used.
      Class:      4.18 MB used.
       Both:     39.80 MB used.

Virtual space:
  Non-class space:       40.00 MB reserved,      36.06 MB ( 90%) committed,  5 nodes.
      Class space:        1.00 GB reserved,       4.56 MB ( <1%) committed,  1 nodes.
             Both:        1.04 GB reserved,      40.62 MB (  4%) committed. 

Chunk freelists:
   Non-Class:  3.34 MB
       Class:  3.42 MB
        Both:  6.77 MB

MaxMetaspaceSize: unlimited
CompressedClassSpaceSize: 1.00 GB
Initial GC threshold: 21.00 MB
Current GC threshold: 58.38 MB
CDS: off
MetaspaceReclaimPolicy: balanced
 - commit_granule_bytes: 65536.
 - commit_granule_words: 8192.
 - virtual_space_node_default_size: 1048576.
 - enlarge_chunks_in_place: 1.
 - new_chunks_are_fully_committed: 0.
 - uncommit_free_chunks: 1.
 - use_allocation_guard: 0.
 - handle_deallocations: 1.


Internal statistics:

num_allocs_failed_limit: 6.
num_arena_births: 332.
num_arena_deaths: 14.
num_vsnodes_births: 6.
num_vsnodes_deaths: 0.
num_space_committed: 650.
num_space_uncommitted: 0.
num_chunks_returned_to_freelist: 20.
num_chunks_taken_from_freelist: 1690.
num_chunk_merges: 7.
num_chunk_splits: 1107.
num_chunks_enlarged: 720.
num_purges: 2.
num_inconsistent_stats: 0.

CodeHeap 'non-profiled nmethods': size=120000Kb used=2122Kb max_used=2122Kb free=117877Kb
 bounds [0x000001c487ad0000, 0x000001c487d40000, 0x000001c48f000000]
CodeHeap 'profiled nmethods': size=120000Kb used=9118Kb max_used=9118Kb free=110881Kb
 bounds [0x000001c4805a0000, 0x000001c480e90000, 0x000001c487ad0000]
CodeHeap 'non-nmethods': size=5760Kb used=1260Kb max_used=1333Kb free=4499Kb
 bounds [0x000001c480000000, 0x000001c480270000, 0x000001c4805a0000]
 total_blobs=4880 nmethods=4300 adapters=493
 compilation: enabled
              stopped_count=0, restarted_count=0
 full_count=0

Compilation events (20 events):
Event: 3.344 Thread 0x000001c4f66266e0 nmethod 4054 0x000001c480e08e90 code [0x000001c480e090a0, 0x000001c480e09ca8]
Event: 3.347 Thread 0x000001c4f66266e0 4062       1       org.codehaus.plexus.util.xml.pull.MXParser::getDepth (5 bytes)
Event: 3.347 Thread 0x000001c4f66266e0 nmethod 4062 0x000001c487cc4110 code [0x000001c487cc42a0, 0x000001c487cc4378]
Event: 3.347 Thread 0x000001c4f66266e0 4063       3       java.util.ArrayList::indexOfRange (71 bytes)
Event: 3.348 Thread 0x000001c4f66266e0 nmethod 4063 0x000001c480e09f90 code [0x000001c480e0a160, 0x000001c480e0a628]
Event: 3.350 Thread 0x000001c4f66266e0 4065       2       org.eclipse.sisu.plexus.PlexusXmlScanner::TEXT (10 bytes)
Event: 3.350 Thread 0x000001c4f66266e0 nmethod 4065 0x000001c480e0a810 code [0x000001c480e0a9c0, 0x000001c480e0ab68]
Event: 3.350 Thread 0x000001c4f66266e0 4066       2       org.codehaus.plexus.util.xml.pull.MXParser::nextText (103 bytes)
Event: 3.351 Thread 0x000001c4f66266e0 nmethod 4066 0x000001c480e0ad10 code [0x000001c480e0af60, 0x000001c480e0b5e8]
Event: 3.355 Thread 0x000001c4f66266e0 4067   !   2       org.eclipse.core.internal.refresh.RefreshJob::collectChildrenToDepth (102 bytes)
Event: 3.356 Thread 0x000001c4f66266e0 nmethod 4067 0x000001c480e0b990 code [0x000001c480e0bba0, 0x000001c480e0c0c8]
Event: 3.366 Thread 0x000001c4f66266e0 4069       2       java.util.Arrays$ArrayList::size (6 bytes)
Event: 3.366 Thread 0x000001c4f66266e0 nmethod 4069 0x000001c480e0c490 code [0x000001c480e0c620, 0x000001c480e0c738]
Event: 3.376 Thread 0x000001c4f66266e0 4070 %     3       org.codehaus.plexus.util.InterpolationFilterReader::read @ 3 (48 bytes)
Event: 3.376 Thread 0x000001c4f66266e0 nmethod 4070% 0x000001c480e0c810 code [0x000001c480e0c9e0, 0x000001c480e0cda8]
Event: 3.376 Thread 0x000001c4f66266e0 4071       3       org.codehaus.plexus.util.InterpolationFilterReader::read (48 bytes)
Event: 3.377 Thread 0x000001c4f66266e0 nmethod 4071 0x000001c480e0cf10 code [0x000001c480e0d0e0, 0x000001c480e0d408]
Event: 3.378 Thread 0x000001c4f66266e0 4072       2       org.eclipse.core.internal.jobs.DeadlockDetector::indexOf (43 bytes)
Event: 3.378 Thread 0x000001c4f66266e0 nmethod 4072 0x000001c480e0d590 code [0x000001c480e0d740, 0x000001c480e0d9f8]
Event: 3.378 Thread 0x000001c4f66266e0 4073       2       org.codehaus.plexus.util.xml.pull.MXParser::require (443 bytes)

GC Heap History (20 events):
Event: 1.885 GC heap before
{Heap before GC invocations=5 (full 1):
 PSYoungGen      total 29696K, used 4095K [0x00000000eab00000, 0x00000000ecc00000, 0x0000000100000000)
  eden space 25600K, 0% used [0x00000000eab00000,0x00000000eab00000,0x00000000ec400000)
  from space 4096K, 99% used [0x00000000ec800000,0x00000000ecbffc30,0x00000000ecc00000)
  to   space 4096K, 0% used [0x00000000ec400000,0x00000000ec400000,0x00000000ec800000)
 ParOldGen       total 68608K, used 5381K [0x00000000c0000000, 0x00000000c4300000, 0x00000000eab00000)
  object space 68608K, 7% used [0x00000000c0000000,0x00000000c05415f8,0x00000000c4300000)
 Metaspace       used 21084K, committed 21504K, reserved 1073152K
  class space    used 2144K, committed 2368K, reserved 1048576K
}
Event: 1.905 GC heap after
{Heap after GC invocations=5 (full 1):
 PSYoungGen      total 29696K, used 0K [0x00000000eab00000, 0x00000000ecc00000, 0x0000000100000000)
  eden space 25600K, 0% used [0x00000000eab00000,0x00000000eab00000,0x00000000ec400000)
  from space 4096K, 0% used [0x00000000ec800000,0x00000000ec800000,0x00000000ecc00000)
  to   space 4096K, 0% used [0x00000000ec400000,0x00000000ec400000,0x00000000ec800000)
 ParOldGen       total 68608K, used 9267K [0x00000000c0000000, 0x00000000c4300000, 0x00000000eab00000)
  object space 68608K, 13% used [0x00000000c0000000,0x00000000c090ce28,0x00000000c4300000)
 Metaspace       used 21070K, committed 21504K, reserved 1073152K
  class space    used 2140K, committed 2368K, reserved 1048576K
}
Event: 2.115 GC heap before
{Heap before GC invocations=6 (full 1):
 PSYoungGen      total 29696K, used 25600K [0x00000000eab00000, 0x00000000ecc00000, 0x0000000100000000)
  eden space 25600K, 100% used [0x00000000eab00000,0x00000000ec400000,0x00000000ec400000)
  from space 4096K, 0% used [0x00000000ec800000,0x00000000ec800000,0x00000000ecc00000)
  to   space 4096K, 0% used [0x00000000ec400000,0x00000000ec400000,0x00000000ec800000)
 ParOldGen       total 68608K, used 9267K [0x00000000c0000000, 0x00000000c4300000, 0x00000000eab00000)
  object space 68608K, 13% used [0x00000000c0000000,0x00000000c090ce28,0x00000000c4300000)
 Metaspace       used 24470K, committed 25088K, reserved 1073152K
  class space    used 2525K, committed 2816K, reserved 1048576K
}
Event: 2.116 GC heap after
{Heap after GC invocations=6 (full 1):
 PSYoungGen      total 27136K, used 1970K [0x00000000eab00000, 0x00000000eca80000, 0x0000000100000000)
  eden space 25088K, 0% used [0x00000000eab00000,0x00000000eab00000,0x00000000ec380000)
  from space 2048K, 96% used [0x00000000ec400000,0x00000000ec5ecae0,0x00000000ec600000)
  to   space 3584K, 0% used [0x00000000ec700000,0x00000000ec700000,0x00000000eca80000)
 ParOldGen       total 68608K, used 9275K [0x00000000c0000000, 0x00000000c4300000, 0x00000000eab00000)
  object space 68608K, 13% used [0x00000000c0000000,0x00000000c090ee28,0x00000000c4300000)
 Metaspace       used 24470K, committed 25088K, reserved 1073152K
  class space    used 2525K, committed 2816K, reserved 1048576K
}
Event: 2.239 GC heap before
{Heap before GC invocations=7 (full 1):
 PSYoungGen      total 27136K, used 27058K [0x00000000eab00000, 0x00000000eca80000, 0x0000000100000000)
  eden space 25088K, 100% used [0x00000000eab00000,0x00000000ec380000,0x00000000ec380000)
  from space 2048K, 96% used [0x00000000ec400000,0x00000000ec5ecae0,0x00000000ec600000)
  to   space 3584K, 0% used [0x00000000ec700000,0x00000000ec700000,0x00000000eca80000)
 ParOldGen       total 68608K, used 9275K [0x00000000c0000000, 0x00000000c4300000, 0x00000000eab00000)
  object space 68608K, 13% used [0x00000000c0000000,0x00000000c090ee28,0x00000000c4300000)
 Metaspace       used 27252K, committed 27904K, reserved 1081344K
  class space    used 2704K, committed 3008K, reserved 1048576K
}
Event: 2.240 GC heap after
{Heap after GC invocations=7 (full 1):
 PSYoungGen      total 27136K, used 2467K [0x00000000eab00000, 0x00000000ec980000, 0x0000000100000000)
  eden space 24576K, 0% used [0x00000000eab00000,0x00000000eab00000,0x00000000ec300000)
  from space 2560K, 96% used [0x00000000ec700000,0x00000000ec968ec0,0x00000000ec980000)
  to   space 3072K, 0% used [0x00000000ec380000,0x00000000ec380000,0x00000000ec680000)
 ParOldGen       total 68608K, used 9283K [0x00000000c0000000, 0x00000000c4300000, 0x00000000eab00000)
  object space 68608K, 13% used [0x00000000c0000000,0x00000000c0910e28,0x00000000c4300000)
 Metaspace       used 27252K, committed 27904K, reserved 1081344K
  class space    used 2704K, committed 3008K, reserved 1048576K
}
Event: 2.364 GC heap before
{Heap before GC invocations=8 (full 1):
 PSYoungGen      total 27136K, used 27043K [0x00000000eab00000, 0x00000000ec980000, 0x0000000100000000)
  eden space 24576K, 100% used [0x00000000eab00000,0x00000000ec300000,0x00000000ec300000)
  from space 2560K, 96% used [0x00000000ec700000,0x00000000ec968ec0,0x00000000ec980000)
  to   space 3072K, 0% used [0x00000000ec380000,0x00000000ec380000,0x00000000ec680000)
 ParOldGen       total 68608K, used 9283K [0x00000000c0000000, 0x00000000c4300000, 0x00000000eab00000)
  object space 68608K, 13% used [0x00000000c0000000,0x00000000c0910e28,0x00000000c4300000)
 Metaspace       used 29351K, committed 29952K, reserved 1081344K
  class space    used 2855K, committed 3136K, reserved 1048576K
}
Event: 2.366 GC heap after
{Heap after GC invocations=8 (full 1):
 PSYoungGen      total 27136K, used 3025K [0x00000000eab00000, 0x00000000ec980000, 0x0000000100000000)
  eden space 24064K, 0% used [0x00000000eab00000,0x00000000eab00000,0x00000000ec280000)
  from space 3072K, 98% used [0x00000000ec380000,0x00000000ec6745a8,0x00000000ec680000)
  to   space 3072K, 0% used [0x00000000ec680000,0x00000000ec680000,0x00000000ec980000)
 ParOldGen       total 68608K, used 9291K [0x00000000c0000000, 0x00000000c4300000, 0x00000000eab00000)
  object space 68608K, 13% used [0x00000000c0000000,0x00000000c0912e28,0x00000000c4300000)
 Metaspace       used 29351K, committed 29952K, reserved 1081344K
  class space    used 2855K, committed 3136K, reserved 1048576K
}
Event: 2.690 GC heap before
{Heap before GC invocations=9 (full 1):
 PSYoungGen      total 27136K, used 27089K [0x00000000eab00000, 0x00000000ec980000, 0x0000000100000000)
  eden space 24064K, 100% used [0x00000000eab00000,0x00000000ec280000,0x00000000ec280000)
  from space 3072K, 98% used [0x00000000ec380000,0x00000000ec6745a8,0x00000000ec680000)
  to   space 3072K, 0% used [0x00000000ec680000,0x00000000ec680000,0x00000000ec980000)
 ParOldGen       total 68608K, used 9291K [0x00000000c0000000, 0x00000000c4300000, 0x00000000eab00000)
  object space 68608K, 13% used [0x00000000c0000000,0x00000000c0912e28,0x00000000c4300000)
 Metaspace       used 31933K, committed 32640K, reserved 1081344K
  class space    used 3151K, committed 3456K, reserved 1048576K
}
Event: 2.691 GC heap after
{Heap after GC invocations=9 (full 1):
 PSYoungGen      total 26624K, used 3048K [0x00000000eab00000, 0x00000000ecb00000, 0x0000000100000000)
  eden space 23552K, 0% used [0x00000000eab00000,0x00000000eab00000,0x00000000ec200000)
  from space 3072K, 99% used [0x00000000ec680000,0x00000000ec97a218,0x00000000ec980000)
  to   space 4608K, 0% used [0x00000000ec200000,0x00000000ec200000,0x00000000ec680000)
 ParOldGen       total 68608K, used 10579K [0x00000000c0000000, 0x00000000c4300000, 0x00000000eab00000)
  object space 68608K, 15% used [0x00000000c0000000,0x00000000c0a54cf0,0x00000000c4300000)
 Metaspace       used 31933K, committed 32640K, reserved 1081344K
  class space    used 3151K, committed 3456K, reserved 1048576K
}
Event: 2.879 GC heap before
{Heap before GC invocations=10 (full 1):
 PSYoungGen      total 26624K, used 26600K [0x00000000eab00000, 0x00000000ecb00000, 0x0000000100000000)
  eden space 23552K, 100% used [0x00000000eab00000,0x00000000ec200000,0x00000000ec200000)
  from space 3072K, 99% used [0x00000000ec680000,0x00000000ec97a218,0x00000000ec980000)
  to   space 4608K, 0% used [0x00000000ec200000,0x00000000ec200000,0x00000000ec680000)
 ParOldGen       total 68608K, used 10579K [0x00000000c0000000, 0x00000000c4300000, 0x00000000eab00000)
  object space 68608K, 15% used [0x00000000c0000000,0x00000000c0a54cf0,0x00000000c4300000)
 Metaspace       used 33694K, committed 34432K, reserved 1081344K
  class space    used 3352K, committed 3648K, reserved 1048576K
}
Event: 2.881 GC heap after
{Heap after GC invocations=10 (full 1):
 PSYoungGen      total 25600K, used 2070K [0x00000000eab00000, 0x00000000ec780000, 0x0000000100000000)
  eden space 23040K, 0% used [0x00000000eab00000,0x00000000eab00000,0x00000000ec180000)
  from space 2560K, 80% used [0x00000000ec200000,0x00000000ec405968,0x00000000ec480000)
  to   space 3072K, 0% used [0x00000000ec480000,0x00000000ec480000,0x00000000ec780000)
 ParOldGen       total 68608K, used 12299K [0x00000000c0000000, 0x00000000c4300000, 0x00000000eab00000)
  object space 68608K, 17% used [0x00000000c0000000,0x00000000c0c02c90,0x00000000c4300000)
 Metaspace       used 33694K, committed 34432K, reserved 1081344K
  class space    used 3352K, committed 3648K, reserved 1048576K
}
Event: 3.017 GC heap before
{Heap before GC invocations=11 (full 1):
 PSYoungGen      total 25600K, used 19311K [0x00000000eab00000, 0x00000000ec780000, 0x0000000100000000)
  eden space 23040K, 74% used [0x00000000eab00000,0x00000000ebbd6338,0x00000000ec180000)
  from space 2560K, 80% used [0x00000000ec200000,0x00000000ec405968,0x00000000ec480000)
  to   space 3072K, 0% used [0x00000000ec480000,0x00000000ec480000,0x00000000ec780000)
 ParOldGen       total 68608K, used 12299K [0x00000000c0000000, 0x00000000c4300000, 0x00000000eab00000)
  object space 68608K, 17% used [0x00000000c0000000,0x00000000c0c02c90,0x00000000c4300000)
 Metaspace       used 35107K, committed 35840K, reserved 1089536K
  class space    used 3539K, committed 3840K, reserved 1048576K
}
Event: 3.018 GC heap after
{Heap after GC invocations=11 (full 1):
 PSYoungGen      total 24576K, used 1170K [0x00000000eab00000, 0x00000000ec600000, 0x0000000100000000)
  eden space 23040K, 0% used [0x00000000eab00000,0x00000000eab00000,0x00000000ec180000)
  from space 1536K, 76% used [0x00000000ec480000,0x00000000ec5a48a0,0x00000000ec600000)
  to   space 2048K, 0% used [0x00000000ec200000,0x00000000ec200000,0x00000000ec400000)
 ParOldGen       total 68608K, used 13637K [0x00000000c0000000, 0x00000000c4300000, 0x00000000eab00000)
  object space 68608K, 19% used [0x00000000c0000000,0x00000000c0d517a8,0x00000000c4300000)
 Metaspace       used 35107K, committed 35840K, reserved 1089536K
  class space    used 3539K, committed 3840K, reserved 1048576K
}
Event: 3.018 GC heap before
{Heap before GC invocations=12 (full 2):
 PSYoungGen      total 24576K, used 1170K [0x00000000eab00000, 0x00000000ec600000, 0x0000000100000000)
  eden space 23040K, 0% used [0x00000000eab00000,0x00000000eab00000,0x00000000ec180000)
  from space 1536K, 76% used [0x00000000ec480000,0x00000000ec5a48a0,0x00000000ec600000)
  to   space 2048K, 0% used [0x00000000ec200000,0x00000000ec200000,0x00000000ec400000)
 ParOldGen       total 68608K, used 13637K [0x00000000c0000000, 0x00000000c4300000, 0x00000000eab00000)
  object space 68608K, 19% used [0x00000000c0000000,0x00000000c0d517a8,0x00000000c4300000)
 Metaspace       used 35107K, committed 35840K, reserved 1089536K
  class space    used 3539K, committed 3840K, reserved 1048576K
}
Event: 3.039 GC heap after
{Heap after GC invocations=12 (full 2):
 PSYoungGen      total 24576K, used 0K [0x00000000eab00000, 0x00000000ec600000, 0x0000000100000000)
  eden space 23040K, 0% used [0x00000000eab00000,0x00000000eab00000,0x00000000ec180000)
  from space 1536K, 0% used [0x00000000ec480000,0x00000000ec480000,0x00000000ec600000)
  to   space 2048K, 0% used [0x00000000ec200000,0x00000000ec200000,0x00000000ec400000)
 ParOldGen       total 68608K, used 14434K [0x00000000c0000000, 0x00000000c4300000, 0x00000000eab00000)
  object space 68608K, 21% used [0x00000000c0000000,0x00000000c0e189a8,0x00000000c4300000)
 Metaspace       used 35107K, committed 35840K, reserved 1089536K
  class space    used 3539K, committed 3840K, reserved 1048576K
}
Event: 3.188 GC heap before
{Heap before GC invocations=13 (full 2):
 PSYoungGen      total 24576K, used 23040K [0x00000000eab00000, 0x00000000ec600000, 0x0000000100000000)
  eden space 23040K, 100% used [0x00000000eab00000,0x00000000ec180000,0x00000000ec180000)
  from space 1536K, 0% used [0x00000000ec480000,0x00000000ec480000,0x00000000ec600000)
  to   space 2048K, 0% used [0x00000000ec200000,0x00000000ec200000,0x00000000ec400000)
 ParOldGen       total 68608K, used 14434K [0x00000000c0000000, 0x00000000c4300000, 0x00000000eab00000)
  object space 68608K, 21% used [0x00000000c0000000,0x00000000c0e189a8,0x00000000c4300000)
 Metaspace       used 37042K, committed 37888K, reserved 1089536K
  class space    used 3783K, committed 4160K, reserved 1048576K
}
Event: 3.189 GC heap after
{Heap after GC invocations=13 (full 2):
 PSYoungGen      total 24576K, used 752K [0x00000000eab00000, 0x00000000ec500000, 0x0000000100000000)
  eden space 22528K, 0% used [0x00000000eab00000,0x00000000eab00000,0x00000000ec100000)
  from space 2048K, 36% used [0x00000000ec200000,0x00000000ec2bc010,0x00000000ec400000)
  to   space 1024K, 0% used [0x00000000ec400000,0x00000000ec400000,0x00000000ec500000)
 ParOldGen       total 68608K, used 14442K [0x00000000c0000000, 0x00000000c4300000, 0x00000000eab00000)
  object space 68608K, 21% used [0x00000000c0000000,0x00000000c0e1a9a8,0x00000000c4300000)
 Metaspace       used 37042K, committed 37888K, reserved 1089536K
  class space    used 3783K, committed 4160K, reserved 1048576K
}
Event: 3.342 GC heap before
{Heap before GC invocations=14 (full 2):
 PSYoungGen      total 24576K, used 23280K [0x00000000eab00000, 0x00000000ec500000, 0x0000000100000000)
  eden space 22528K, 100% used [0x00000000eab00000,0x00000000ec100000,0x00000000ec100000)
  from space 2048K, 36% used [0x00000000ec200000,0x00000000ec2bc010,0x00000000ec400000)
  to   space 1024K, 0% used [0x00000000ec400000,0x00000000ec400000,0x00000000ec500000)
 ParOldGen       total 68608K, used 14442K [0x00000000c0000000, 0x00000000c4300000, 0x00000000eab00000)
  object space 68608K, 21% used [0x00000000c0000000,0x00000000c0e1a9a8,0x00000000c4300000)
 Metaspace       used 38503K, committed 39360K, reserved 1089536K
  class space    used 3983K, committed 4352K, reserved 1048576K
}
Event: 3.343 GC heap after
{Heap after GC invocations=14 (full 2):
 PSYoungGen      total 23040K, used 588K [0x00000000eab00000, 0x00000000ec500000, 0x0000000100000000)
  eden space 22016K, 0% used [0x00000000eab00000,0x00000000eab00000,0x00000000ec080000)
  from space 1024K, 57% used [0x00000000ec400000,0x00000000ec493240,0x00000000ec500000)
  to   space 1024K, 0% used [0x00000000ec300000,0x00000000ec300000,0x00000000ec400000)
 ParOldGen       total 68608K, used 15084K [0x00000000c0000000, 0x00000000c4300000, 0x00000000eab00000)
  object space 68608K, 21% used [0x00000000c0000000,0x00000000c0ebb2e8,0x00000000c4300000)
 Metaspace       used 38503K, committed 39360K, reserved 1089536K
  class space    used 3983K, committed 4352K, reserved 1048576K
}

Dll operation events (10 events):
Event: 0.014 Loaded shared library c:\Users\noeKen\.vscode\extensions\redhat.java-1.14.0-win32-x64\jre\17.0.5-win32-x86_64\bin\java.dll
Event: 0.214 Loaded shared library c:\Users\noeKen\.vscode\extensions\redhat.java-1.14.0-win32-x64\jre\17.0.5-win32-x86_64\bin\zip.dll
Event: 0.217 Loaded shared library C:\Users\noeKen\.vscode\extensions\redhat.java-1.14.0-win32-x64\jre\17.0.5-win32-x86_64\bin\instrument.dll
Event: 0.228 Loaded shared library C:\Users\noeKen\.vscode\extensions\redhat.java-1.14.0-win32-x64\jre\17.0.5-win32-x86_64\bin\net.dll
Event: 0.230 Loaded shared library C:\Users\noeKen\.vscode\extensions\redhat.java-1.14.0-win32-x64\jre\17.0.5-win32-x86_64\bin\nio.dll
Event: 0.235 Loaded shared library C:\Users\noeKen\.vscode\extensions\redhat.java-1.14.0-win32-x64\jre\17.0.5-win32-x86_64\bin\zip.dll
Event: 0.249 Loaded shared library C:\Users\noeKen\.vscode\extensions\redhat.java-1.14.0-win32-x64\jre\17.0.5-win32-x86_64\bin\jimage.dll
Event: 0.285 Loaded shared library c:\Users\noeKen\.vscode\extensions\redhat.java-1.14.0-win32-x64\jre\17.0.5-win32-x86_64\bin\verify.dll
Event: 1.140 Loaded shared library C:\Users\noeKen\AppData\Roaming\Code\User\globalStorage\redhat.java\1.14.0\config_win\org.eclipse.equinox.launcher\org.eclipse.equinox.launcher.win32.win32.x86_64_1.2.700.v20221108-1024\eclipse_11801.dll
Event: 2.729 Loaded shared library C:\Users\noeKen\AppData\Local\Temp\jna--1040165648\jna18033478096006074120.dll

Deoptimization events (20 events):
Event: 3.223 Thread 0x000001c4f927f3c0 DEOPT PACKING pc=0x000001c487c3c974 sp=0x000000c29f8fe570
Event: 3.223 Thread 0x000001c4f927f3c0 DEOPT UNPACKING pc=0x000001c4800520a3 sp=0x000000c29f8fe518 mode 2
Event: 3.286 Thread 0x000001c4f9281570 DEOPT PACKING pc=0x000001c480cc2c44 sp=0x000000c29f9febd0
Event: 3.286 Thread 0x000001c4f9281570 DEOPT UNPACKING pc=0x000001c480052843 sp=0x000000c29f9fe110 mode 0
Event: 3.305 Thread 0x000001c4f927f3c0 Uncommon trap: trap_request=0xffffffde fr.pc=0x000001c487c66b7c relative=0x000000000000023c
Event: 3.305 Thread 0x000001c4f927f3c0 Uncommon trap: reason=class_check action=maybe_recompile pc=0x000001c487c66b7c method=java.util.regex.Matcher.getTextLength()I @ 4 c2
Event: 3.305 Thread 0x000001c4f927f3c0 DEOPT PACKING pc=0x000001c487c66b7c sp=0x000000c29f8fdf80
Event: 3.305 Thread 0x000001c4f927f3c0 DEOPT UNPACKING pc=0x000001c4800520a3 sp=0x000000c29f8fdea8 mode 2
Event: 3.324 Thread 0x000001c4f927f3c0 Uncommon trap: trap_request=0xffffff45 fr.pc=0x000001c487bab0b8 relative=0x0000000000000118
Event: 3.324 Thread 0x000001c4f927f3c0 Uncommon trap: reason=unstable_if action=reinterpret pc=0x000001c487bab0b8 method=java.util.ArrayList.indexOfRange(Ljava/lang/Object;II)I @ 7 c2
Event: 3.324 Thread 0x000001c4f927f3c0 DEOPT PACKING pc=0x000001c487bab0b8 sp=0x000000c29f8fe1d0
Event: 3.324 Thread 0x000001c4f927f3c0 DEOPT UNPACKING pc=0x000001c4800520a3 sp=0x000000c29f8fe090 mode 2
Event: 3.332 Thread 0x000001c4f927f3c0 Uncommon trap: trap_request=0xffffff45 fr.pc=0x000001c487b906a0 relative=0x0000000000000100
Event: 3.332 Thread 0x000001c4f927f3c0 Uncommon trap: reason=unstable_if action=reinterpret pc=0x000001c487b906a0 method=java.util.ArrayList.indexOfRange(Ljava/lang/Object;II)I @ 7 c2
Event: 3.332 Thread 0x000001c4f927f3c0 DEOPT PACKING pc=0x000001c487b906a0 sp=0x000000c29f8fe170
Event: 3.332 Thread 0x000001c4f927f3c0 DEOPT UNPACKING pc=0x000001c4800520a3 sp=0x000000c29f8fe0f0 mode 2
Event: 3.339 Thread 0x000001c4f927f3c0 Uncommon trap: trap_request=0xffffffde fr.pc=0x000001c487c66b7c relative=0x000000000000023c
Event: 3.339 Thread 0x000001c4f927f3c0 Uncommon trap: reason=class_check action=maybe_recompile pc=0x000001c487c66b7c method=java.util.regex.Matcher.getTextLength()I @ 4 c2
Event: 3.339 Thread 0x000001c4f927f3c0 DEOPT PACKING pc=0x000001c487c66b7c sp=0x000000c29f8fdf80
Event: 3.339 Thread 0x000001c4f927f3c0 DEOPT UNPACKING pc=0x000001c4800520a3 sp=0x000000c29f8fdea8 mode 2

Classes unloaded (7 events):
Event: 1.889 Thread 0x000001c4edccb850 Unloading class 0x0000000100216400 'java/lang/invoke/LambdaForm$MH+0x0000000100216400'
Event: 1.889 Thread 0x000001c4edccb850 Unloading class 0x0000000100216000 'java/lang/invoke/LambdaForm$MH+0x0000000100216000'
Event: 1.889 Thread 0x000001c4edccb850 Unloading class 0x0000000100215c00 'java/lang/invoke/LambdaForm$MH+0x0000000100215c00'
Event: 1.889 Thread 0x000001c4edccb850 Unloading class 0x0000000100215400 'java/lang/invoke/LambdaForm$MH+0x0000000100215400'
Event: 1.889 Thread 0x000001c4edccb850 Unloading class 0x0000000100215000 'java/lang/invoke/LambdaForm$BMH+0x0000000100215000'
Event: 1.889 Thread 0x000001c4edccb850 Unloading class 0x0000000100214c00 'java/lang/invoke/LambdaForm$DMH+0x0000000100214c00'
Event: 1.889 Thread 0x000001c4edccb850 Unloading class 0x0000000100212000 'java/lang/invoke/LambdaForm$DMH+0x0000000100212000'

Classes redefined (0 events):
No events

Internal exceptions (20 events):
Event: 2.562 Thread 0x000001c4f9281570 Exception <a 'sun/nio/fs/WindowsException'{0x00000000eba0c4e0}> (0x00000000eba0c4e0) 
thrown [s\src\hotspot\share\prims\jni.cpp, line 516]
Event: 2.564 Thread 0x000001c4f9281570 Exception <a 'sun/nio/fs/WindowsException'{0x00000000eba14b40}> (0x00000000eba14b40) 
thrown [s\src\hotspot\share\prims\jni.cpp, line 516]
Event: 2.564 Thread 0x000001c4f9281570 Exception <a 'sun/nio/fs/WindowsException'{0x00000000eba16680}> (0x00000000eba16680) 
thrown [s\src\hotspot\share\prims\jni.cpp, line 516]
Event: 2.566 Thread 0x000001c4f9281570 Exception <a 'sun/nio/fs/WindowsException'{0x00000000eba1eab8}> (0x00000000eba1eab8) 
thrown [s\src\hotspot\share\prims\jni.cpp, line 516]
Event: 2.566 Thread 0x000001c4f9281570 Exception <a 'sun/nio/fs/WindowsException'{0x00000000eba204f8}> (0x00000000eba204f8) 
thrown [s\src\hotspot\share\prims\jni.cpp, line 516]
Event: 2.618 Thread 0x000001c4f8c56a40 Exception <a 'java/lang/ClassNotFoundException'{0x00000000ebd9d000}: com/sun/org/apache/xml/internal/serializer/spi/XMLEntitiesProvider> (0x00000000ebd9d000) 
thrown [s\src\hotspot\share\classfile\systemDictionary.cpp, line 256]
Event: 2.695 Thread 0x000001c4f8c56a40 Exception <a 'java/io/FileNotFoundException'{0x00000000eab36ec0}> (0x00000000eab36ec0) 
thrown [s\src\hotspot\share\prims\jni.cpp, line 516]
Event: 2.761 Thread 0x000001c4f8c56a40 Exception <a 'java/lang/UnsatisfiedLinkError'{0x00000000eb089230}: La procédure spécifiée est introuvable.
> (0x00000000eb089230) 
thrown [s\src\hotspot\share\prims\jni.cpp, line 535]
Event: 2.764 Thread 0x000001c4f8c56a40 Exception <a 'java/io/FileNotFoundException'{0x00000000eb0f90e8}> (0x00000000eb0f90e8) 
thrown [s\src\hotspot\share\prims\jni.cpp, line 516]
Event: 2.776 Thread 0x000001c4f8c56a40 Exception <a 'java/lang/UnsatisfiedLinkError'{0x00000000eb269dd8}: La procédure spécifiée est introuvable.
> (0x00000000eb269dd8) 
thrown [s\src\hotspot\share\prims\jni.cpp, line 535]
Event: 2.838 Thread 0x000001c4edc44d50 Exception <a 'java/lang/NoSuchMethodError'{0x00000000ebe8a3a8}: 'java.lang.Object java.lang.invoke.DirectMethodHandle$Holder.invokeStatic(java.lang.Object, java.lang.Object, long, java.lang.Object)'> (0x00000000ebe8a3a8) 
thrown [s\src\hotspot\share\interpreter\linkResolver.cpp, line 759]
Event: 2.839 Thread 0x000001c4edc44d50 Exception <a 'java/lang/NoSuchMethodError'{0x00000000ebe8de40}: 'java.lang.Object java.lang.invoke.DirectMethodHandle$Holder.invokeStaticInit(java.lang.Object, java.lang.Object, long, java.lang.Object)'> (0x00000000ebe8de40) 
thrown [s\src\hotspot\share\interpreter\linkResolver.cpp, line 759]
Event: 2.839 Thread 0x000001c4edc44d50 Exception <a 'java/lang/NoSuchMethodError'{0x00000000ebe94450}: 'java.lang.Object java.lang.invoke.DirectMethodHandle$Holder.newInvokeSpecial(java.lang.Object, java.lang.Object, long)'> (0x00000000ebe94450) 
thrown [s\src\hotspot\share\interpreter\linkResolver.cpp, line 759]
Event: 2.840 Thread 0x000001c4edc44d50 Exception <a 'java/lang/NoSuchMethodError'{0x00000000ebeb1b38}: 'java.lang.Object java.lang.invoke.Invokers$Holder.linkToTargetMethod(java.lang.Object, long, java.lang.Object)'> (0x00000000ebeb1b38) 
thrown [s\src\hotspot\share\interpreter\linkResolver.cpp, line 759]
Event: 2.882 Thread 0x000001c4edc44d50 Exception <a 'java/lang/NoSuchMethodError'{0x00000000eab31888}: 'void java.lang.invoke.DirectMethodHandle$Holder.invokeStatic(java.lang.Object, java.lang.Object, java.lang.Object, java.lang.Object)'> (0x00000000eab31888) 
thrown [s\src\hotspot\share\interpreter\linkResolver.cpp, line 759]
Event: 3.008 Thread 0x000001c4edc44d50 Exception <a 'java/lang/NoSuchMethodError'{0x00000000ebab89c8}: 'void java.lang.invoke.DirectMethodHandle$Holder.invokeSpecial(java.lang.Object, java.lang.Object, java.lang.Object, java.lang.Object, java.lang.Object, java.lang.Object)'> (0x00000000ebab89c8) 
thrown [s\src\hotspot\share\interpreter\linkResolver.cpp, line 759]
Event: 3.009 Thread 0x000001c4edc44d50 Exception <a 'java/lang/NoSuchMethodError'{0x00000000ebac0080}: 'java.lang.Object java.lang.invoke.DirectMethodHandle$Holder.newInvokeSpecial(java.lang.Object, java.lang.Object, java.lang.Object, java.lang.Object, java.lang.Object)'> (0x00000000ebac0080) 
thrown [s\src\hotspot\share\interpreter\linkResolver.cpp, line 759]
Event: 3.108 Thread 0x000001c4f927eef0 Exception <a 'java/io/FileNotFoundException'{0x00000000eb3a0f30}> (0x00000000eb3a0f30) 
thrown [s\src\hotspot\share\prims\jni.cpp, line 516]
Event: 3.127 Thread 0x000001c4f927eef0 Implicit null exception at 0x000001c487c50fca to 0x000001c487c51cf4
Event: 3.302 Thread 0x000001c4f927f3c0 Exception <a 'java/lang/NoClassDefFoundError'{0x00000000ebaff340}: javax/enterprise/inject/Typed> (0x00000000ebaff340) 
thrown [s\src\hotspot\share\classfile\systemDictionary.cpp, line 245]

VM Operations (20 events):
Event: 2.642 Executing VM operation: HandshakeAllThreads
Event: 2.642 Executing VM operation: HandshakeAllThreads done
Event: 2.689 Executing VM operation: ParallelGCFailedAllocation
Event: 2.692 Executing VM operation: ParallelGCFailedAllocation done
Event: 2.745 Executing VM operation: HandshakeAllThreads
Event: 2.745 Executing VM operation: HandshakeAllThreads done
Event: 2.879 Executing VM operation: ParallelGCFailedAllocation
Event: 2.881 Executing VM operation: ParallelGCFailedAllocation done
Event: 3.017 Executing VM operation: CollectForMetadataAllocation
Event: 3.039 Executing VM operation: CollectForMetadataAllocation done
Event: 3.122 Executing VM operation: HandshakeAllThreads
Event: 3.122 Executing VM operation: HandshakeAllThreads done
Event: 3.146 Executing VM operation: HandshakeAllThreads
Event: 3.146 Executing VM operation: HandshakeAllThreads done
Event: 3.188 Executing VM operation: ParallelGCFailedAllocation
Event: 3.189 Executing VM operation: ParallelGCFailedAllocation done
Event: 3.286 Executing VM operation: HandshakeAllThreads
Event: 3.286 Executing VM operation: HandshakeAllThreads done
Event: 3.342 Executing VM operation: ParallelGCFailedAllocation
Event: 3.343 Executing VM operation: ParallelGCFailedAllocation done

Events (20 events):
Event: 3.094 loading class java/io/InvalidObjectException done
Event: 3.115 loading class java/util/concurrent/CancellationException
Event: 3.115 loading class java/util/concurrent/CancellationException done
Event: 3.116 Thread 0x000001c4f9280230 Thread added: 0x000001c4f9280230
Event: 3.119 loading class java/util/concurrent/locks/ReentrantReadWriteLock$Sync$HoldCounter
Event: 3.119 loading class java/util/concurrent/locks/ReentrantReadWriteLock$Sync$HoldCounter done
Event: 3.123 loading class jdk/internal/reflect/UnsafeIntegerFieldAccessorImpl
Event: 3.123 loading class jdk/internal/reflect/UnsafeIntegerFieldAccessorImpl done
Event: 3.169 loading class java/io/FilterReader
Event: 3.169 loading class java/io/FilterReader done
Event: 3.241 loading class java/lang/annotation/ElementType
Event: 3.241 loading class java/lang/annotation/ElementType done
Event: 3.253 loading class java/util/ServiceConfigurationError
Event: 3.253 loading class java/util/ServiceConfigurationError done
Event: 3.289 loading class java/lang/Short$ShortCache
Event: 3.289 loading class java/lang/Short$ShortCache done
Event: 3.301 loading class java/lang/annotation/IncompleteAnnotationException
Event: 3.301 loading class java/lang/annotation/IncompleteAnnotationException done
Event: 3.340 loading class jdk/internal/access/foreign/MemorySegmentProxy
Event: 3.340 loading class jdk/internal/access/foreign/MemorySegmentProxy done


Dynamic libraries:
0x00007ff68ac90000 - 0x00007ff68ac9e000 	c:\Users\noeKen\.vscode\extensions\redhat.java-1.14.0-win32-x64\jre\17.0.5-win32-x86_64\bin\java.exe
0x00007ff9a2e90000 - 0x00007ff9a30a4000 	C:\WINDOWS\SYSTEM32\ntdll.dll
0x00007ff9a1ce0000 - 0x00007ff9a1da3000 	C:\WINDOWS\System32\KERNEL32.DLL
0x00007ff9a0610000 - 0x00007ff9a09ad000 	C:\WINDOWS\System32\KERNELBASE.dll
0x00007ff9a04f0000 - 0x00007ff9a0601000 	C:\WINDOWS\System32\ucrtbase.dll
0x00007ff96de50000 - 0x00007ff96de69000 	c:\Users\noeKen\.vscode\extensions\redhat.java-1.14.0-win32-x64\jre\17.0.5-win32-x86_64\bin\VCRUNTIME140.dll
0x00007ff970880000 - 0x00007ff970897000 	c:\Users\noeKen\.vscode\extensions\redhat.java-1.14.0-win32-x64\jre\17.0.5-win32-x86_64\bin\jli.dll
0x00007ff9a12f0000 - 0x00007ff9a149d000 	C:\WINDOWS\System32\USER32.dll
0x00007ff9933c0000 - 0x00007ff99364e000 	C:\WINDOWS\WinSxS\amd64_microsoft.windows.common-controls_6595b64144ccf1df_6.0.22621.608_none_a9444ca7c10bb01d\COMCTL32.dll
0x00007ff9a02b0000 - 0x00007ff9a02d6000 	C:\WINDOWS\System32\win32u.dll
0x00007ff9a1db0000 - 0x00007ff9a1e57000 	C:\WINDOWS\System32\msvcrt.dll
0x00007ff9a1e60000 - 0x00007ff9a1e89000 	C:\WINDOWS\System32\GDI32.dll
0x00007ff9a0360000 - 0x00007ff9a0472000 	C:\WINDOWS\System32\gdi32full.dll
0x00007ff9a0b20000 - 0x00007ff9a0bba000 	C:\WINDOWS\System32\msvcp_win.dll
0x00007ff9a1520000 - 0x00007ff9a1552000 	C:\WINDOWS\System32\IMM32.DLL
0x00007ff977e70000 - 0x00007ff977e7c000 	c:\Users\noeKen\.vscode\extensions\redhat.java-1.14.0-win32-x64\jre\17.0.5-win32-x86_64\bin\vcruntime140_1.dll
0x00007ff94e3c0000 - 0x00007ff94e451000 	c:\Users\noeKen\.vscode\extensions\redhat.java-1.14.0-win32-x64\jre\17.0.5-win32-x86_64\bin\msvcp140.dll
0x00007ff8faeb0000 - 0x00007ff8fbaf4000 	c:\Users\noeKen\.vscode\extensions\redhat.java-1.14.0-win32-x64\jre\17.0.5-win32-x86_64\bin\server\jvm.dll
0x00007ff9a2da0000 - 0x00007ff9a2e4e000 	C:\WINDOWS\System32\ADVAPI32.dll
0x00007ff9a2cf0000 - 0x00007ff9a2d94000 	C:\WINDOWS\System32\sechost.dll
0x00007ff9a1ee0000 - 0x00007ff9a1ff5000 	C:\WINDOWS\System32\RPCRT4.dll
0x00007ff98b720000 - 0x00007ff98b729000 	C:\WINDOWS\SYSTEM32\WSOCK32.dll
0x00007ff9996d0000 - 0x00007ff999704000 	C:\WINDOWS\SYSTEM32\WINMM.dll
0x00007ff99a4e0000 - 0x00007ff99a4ea000 	C:\WINDOWS\SYSTEM32\VERSION.dll
0x00007ff9a1700000 - 0x00007ff9a1771000 	C:\WINDOWS\System32\WS2_32.dll
0x00007ff99f300000 - 0x00007ff99f318000 	C:\WINDOWS\SYSTEM32\kernel.appcore.dll
0x00007ff977c30000 - 0x00007ff977c3a000 	c:\Users\noeKen\.vscode\extensions\redhat.java-1.14.0-win32-x64\jre\17.0.5-win32-x86_64\bin\jimage.dll
0x00007ff989f10000 - 0x00007ff98a13e000 	C:\WINDOWS\SYSTEM32\DBGHELP.DLL
0x00007ff9a1950000 - 0x00007ff9a1cda000 	C:\WINDOWS\System32\combase.dll
0x00007ff9a1560000 - 0x00007ff9a1637000 	C:\WINDOWS\System32\OLEAUT32.dll
0x00007ff989ed0000 - 0x00007ff989f02000 	C:\WINDOWS\SYSTEM32\dbgcore.DLL
0x00007ff9a02e0000 - 0x00007ff9a035b000 	C:\WINDOWS\System32\bcryptPrimitives.dll
0x00007ff977fb0000 - 0x00007ff977fbe000 	c:\Users\noeKen\.vscode\extensions\redhat.java-1.14.0-win32-x64\jre\17.0.5-win32-x86_64\bin\instrument.dll
0x00007ff977f80000 - 0x00007ff977fa5000 	c:\Users\noeKen\.vscode\extensions\redhat.java-1.14.0-win32-x64\jre\17.0.5-win32-x86_64\bin\java.dll
0x00007ff977a20000 - 0x00007ff977a38000 	c:\Users\noeKen\.vscode\extensions\redhat.java-1.14.0-win32-x64\jre\17.0.5-win32-x86_64\bin\zip.dll
0x00007ff9a2500000 - 0x00007ff9a2cef000 	C:\WINDOWS\System32\SHELL32.dll
0x00007ff99e2d0000 - 0x00007ff99eb98000 	C:\WINDOWS\SYSTEM32\windows.storage.dll
0x00007ff99e190000 - 0x00007ff99e2ce000 	C:\WINDOWS\SYSTEM32\wintypes.dll
0x00007ff9a2120000 - 0x00007ff9a2211000 	C:\WINDOWS\System32\SHCORE.dll
0x00007ff9a1780000 - 0x00007ff9a17de000 	C:\WINDOWS\System32\shlwapi.dll
0x00007ff9a01e0000 - 0x00007ff9a0201000 	C:\WINDOWS\SYSTEM32\profapi.dll
0x00007ff9772d0000 - 0x00007ff9772e9000 	C:\Users\noeKen\.vscode\extensions\redhat.java-1.14.0-win32-x64\jre\17.0.5-win32-x86_64\bin\net.dll
0x00007ff999c70000 - 0x00007ff999d9f000 	C:\WINDOWS\SYSTEM32\WINHTTP.dll
0x00007ff99f770000 - 0x00007ff99f7d9000 	C:\WINDOWS\system32\mswsock.dll
0x00007ff976ee0000 - 0x00007ff976ef5000 	C:\Users\noeKen\.vscode\extensions\redhat.java-1.14.0-win32-x64\jre\17.0.5-win32-x86_64\bin\nio.dll
0x00007ff977f70000 - 0x00007ff977f80000 	c:\Users\noeKen\.vscode\extensions\redhat.java-1.14.0-win32-x64\jre\17.0.5-win32-x86_64\bin\verify.dll
0x00007ff976e10000 - 0x00007ff976e4e000 	C:\Users\noeKen\AppData\Roaming\Code\User\globalStorage\redhat.java\1.14.0\config_win\org.eclipse.equinox.launcher\org.eclipse.equinox.launcher.win32.win32.x86_64_1.2.700.v20221108-1024\eclipse_11801.dll
0x00007ff9a22b0000 - 0x00007ff9a244c000 	C:\WINDOWS\System32\ole32.dll
0x00007ff99fa40000 - 0x00007ff99fa5b000 	C:\WINDOWS\SYSTEM32\CRYPTSP.dll
0x00007ff99f270000 - 0x00007ff99f2a5000 	C:\WINDOWS\system32\rsaenh.dll
0x00007ff99f860000 - 0x00007ff99f888000 	C:\WINDOWS\SYSTEM32\USERENV.dll
0x00007ff99fc50000 - 0x00007ff99fc78000 	C:\WINDOWS\SYSTEM32\bcrypt.dll
0x00007ff99fa30000 - 0x00007ff99fa3c000 	C:\WINDOWS\SYSTEM32\CRYPTBASE.dll
0x00007ff99edf0000 - 0x00007ff99ee1d000 	C:\WINDOWS\SYSTEM32\IPHLPAPI.DLL
0x00007ff9a24f0000 - 0x00007ff9a24f9000 	C:\WINDOWS\System32\NSI.dll
0x00007ff99a4c0000 - 0x00007ff99a4d9000 	C:\WINDOWS\SYSTEM32\dhcpcsvc6.DLL
0x00007ff99a180000 - 0x00007ff99a19f000 	C:\WINDOWS\SYSTEM32\dhcpcsvc.DLL
0x00007ff99ee60000 - 0x00007ff99ef52000 	C:\WINDOWS\SYSTEM32\DNSAPI.dll
0x00007ff976dd0000 - 0x00007ff976e10000 	C:\Users\noeKen\AppData\Local\Temp\jna--1040165648\jna18033478096006074120.dll
0x00007ff9a1840000 - 0x00007ff9a1848000 	C:\WINDOWS\System32\PSAPI.DLL

dbghelp: loaded successfully - version: 4.0.5 - missing functions: none
symbol engine: initialized successfully - sym options: 0x614 - pdb path: .;c:\Users\noeKen\.vscode\extensions\redhat.java-1.14.0-win32-x64\jre\17.0.5-win32-x86_64\bin;C:\WINDOWS\SYSTEM32;C:\WINDOWS\WinSxS\amd64_microsoft.windows.common-controls_6595b64144ccf1df_6.0.22621.608_none_a9444ca7c10bb01d;c:\Users\noeKen\.vscode\extensions\redhat.java-1.14.0-win32-x64\jre\17.0.5-win32-x86_64\bin\server;C:\Users\noeKen\AppData\Roaming\Code\User\globalStorage\redhat.java\1.14.0\config_win\org.eclipse.equinox.launcher\org.eclipse.equinox.launcher.win32.win32.x86_64_1.2.700.v20221108-1024;C:\Users\noeKen\AppData\Local\Temp\jna--1040165648

VM Arguments:
jvm_args: --add-modules=ALL-SYSTEM --add-opens=java.base/java.util=ALL-UNNAMED --add-opens=java.base/java.lang=ALL-UNNAMED --add-opens=java.base/sun.nio.fs=ALL-UNNAMED -Declipse.application=org.eclipse.jdt.ls.core.id1 -Dosgi.bundles.defaultStartLevel=4 -Declipse.product=org.eclipse.jdt.ls.core.product -Djava.import.generatesMetadataFilesAtProjectRoot=false -Dfile.encoding=utf8 -XX:+UseParallelGC -XX:GCTimeRatio=4 -XX:AdaptiveSizePolicyWeight=90 -Dsun.zip.disableMemoryMapping=true -Xmx1G -Xms100m -Xlog:disable -javaagent:c:\Users\noeKen\.vscode\extensions\redhat.java-1.14.0-win32-x64\lombok\lombok-1.18.24.jar -XX:+HeapDumpOnOutOfMemoryError -XX:HeapDumpPath=c:\Users\noeKen\AppData\Roaming\Code\User\workspaceStorage\4cd10fdc8f3a647e16675a9a8f49932b\redhat.java 
java_command: c:\Users\noeKen\.vscode\extensions\redhat.java-1.14.0-win32-x64\server\plugins\org.eclipse.equinox.launcher_1.6.400.v20210924-0641.jar -configuration c:\Users\noeKen\AppData\Roaming\Code\User\globalStorage\redhat.java\1.14.0\config_win -data c:\Users\noeKen\AppData\Roaming\Code\User\workspaceStorage\4cd10fdc8f3a647e16675a9a8f49932b\redhat.java\jdt_ws
java_class_path (initial): c:\Users\noeKen\.vscode\extensions\redhat.java-1.14.0-win32-x64\server\plugins\org.eclipse.equinox.launcher_1.6.400.v20210924-0641.jar
Launcher Type: SUN_STANDARD

[Global flags]
    uintx AdaptiveSizePolicyWeight                 = 90                                        {product} {command line}
     intx CICompilerCount                          = 4                                         {product} {ergonomic}
    uintx GCTimeRatio                              = 4                                         {product} {command line}
     bool HeapDumpOnOutOfMemoryError               = true                                   {manageable} {command line}
    ccstr HeapDumpPath                             = c:\Users\noeKen\AppData\Roaming\Code\User\workspaceStorage\4cd10fdc8f3a647e16675a9a8f49932b\redhat.java         {manageable} {command line}
   size_t InitialHeapSize                          = 104857600                                 {product} {command line}
   size_t MaxHeapSize                              = 1073741824                                {product} {command line}
   size_t MaxNewSize                               = 357564416                                 {product} {ergonomic}
   size_t MinHeapDeltaBytes                        = 524288                                    {product} {ergonomic}
   size_t MinHeapSize                              = 104857600                                 {product} {command line}
   size_t NewSize                                  = 34603008                                  {product} {ergonomic}
    uintx NonNMethodCodeHeapSize                   = 5839372                                {pd product} {ergonomic}
    uintx NonProfiledCodeHeapSize                  = 122909434                              {pd product} {ergonomic}
   size_t OldSize                                  = 70254592                                  {product} {ergonomic}
    uintx ProfiledCodeHeapSize                     = 122909434                              {pd product} {ergonomic}
    uintx ReservedCodeCacheSize                    = 251658240                              {pd product} {ergonomic}
     bool SegmentedCodeCache                       = true                                      {product} {ergonomic}
   size_t SoftMaxHeapSize                          = 1073741824                             {manageable} {ergonomic}
     bool UseCompressedClassPointers               = true                           {product lp64_product} {ergonomic}
     bool UseCompressedOops                        = true                           {product lp64_product} {ergonomic}
     bool UseLargePagesIndividualAllocation        = false                                  {pd product} {ergonomic}
     bool UseParallelGC                            = true                                      {product} {command line}

Logging:
Log output configuration:
 #0: stdout all=off uptime,level,tags
 #1: stderr all=off uptime,level,tags

Environment Variables:
JAVA_HOME=C:\Program Files\OpenJDK\openjdk-11.0.16_8
PATH=C:\Program Files\Eclipse Adoptium\jdk-17.0.5.8-hotspot\bin;C:\Program Files (x86)\Intel\Intel(R) Management Engine Components\iCLS\;C:\Program Files\Intel\Intel(R) Management Engine Components\iCLS\;C:\Windows\system32;C:\Windows;C:\Windows\System32\Wbem;C:\Windows\System32\WindowsPowerShell\v1.0\;C:\Program Files (x86)\Intel\Intel(R) Management Engine Components\DAL;C:\Program Files\Intel\Intel(R) Management Engine Components\DAL;C:\Program Files (x86)\Intel\Intel(R) Management Engine Components\IPT;C:\Program Files\Intel\Intel(R) Management Engine Components\IPT;C:\Program Files (x86)\NVIDIA Corporation\PhysX\Common;C:\Program Files\Intel\WiFi\bin\;C:\Program Files\Common Files\Intel\WirelessCommon\;C:\WINDOWS\system32;C:\WINDOWS;C:\WINDOWS\System32\Wbem;C:\WINDOWS\System32\WindowsPowerShell\v1.0\;C:\WINDOWS\System32\OpenSSH\;C:\Users\noeKen\AppData\Roaming\nvm;C:\Program Files\nodejs;C:\ProgramData\chocolatey\bin;C:\Program Files\OpenJDK\openjdk-11.0.16_8;C:\Program Files\Git\cmd;F:\Sdk\Sdk\platform-tools;C:\Users\noeKen\AppData\Local\Microsoft\WindowsApps;C:\Users\noeKen\AppData\Roaming\nvm;C:\Program Files\nodejs;C:\Users\noeKen\AppData\Local\Programs\Microsoft VS Code\bin
USERNAME=noeKen
OS=Windows_NT
PROCESSOR_IDENTIFIER=Intel64 Family 6 Model 158 Stepping 10, GenuineIntel
TMP=C:\Users\noeKen\AppData\Local\Temp
TEMP=C:\Users\noeKen\AppData\Local\Temp



---------------  S Y S T E M  ---------------

OS:
 Windows 11 , 64 bit Build 22621 (10.0.22621.1105)
OS uptime: 2 days 3:46 hours

CPU: total 12 (initial active 12) (6 cores per cpu, 2 threads per core) family 6 model 158 stepping 10 microcode 0xde, cx8, cmov, fxsr, ht, mmx, 3dnowpref, sse, sse2, sse3, ssse3, sse4.1, sse4.2, popcnt, lzcnt, tsc, tscinvbit, avx, avx2, aes, erms, clmul, bmi1, bmi2, adx, fma, vzeroupper, clflush, clflushopt

Memory: 4k page, system-wide physical 16226M (877M free)
TotalPageFile size 31257M (AvailPageFile size 328M)
current process WorkingSet (physical memory assigned to process): 196M, peak: 196M
current process commit charge ("private bytes"): 299M, peak: 302M

vm_info: OpenJDK 64-Bit Server VM (17.0.5+8) for windows-amd64 JRE (17.0.5+8), built on Oct 19 2022 04:48:13 by "temurin" with MS VC++ 16.7 (VS2019)

END.
