#
# There is insufficient memory for the Java Runtime Environment to continue.
# Native memory allocation (malloc) failed to allocate 99056 bytes for Chunk::new
# Possible reasons:
#   The system is out of physical RAM or swap space
#   The process is running with CompressedOops enabled, and the Java Heap may be blocking the growth of the native heap
# Possible solutions:
#   Reduce memory load on the system
#   Increase physical memory or swap space
#   Check if swap backing store is full
#   Decrease Java heap size (-Xmx/-Xms)
#   Decrease number of Java threads
#   Decrease Java thread stack sizes (-Xss)
#   Set larger code cache with -XX:ReservedCodeCacheSize=
#   JVM is running with Unscaled Compressed Oops mode in which the Java heap is
#     placed in the first 4GB address space. The Java Heap base address is the
#     maximum limit for the native heap growth. Please use -XX:HeapBaseMinAddress
#     to set the Java Heap base and to place the Java Heap above 4GB virtual address.
# This output file may be truncated or incomplete.
#
#  Out of Memory Error (./src/hotspot/share/memory/arena.cpp:197), pid=22492, tid=16100
#
# JRE version: OpenJDK Runtime Environment 18.9 (11.0.16+8) (build 11.0.16+8)
# Java VM: OpenJDK 64-Bit Server VM 18.9 (11.0.16+8, mixed mode, tiered, compressed oops, g1 gc, windows-amd64)
# No core dump will be written. Minidumps are not enabled by default on client versions of Windows
#

---------------  S U M M A R Y ------------

Command Line: -Xmx64m -Xms64m -Dorg.gradle.appname=gradlew org.gradle.wrapper.GradleWrapperMain app:installDebug -PreactNativeDevServerPort=8081

Host: Intel(R) Core(TM) i7-8750H CPU @ 2.20GHz, 12 cores, 15G,  Windows 11 , 64 bit Build 22621 (10.0.22621.1194)
Time: Tue Mar  7 13:57:07 2023 Afr. centrale Ouest elapsed time: 78.686866 seconds (0d 0h 1m 18s)

---------------  T H R E A D  ---------------

Current thread (0x000002efceb9d800):  JavaThread "C2 CompilerThread0" daemon [_thread_in_native, id=16100, stack(0x000000f8ec500000,0x000000f8ec600000)]


Current CompileTask:
C2:  78686 1721       4       java.util.regex.Matcher::reset (128 bytes)

Stack: [0x000000f8ec500000,0x000000f8ec600000]
Native frames: (J=compiled Java code, j=interpreted, Vv=VM code, C=native code)
V  [jvm.dll+0x61a63a]
V  [jvm.dll+0x757439]
V  [jvm.dll+0x758b28]
V  [jvm.dll+0x759203]
V  [jvm.dll+0x24d9a8]
V  [jvm.dll+0xc148c]
V  [jvm.dll+0xc1a4c]
V  [jvm.dll+0x2befd4]
V  [jvm.dll+0x52af12]
V  [jvm.dll+0x20efcb]
V  [jvm.dll+0x208c24]
V  [jvm.dll+0x205dbb]
V  [jvm.dll+0x187ec1]
V  [jvm.dll+0x2156a4]
V  [jvm.dll+0x2138eb]
V  [jvm.dll+0x71a000]
V  [jvm.dll+0x712f34]
V  [jvm.dll+0x6194a5]
C  [ucrtbase.dll+0x29363]
C  [KERNEL32.DLL+0x126bd]
C  [ntdll.dll+0x5dfb8]


---------------  P R O C E S S  ---------------

Threads class SMR info:
_java_thread_list=0x000002efd05953d0, length=13, elements={
0x000002efb20e2000, 0x000002efceb10000, 0x000002efceb3f000, 0x000002efceb96000,
0x000002efceb9a000, 0x000002efceb9c800, 0x000002efceb9d800, 0x000002efceba6000,
0x000002efcf509000, 0x000002efcf65a800, 0x000002efd0c99800, 0x000002efd08a5000,
0x000002efd04fb800
}

Java Threads: ( => current thread )
  0x000002efb20e2000 JavaThread "main" [_thread_blocked, id=9364, stack(0x000000f8eb900000,0x000000f8eba00000)]
  0x000002efceb10000 JavaThread "Reference Handler" daemon [_thread_blocked, id=16952, stack(0x000000f8ec000000,0x000000f8ec100000)]
  0x000002efceb3f000 JavaThread "Finalizer" daemon [_thread_blocked, id=15336, stack(0x000000f8ec100000,0x000000f8ec200000)]
  0x000002efceb96000 JavaThread "Signal Dispatcher" daemon [_thread_blocked, id=25016, stack(0x000000f8ec200000,0x000000f8ec300000)]
  0x000002efceb9a000 JavaThread "Attach Listener" daemon [_thread_blocked, id=14808, stack(0x000000f8ec300000,0x000000f8ec400000)]
  0x000002efceb9c800 JavaThread "Service Thread" daemon [_thread_blocked, id=24844, stack(0x000000f8ec400000,0x000000f8ec500000)]
=>0x000002efceb9d800 JavaThread "C2 CompilerThread0" daemon [_thread_in_native, id=16100, stack(0x000000f8ec500000,0x000000f8ec600000)]
  0x000002efceba6000 JavaThread "C1 CompilerThread0" daemon [_thread_blocked, id=16340, stack(0x000000f8ec600000,0x000000f8ec700000)]
  0x000002efcf509000 JavaThread "Sweeper thread" daemon [_thread_blocked, id=8832, stack(0x000000f8ec700000,0x000000f8ec800000)]
  0x000002efcf65a800 JavaThread "Common-Cleaner" daemon [_thread_blocked, id=14948, stack(0x000000f8ec900000,0x000000f8eca00000)]
  0x000002efd0c99800 JavaThread "DisconnectableInputStream source reader" daemon [_thread_in_native, id=10072, stack(0x000000f8ecf00000,0x000000f8ed000000)]
  0x000002efd08a5000 JavaThread "Thread-0" [_thread_in_vm, id=21500, stack(0x000000f8eb600000,0x000000f8eb700000)]
  0x000002efd04fb800 JavaThread "Logging-Cleaner" [_thread_blocked, id=28048, stack(0x000000f8eb700000,0x000000f8eb800000)]

Other Threads:
  0x000002efceb0e000 VMThread "VM Thread" [stack: 0x000000f8ebf00000,0x000000f8ec000000] [id=7092]
  0x000002efcf64d000 WatcherThread [stack: 0x000000f8ec800000,0x000000f8ec900000] [id=31284]
  0x000002efb20fb800 GCTaskThread "GC Thread#0" [stack: 0x000000f8eba00000,0x000000f8ebb00000] [id=28464]
  0x000002efcfe65000 GCTaskThread "GC Thread#1" [stack: 0x000000f8ecc00000,0x000000f8ecd00000] [id=19692]
  0x000002efcfab4000 GCTaskThread "GC Thread#2" [stack: 0x000000f8ecb00000,0x000000f8ecc00000] [id=24520]
  0x000002efcfb2a000 GCTaskThread "GC Thread#3" [stack: 0x000000f8ece00000,0x000000f8ecf00000] [id=27480]
  0x000002efb2105000 ConcurrentGCThread "G1 Main Marker" [stack: 0x000000f8ebb00000,0x000000f8ebc00000] [id=34360]
  0x000002efb2108000 ConcurrentGCThread "G1 Conc#0" [stack: 0x000000f8ebc00000,0x000000f8ebd00000] [id=27536]
  0x000002efb2176800 ConcurrentGCThread "G1 Refine#0" [stack: 0x000000f8ebd00000,0x000000f8ebe00000] [id=25440]
  0x000002efb217a000 ConcurrentGCThread "G1 Young RemSet Sampling" [stack: 0x000000f8ebe00000,0x000000f8ebf00000] [id=1992]

Threads with active compile tasks:
C2 CompilerThread0    78728 1721       4       java.util.regex.Matcher::reset (128 bytes)

VM state:synchronizing (normal execution)

VM Mutex/Monitor currently owned by a thread:  ([mutex/lock_event])
[0x000002efb20dea40] Threads_lock - owner thread: 0x000002efceb0e000

Heap address: 0x00000000fc000000, size: 64 MB, Compressed Oops mode: 32-bit
Narrow klass base: 0x0000000000000000, Narrow klass shift: 3
Compressed class space size: 1073741824 Address: 0x0000000100000000

Heap:
 garbage-first heap   total 65536K, used 13764K [0x00000000fc000000, 0x0000000100000000)
  region size 1024K, 6 young (6144K), 2 survivors (2048K)
 Metaspace       used 17285K, capacity 17654K, committed 17792K, reserved 1064960K
  class space    used 1929K, capacity 2059K, committed 2176K, reserved 1048576K
Heap Regions: E=young(eden), S=young(survivor), O=old, HS=humongous(starts), HC=humongous(continues), CS=collection set, F=free, A=archive, TAMS=top-at-mark-start (previous, next)
|   0|0x00000000fc000000, 0x00000000fc100000, 0x00000000fc100000|100%|HS|  |TAMS 0x00000000fc000000, 0x00000000fc000000| Complete 
|   1|0x00000000fc100000, 0x00000000fc200000, 0x00000000fc200000|100%|HC|  |TAMS 0x00000000fc100000, 0x00000000fc100000| Complete 
|   2|0x00000000fc200000, 0x00000000fc300000, 0x00000000fc300000|100%|HC|  |TAMS 0x00000000fc200000, 0x00000000fc200000| Complete 
|   3|0x00000000fc300000, 0x00000000fc400000, 0x00000000fc400000|100%| O|  |TAMS 0x00000000fc300000, 0x00000000fc300000| Untracked 
|   4|0x00000000fc400000, 0x00000000fc500000, 0x00000000fc500000|100%| O|  |TAMS 0x00000000fc400000, 0x00000000fc400000| Untracked 
|   5|0x00000000fc500000, 0x00000000fc600000, 0x00000000fc600000|100%| O|  |TAMS 0x00000000fc500000, 0x00000000fc500000| Untracked 
|   6|0x00000000fc600000, 0x00000000fc700000, 0x00000000fc700000|100%| O|  |TAMS 0x00000000fc600000, 0x00000000fc600000| Untracked 
|   7|0x00000000fc700000, 0x00000000fc800000, 0x00000000fc800000|100%| O|  |TAMS 0x00000000fc700000, 0x00000000fc700000| Untracked 
|   8|0x00000000fc800000, 0x00000000fc900000, 0x00000000fc900000|100%| O|  |TAMS 0x00000000fc800000, 0x00000000fc800000| Untracked 
|   9|0x00000000fc900000, 0x00000000fc95f800, 0x00000000fca00000| 37%| O|  |TAMS 0x00000000fc900000, 0x00000000fc900000| Untracked 
|  10|0x00000000fca00000, 0x00000000fca00000, 0x00000000fcb00000|  0%| F|  |TAMS 0x00000000fca00000, 0x00000000fca00000| Untracked 
|  11|0x00000000fcb00000, 0x00000000fcb00000, 0x00000000fcc00000|  0%| F|  |TAMS 0x00000000fcb00000, 0x00000000fcb00000| Untracked 
|  12|0x00000000fcc00000, 0x00000000fcc00000, 0x00000000fcd00000|  0%| F|  |TAMS 0x00000000fcc00000, 0x00000000fcc00000| Untracked 
|  13|0x00000000fcd00000, 0x00000000fcd00000, 0x00000000fce00000|  0%| F|  |TAMS 0x00000000fcd00000, 0x00000000fcd00000| Untracked 
|  14|0x00000000fce00000, 0x00000000fce00000, 0x00000000fcf00000|  0%| F|  |TAMS 0x00000000fce00000, 0x00000000fce00000| Untracked 
|  15|0x00000000fcf00000, 0x00000000fcf00000, 0x00000000fd000000|  0%| F|  |TAMS 0x00000000fcf00000, 0x00000000fcf00000| Untracked 
|  16|0x00000000fd000000, 0x00000000fd000000, 0x00000000fd100000|  0%| F|  |TAMS 0x00000000fd000000, 0x00000000fd000000| Untracked 
|  17|0x00000000fd100000, 0x00000000fd100000, 0x00000000fd200000|  0%| F|  |TAMS 0x00000000fd100000, 0x00000000fd100000| Untracked 
|  18|0x00000000fd200000, 0x00000000fd200000, 0x00000000fd300000|  0%| F|  |TAMS 0x00000000fd200000, 0x00000000fd200000| Untracked 
|  19|0x00000000fd300000, 0x00000000fd300000, 0x00000000fd400000|  0%| F|  |TAMS 0x00000000fd300000, 0x00000000fd300000| Untracked 
|  20|0x00000000fd400000, 0x00000000fd400000, 0x00000000fd500000|  0%| F|  |TAMS 0x00000000fd400000, 0x00000000fd400000| Untracked 
|  21|0x00000000fd500000, 0x00000000fd500000, 0x00000000fd600000|  0%| F|  |TAMS 0x00000000fd500000, 0x00000000fd500000| Untracked 
|  22|0x00000000fd600000, 0x00000000fd600000, 0x00000000fd700000|  0%| F|  |TAMS 0x00000000fd600000, 0x00000000fd600000| Untracked 
|  23|0x00000000fd700000, 0x00000000fd700000, 0x00000000fd800000|  0%| F|  |TAMS 0x00000000fd700000, 0x00000000fd700000| Untracked 
|  24|0x00000000fd800000, 0x00000000fd800000, 0x00000000fd900000|  0%| F|  |TAMS 0x00000000fd800000, 0x00000000fd800000| Untracked 
|  25|0x00000000fd900000, 0x00000000fd900000, 0x00000000fda00000|  0%| F|  |TAMS 0x00000000fd900000, 0x00000000fd900000| Untracked 
|  26|0x00000000fda00000, 0x00000000fda00000, 0x00000000fdb00000|  0%| F|  |TAMS 0x00000000fda00000, 0x00000000fda00000| Untracked 
|  27|0x00000000fdb00000, 0x00000000fdb00000, 0x00000000fdc00000|  0%| F|  |TAMS 0x00000000fdb00000, 0x00000000fdb00000| Untracked 
|  28|0x00000000fdc00000, 0x00000000fdc00000, 0x00000000fdd00000|  0%| F|  |TAMS 0x00000000fdc00000, 0x00000000fdc00000| Untracked 
|  29|0x00000000fdd00000, 0x00000000fdd00000, 0x00000000fde00000|  0%| F|  |TAMS 0x00000000fdd00000, 0x00000000fdd00000| Untracked 
|  30|0x00000000fde00000, 0x00000000fde00000, 0x00000000fdf00000|  0%| F|  |TAMS 0x00000000fde00000, 0x00000000fde00000| Untracked 
|  31|0x00000000fdf00000, 0x00000000fdf00000, 0x00000000fe000000|  0%| F|  |TAMS 0x00000000fdf00000, 0x00000000fdf00000| Untracked 
|  32|0x00000000fe000000, 0x00000000fe000000, 0x00000000fe100000|  0%| F|  |TAMS 0x00000000fe000000, 0x00000000fe000000| Untracked 
|  33|0x00000000fe100000, 0x00000000fe111ba0, 0x00000000fe200000|  6%| S|CS|TAMS 0x00000000fe100000, 0x00000000fe100000| Complete 
|  34|0x00000000fe200000, 0x00000000fe300000, 0x00000000fe300000|100%| S|CS|TAMS 0x00000000fe200000, 0x00000000fe200000| Complete 
|  35|0x00000000fe300000, 0x00000000fe300000, 0x00000000fe400000|  0%| F|  |TAMS 0x00000000fe300000, 0x00000000fe300000| Untracked 
|  36|0x00000000fe400000, 0x00000000fe400000, 0x00000000fe500000|  0%| F|  |TAMS 0x00000000fe400000, 0x00000000fe400000| Untracked 
|  37|0x00000000fe500000, 0x00000000fe500000, 0x00000000fe600000|  0%| F|  |TAMS 0x00000000fe500000, 0x00000000fe500000| Untracked 
|  38|0x00000000fe600000, 0x00000000fe600000, 0x00000000fe700000|  0%| F|  |TAMS 0x00000000fe600000, 0x00000000fe600000| Untracked 
|  39|0x00000000fe700000, 0x00000000fe700000, 0x00000000fe800000|  0%| F|  |TAMS 0x00000000fe700000, 0x00000000fe700000| Untracked 
|  40|0x00000000fe800000, 0x00000000fe800000, 0x00000000fe900000|  0%| F|  |TAMS 0x00000000fe800000, 0x00000000fe800000| Untracked 
|  41|0x00000000fe900000, 0x00000000fe900000, 0x00000000fea00000|  0%| F|  |TAMS 0x00000000fe900000, 0x00000000fe900000| Untracked 
|  42|0x00000000fea00000, 0x00000000fea00000, 0x00000000feb00000|  0%| F|  |TAMS 0x00000000fea00000, 0x00000000fea00000| Untracked 
|  43|0x00000000feb00000, 0x00000000feb00000, 0x00000000fec00000|  0%| F|  |TAMS 0x00000000feb00000, 0x00000000feb00000| Untracked 
|  44|0x00000000fec00000, 0x00000000fec00000, 0x00000000fed00000|  0%| F|  |TAMS 0x00000000fec00000, 0x00000000fec00000| Untracked 
|  45|0x00000000fed00000, 0x00000000fed00000, 0x00000000fee00000|  0%| F|  |TAMS 0x00000000fed00000, 0x00000000fed00000| Untracked 
|  46|0x00000000fee00000, 0x00000000fee00000, 0x00000000fef00000|  0%| F|  |TAMS 0x00000000fee00000, 0x00000000fee00000| Untracked 
|  47|0x00000000fef00000, 0x00000000fef00000, 0x00000000ff000000|  0%| F|  |TAMS 0x00000000fef00000, 0x00000000fef00000| Untracked 
|  48|0x00000000ff000000, 0x00000000ff000000, 0x00000000ff100000|  0%| F|  |TAMS 0x00000000ff000000, 0x00000000ff000000| Untracked 
|  49|0x00000000ff100000, 0x00000000ff100000, 0x00000000ff200000|  0%| F|  |TAMS 0x00000000ff100000, 0x00000000ff100000| Untracked 
|  50|0x00000000ff200000, 0x00000000ff200000, 0x00000000ff300000|  0%| F|  |TAMS 0x00000000ff200000, 0x00000000ff200000| Untracked 
|  51|0x00000000ff300000, 0x00000000ff300000, 0x00000000ff400000|  0%| F|  |TAMS 0x00000000ff300000, 0x00000000ff300000| Untracked 
|  52|0x00000000ff400000, 0x00000000ff400000, 0x00000000ff500000|  0%| F|  |TAMS 0x00000000ff400000, 0x00000000ff400000| Untracked 
|  53|0x00000000ff500000, 0x00000000ff500000, 0x00000000ff600000|  0%| F|  |TAMS 0x00000000ff500000, 0x00000000ff500000| Untracked 
|  54|0x00000000ff600000, 0x00000000ff600000, 0x00000000ff700000|  0%| F|  |TAMS 0x00000000ff600000, 0x00000000ff600000| Untracked 
|  55|0x00000000ff700000, 0x00000000ff700000, 0x00000000ff800000|  0%| F|  |TAMS 0x00000000ff700000, 0x00000000ff700000| Untracked 
|  56|0x00000000ff800000, 0x00000000ff800000, 0x00000000ff900000|  0%| F|  |TAMS 0x00000000ff800000, 0x00000000ff800000| Untracked 
|  57|0x00000000ff900000, 0x00000000ff900000, 0x00000000ffa00000|  0%| F|  |TAMS 0x00000000ff900000, 0x00000000ff900000| Untracked 
|  58|0x00000000ffa00000, 0x00000000ffa00000, 0x00000000ffb00000|  0%| F|  |TAMS 0x00000000ffa00000, 0x00000000ffa00000| Untracked 
|  59|0x00000000ffb00000, 0x00000000ffb00000, 0x00000000ffc00000|  0%| F|  |TAMS 0x00000000ffb00000, 0x00000000ffb00000| Untracked 
|  60|0x00000000ffc00000, 0x00000000ffc00800, 0x00000000ffd00000|  0%| E|  |TAMS 0x00000000ffc00000, 0x00000000ffc00000| Complete 
|  61|0x00000000ffd00000, 0x00000000ffe00000, 0x00000000ffe00000|100%| E|CS|TAMS 0x00000000ffd00000, 0x00000000ffd00000| Complete 
|  62|0x00000000ffe00000, 0x00000000fff00000, 0x00000000fff00000|100%| E|CS|TAMS 0x00000000ffe00000, 0x00000000ffe00000| Complete 
|  63|0x00000000fff00000, 0x0000000100000000, 0x0000000100000000|100%| E|CS|TAMS 0x00000000fff00000, 0x00000000fff00000| Complete 

Card table byte_map: [0x000002efcbcc0000,0x000002efcbce0000] _byte_map_base: 0x000002efcb4e0000

Marking Bits (Prev, Next): (CMBitMap*) 0x000002efb2103d28, (CMBitMap*) 0x000002efb2103d60
 Prev Bits: [0x000002efcbd00000, 0x000002efcbe00000)
 Next Bits: [0x000002efcbe00000, 0x000002efcbf00000)

Polling page: 0x000002efb21b0000

Metaspace:

Usage:
  Non-class:     15.23 MB capacity,    15.00 MB ( 98%) used,   213.34 KB (  1%) free+waste,    26.13 KB ( <1%) overhead. 
      Class:      2.01 MB capacity,     1.88 MB ( 94%) used,   116.80 KB (  6%) free+waste,    12.63 KB ( <1%) overhead. 
       Both:     17.24 MB capacity,    16.88 MB ( 98%) used,   330.13 KB (  2%) free+waste,    38.75 KB ( <1%) overhead. 

Virtual space:
  Non-class space:       16.00 MB reserved,      15.25 MB ( 95%) committed 
      Class space:        1.00 GB reserved,       2.13 MB ( <1%) committed 
             Both:        1.02 GB reserved,      17.38 MB (  2%) committed 

Chunk freelists:
   Non-Class:  21.00 KB
       Class:  21.00 KB
        Both:  42.00 KB

MaxMetaspaceSize: 17179869184.00 GB
CompressedClassSpaceSize: 1.00 GB
Initial GC threshold: 20.80 MB
Current GC threshold: 20.80 MB
CDS: off

CodeHeap 'non-profiled nmethods': size=120000Kb used=614Kb max_used=614Kb free=119385Kb
 bounds [0x000002efc3ad0000, 0x000002efc3d40000, 0x000002efcb000000]
CodeHeap 'profiled nmethods': size=120000Kb used=3464Kb max_used=3464Kb free=116535Kb
 bounds [0x000002efbc5a0000, 0x000002efbc910000, 0x000002efc3ad0000]
CodeHeap 'non-nmethods': size=5760Kb used=1171Kb max_used=1184Kb free=4589Kb
 bounds [0x000002efbc000000, 0x000002efbc270000, 0x000002efbc5a0000]
 total_blobs=2164 nmethods=1725 adapters=352
 compilation: enabled
              stopped_count=0, restarted_count=0
 full_count=0

Compilation events (20 events):
Event: 76.175 Thread 0x000002efceba6000 nmethod 1711 0x000002efbc8fc010 code [0x000002efbc8fc1c0, 0x000002efbc8fc2d8]
Event: 76.185 Thread 0x000002efceba6000 1712       3       java.util.concurrent.atomic.AtomicBoolean::get (13 bytes)
Event: 76.186 Thread 0x000002efceba6000 nmethod 1712 0x000002efbc8fc390 code [0x000002efbc8fc540, 0x000002efbc8fc698]
Event: 77.238 Thread 0x000002efceba6000 1713       1       org.gradle.internal.logging.events.ProgressStartEvent::getLoggingHeader (5 bytes)
Event: 77.238 Thread 0x000002efceba6000 nmethod 1713 0x000002efc3b69090 code [0x000002efc3b69240, 0x000002efc3b692f8]
Event: 78.101 Thread 0x000002efceba6000 1714       3       org.fusesource.jansi.Ansi::_appendEscapeSequence (83 bytes)
Event: 78.102 Thread 0x000002efceba6000 nmethod 1714 0x000002efbc8fc710 code [0x000002efbc8fc960, 0x000002efbc8fd0f8]
Event: 78.669 Thread 0x000002efceba6000 1715       3       java.nio.channels.spi.AbstractInterruptibleChannel::blockedOn (10 bytes)
Event: 78.670 Thread 0x000002efceba6000 nmethod 1715 0x000002efbc8fd510 code [0x000002efbc8fd6e0, 0x000002efbc8fdb58]
Event: 78.670 Thread 0x000002efceba6000 1716       3       java.lang.System$2::blockedOn (5 bytes)
Event: 78.670 Thread 0x000002efceba6000 nmethod 1716 0x000002efbc8fdd10 code [0x000002efbc8fdee0, 0x000002efbc8fe258]
Event: 78.670 Thread 0x000002efceba6000 1717       3       java.lang.StringUTF16::getChar (60 bytes)
Event: 78.670 Thread 0x000002efceba6000 nmethod 1717 0x000002efbc8fe390 code [0x000002efbc8fe540, 0x000002efbc8fe698]
Event: 78.671 Thread 0x000002efceba6000 1718       3       java.util.Locale::hashCode (41 bytes)
Event: 78.672 Thread 0x000002efceba6000 nmethod 1718 0x000002efbc8fe790 code [0x000002efbc8fe960, 0x000002efbc8feb58]
Event: 78.675 Thread 0x000002efceba6000 1719       3       java.lang.String::equals (65 bytes)
Event: 78.675 Thread 0x000002efceb9d800 1720       4       java.lang.ref.Cleaner$1::apply (9 bytes)
Event: 78.676 Thread 0x000002efceba6000 nmethod 1719 0x000002efbc8fec90 code [0x000002efbc8feea0, 0x000002efbc8ff4f8]
Event: 78.676 Thread 0x000002efceb9d800 nmethod 1720 0x000002efc3b69390 code [0x000002efc3b69520, 0x000002efc3b695b8]
Event: 78.678 Thread 0x000002efceb9d800 1721       4       java.util.regex.Matcher::reset (128 bytes)

GC Heap History (4 events):
Event: 1.773 GC heap before
{Heap before GC invocations=0 (full 0):
 garbage-first heap   total 65536K, used 26624K [0x00000000fc000000, 0x0000000100000000)
  region size 1024K, 24 young (24576K), 0 survivors (0K)
 Metaspace       used 10634K, capacity 10974K, committed 11264K, reserved 1058816K
  class space    used 1079K, capacity 1165K, committed 1280K, reserved 1048576K
}
Event: 1.781 GC heap after
{Heap after GC invocations=1 (full 0):
 garbage-first heap   total 65536K, used 9613K [0x00000000fc000000, 0x0000000100000000)
  region size 1024K, 3 young (3072K), 3 survivors (3072K)
 Metaspace       used 10634K, capacity 10974K, committed 11264K, reserved 1058816K
  class space    used 1079K, capacity 1165K, committed 1280K, reserved 1048576K
}
Event: 9.571 GC heap before
{Heap before GC invocations=1 (full 0):
 garbage-first heap   total 65536K, used 36237K [0x00000000fc000000, 0x0000000100000000)
  region size 1024K, 29 young (29696K), 3 survivors (3072K)
 Metaspace       used 16196K, capacity 16556K, committed 16896K, reserved 1064960K
  class space    used 1820K, capacity 1948K, committed 2048K, reserved 1048576K
}
Event: 9.576 GC heap after
{Heap after GC invocations=2 (full 0):
 garbage-first heap   total 65536K, used 10692K [0x00000000fc000000, 0x0000000100000000)
  region size 1024K, 2 young (2048K), 2 survivors (2048K)
 Metaspace       used 16196K, capacity 16556K, committed 16896K, reserved 1064960K
  class space    used 1820K, capacity 1948K, committed 2048K, reserved 1048576K
}

Deoptimization events (20 events):
Event: 9.548 Thread 0x000002efcfab4000 Uncommon trap: trap_request=0xffffffde fr.pc=0x000002efc3b4c998 relative=0x0000000000000218
Event: 9.548 Thread 0x000002efcfab4000 Uncommon trap: reason=class_check action=maybe_recompile pc=0x000002efc3b4c998 method=java.util.regex.Matcher.getTextLength()I @ 4 c2
Event: 9.548 Thread 0x000002efcfab4000 DEOPT PACKING pc=0x000002efc3b4c998 sp=0x000000f8ecafef70
Event: 9.548 Thread 0x000002efcfab4000 DEOPT UNPACKING pc=0x000002efbc04a1af sp=0x000000f8ecafeea0 mode 2
Event: 9.548 Thread 0x000002efcfab4000 Uncommon trap: trap_request=0xffffff4d fr.pc=0x000002efc3aea69c relative=0x000000000000007c
Event: 9.548 Thread 0x000002efcfab4000 Uncommon trap: reason=unstable_if action=reinterpret pc=0x000002efc3aea69c method=java.lang.String.codePointAt(I)I @ 4 c2
Event: 9.548 Thread 0x000002efcfab4000 DEOPT PACKING pc=0x000002efc3aea69c sp=0x000000f8ecafed80
Event: 9.548 Thread 0x000002efcfab4000 DEOPT UNPACKING pc=0x000002efbc04a1af sp=0x000000f8ecafed18 mode 2
Event: 9.548 Thread 0x000002efcfab4000 Uncommon trap: trap_request=0xffffffde fr.pc=0x000002efc3b4c998 relative=0x0000000000000218
Event: 9.548 Thread 0x000002efcfab4000 Uncommon trap: reason=class_check action=maybe_recompile pc=0x000002efc3b4c998 method=java.util.regex.Matcher.getTextLength()I @ 4 c2
Event: 9.548 Thread 0x000002efcfab4000 DEOPT PACKING pc=0x000002efc3b4c998 sp=0x000000f8ecafeed0
Event: 9.548 Thread 0x000002efcfab4000 DEOPT UNPACKING pc=0x000002efbc04a1af sp=0x000000f8ecafee00 mode 2
Event: 9.551 Thread 0x000002efcfad1800 Uncommon trap: trap_request=0xffffffde fr.pc=0x000002efc3b320d4 relative=0x0000000000001014
Event: 9.551 Thread 0x000002efcfad1800 Uncommon trap: reason=class_check action=maybe_recompile pc=0x000002efc3b320d4 method=java.util.concurrent.ConcurrentHashMap.putVal(Ljava/lang/Object;Ljava/lang/Object;Z)Ljava/lang/Object; @ 242 c2
Event: 9.551 Thread 0x000002efcfad1800 DEOPT PACKING pc=0x000002efc3b320d4 sp=0x000000f8ecefe010
Event: 9.551 Thread 0x000002efcfad1800 DEOPT UNPACKING pc=0x000002efbc04a1af sp=0x000000f8ecefdf90 mode 2
Event: 78.670 Thread 0x000002efb20e2000 Uncommon trap: trap_request=0xffffff4d fr.pc=0x000002efc3af9828 relative=0x0000000000000188
Event: 78.670 Thread 0x000002efb20e2000 Uncommon trap: reason=unstable_if action=reinterpret pc=0x000002efc3af9828 method=java.lang.String.equals(Ljava/lang/Object;)Z @ 27 c2
Event: 78.670 Thread 0x000002efb20e2000 DEOPT PACKING pc=0x000002efc3af9828 sp=0x000000f8eb9fc430
Event: 78.670 Thread 0x000002efb20e2000 DEOPT UNPACKING pc=0x000002efbc04a1af sp=0x000000f8eb9fc3d0 mode 2

Classes redefined (0 events):
No events

Internal exceptions (20 events):
Event: 0.862 Thread 0x000002efb20e2000 Exception <a 'java/lang/NoSuchMethodError'{0x00000000ffc64028}: 'int java.lang.invoke.DirectMethodHandle$Holder.invokeStaticInit(java.lang.Object, java.lang.Object)'> (0x00000000ffc64028) thrown at [./src/hotspot/share/interpreter/linkResolver.cpp, line 773]
Event: 0.950 Thread 0x000002efb20e2000 Exception <a 'java/lang/NoSuchMethodError'{0x00000000ffb36588}: 'int java.lang.invoke.DirectMethodHandle$Holder.invokeSpecial(java.lang.Object, java.lang.Object, java.lang.Object, java.lang.Object)'> (0x00000000ffb36588) thrown at [./src/hotspot/share/interpreter/linkResolver.cpp, line 773]
Event: 0.963 Thread 0x000002efb20e2000 Exception <a 'java/lang/NoSuchMethodError'{0x00000000ffb6e168}: 'int java.lang.invoke.DirectMethodHandle$Holder.invokeSpecialIFC(java.lang.Object, java.lang.Object, int)'> (0x00000000ffb6e168) thrown at [./src/hotspot/share/interpreter/linkResolver.cpp, line 773]
Event: 1.706 Thread 0x000002efb20e2000 Implicit null exception at 0x000002efc3b123f5 to 0x000002efc3b125c4
Event: 1.751 Thread 0x000002efb20e2000 Exception <a 'java/lang/NoClassDefFoundError'{0x00000000fe818208}: org/slf4j/impl/StaticMarkerBinder> (0x00000000fe818208) thrown at [./src/hotspot/share/classfile/systemDictionary.cpp, line 219]
Event: 1.800 Thread 0x000002efb20e2000 Exception <a 'java/lang/NoSuchMethodError'{0x00000000fff16f30}: 'java.lang.Object java.lang.invoke.DirectMethodHandle$Holder.invokeVirtual(java.lang.Object, java.lang.Object, java.lang.Object, java.lang.Object, java.lang.Object, java.lang.Object, java.lang.Object)'> (0x00000000fff16f30) thrown at [./src/hotspot/share/interpreter/linkResolver.cpp, line 773]
Event: 1.803 Thread 0x000002efb20e2000 Exception <a 'java/lang/NoSuchMethodError'{0x00000000fff2b158}: 'java.lang.Object java.lang.invoke.Invokers$Holder.invoker(java.lang.Object, java.lang.Object, java.lang.Object)'> (0x00000000fff2b158) thrown at [./src/hotspot/share/interpreter/linkResolver.cpp, line 773]
Event: 1.808 Thread 0x000002efb20e2000 Exception <a 'java/lang/NoSuchMethodError'{0x00000000fff3be98}: 'void java.lang.invoke.DelegatingMethodHandle$Holder.delegate(java.lang.Object, java.lang.Object, int, java.lang.Object)'> (0x00000000fff3be98) thrown at [./src/hotspot/share/interpreter/linkResolver.cpp, line 773]
Event: 2.080 Thread 0x000002efb20e2000 Exception <a 'java/lang/NoSuchMethodError'{0x00000000ff493710}: 'java.lang.Object java.lang.invoke.DirectMethodHandle$Holder.invokeStaticInit(java.lang.Object, java.lang.Object, java.lang.Object)'> (0x00000000ff493710) thrown at [./src/hotspot/share/interpreter/linkResolver.cpp, line 773]
Event: 2.205 Thread 0x000002efb20e2000 Exception <a 'java/lang/NoSuchMethodError'{0x00000000fef66538}: 'java.lang.Object java.lang.invoke.DirectMethodHandle$Holder.invokeStaticInit(java.lang.Object, int, int, int, int)'> (0x00000000fef66538) thrown at [./src/hotspot/share/interpreter/linkResolver.cpp, line 773]
Event: 2.488 Thread 0x000002efb20e2000 Exception <a 'java/lang/NoSuchMethodError'{0x00000000fefc2530}: 'java.lang.Object java.lang.invoke.DirectMethodHandle$Holder.invokeStaticInit(java.lang.Object, java.lang.Object, int, int, int, int)'> (0x00000000fefc2530) thrown at [./src/hotspot/share/interpreter/linkResolver.cpp, line 773]
Event: 2.891 Thread 0x000002efb20e2000 Implicit null exception at 0x000002efc3b04574 to 0x000002efc3b04a78
Event: 2.892 Thread 0x000002efb20e2000 Implicit null exception at 0x000002efc3b14474 to 0x000002efc3b1494c
Event: 6.238 Thread 0x000002efcfab4000 Exception <a 'java/lang/NoSuchMethodError'{0x00000000fe311b90}: 'void java.lang.invoke.DirectMethodHandle$Holder.invokeStatic(java.lang.Object, long)'> (0x00000000fe311b90) thrown at [./src/hotspot/share/interpreter/linkResolver.cpp, line 773]
Event: 6.239 Thread 0x000002efcfab4000 Exception <a 'java/lang/NoSuchMethodError'{0x00000000fe316b38}: 'java.lang.Object java.lang.invoke.DirectMethodHandle$Holder.invokeStatic(java.lang.Object, long)'> (0x00000000fe316b38) thrown at [./src/hotspot/share/interpreter/linkResolver.cpp, line 773]
Event: 6.241 Thread 0x000002efcfab4000 Exception <a 'java/lang/NoSuchMethodError'{0x00000000fe324bd8}: 'java.lang.Object java.lang.invoke.DirectMethodHandle$Holder.invokeStaticInit(java.lang.Object, java.lang.Object, long, java.lang.Object)'> (0x00000000fe324bd8) thrown at [./src/hotspot/share/interpreter/linkResolver.cpp, line 773]
Event: 6.242 Thread 0x000002efcfab4000 Exception <a 'java/lang/NoSuchMethodError'{0x00000000fe32aac8}: 'java.lang.Object java.lang.invoke.DirectMethodHandle$Holder.invokeStatic(java.lang.Object, java.lang.Object, long)'> (0x00000000fe32aac8) thrown at [./src/hotspot/share/interpreter/linkResolver.cpp, line 773]
Event: 6.243 Thread 0x000002efcfab4000 Exception <a 'java/lang/NoSuchMethodError'{0x00000000fe330d98}: 'java.lang.Object java.lang.invoke.Invokers$Holder.linkToTargetMethod(java.lang.Object, long, java.lang.Object)'> (0x00000000fe330d98) thrown at [./src/hotspot/share/interpreter/linkResolver.cpp, line 773]
Event: 78.670 Thread 0x000002efb20e2000 Exception <a 'java/io/IOException'{0x00000000ffedbbb8}> (0x00000000ffedbbb8) thrown at [./src/hotspot/share/prims/jni.cpp, line 617]
Event: 78.671 Thread 0x000002efd0436000 Exception <a 'java/io/IOException'{0x00000000fffd2748}> (0x00000000fffd2748) thrown at [./src/hotspot/share/prims/jni.cpp, line 617]

Events (20 events):
Event: 78.678 loading class org/gradle/internal/logging/text/BufferingStyledTextOutput$1
Event: 78.678 loading class org/gradle/internal/logging/text/BufferingStyledTextOutput$1 done
Event: 78.678 loading class org/gradle/internal/buildevents/BuildExceptionReporter$ContextImpl
Event: 78.678 loading class org/gradle/internal/buildevents/BuildExceptionReporter$ContextImpl done
Event: 78.679 loading class org/gradle/internal/exceptions/FailureResolutionAware
Event: 78.679 loading class org/gradle/internal/exceptions/FailureResolutionAware done
Event: 78.679 loading class org/gradle/internal/logging/text/BufferingStyledTextOutput
Event: 78.679 loading class org/gradle/internal/logging/text/BufferingStyledTextOutput done
Event: 78.679 loading class org/gradle/internal/logging/text/StyledTextOutput
Event: 78.679 loading class org/gradle/internal/logging/text/StyledTextOutput done
Event: 78.679 loading class org/gradle/internal/logging/text/BufferingStyledTextOutput
Event: 78.679 loading class org/gradle/internal/logging/text/BufferingStyledTextOutput done
Event: 78.680 loading class org/gradle/internal/logging/text/BufferingStyledTextOutput$ChangeStyleAction
Event: 78.680 loading class org/gradle/internal/logging/text/BufferingStyledTextOutput$ChangeStyleAction done
Event: 78.680 loading class org/gradle/internal/logging/text/AbstractStyledTextOutput$StyleOverrideTextOutput
Event: 78.680 loading class org/gradle/internal/logging/text/AbstractStyledTextOutput$StyleOverrideTextOutput done
Event: 78.681 loading class org/gradle/internal/logging/text/BufferingStyledTextOutput
Event: 78.681 loading class org/gradle/internal/logging/text/BufferingStyledTextOutput done
Event: 78.681 loading class org/gradle/internal/buildevents/BuildExceptionReporter
Event: 78.681 loading class org/gradle/internal/buildevents/BuildExceptionReporter done


Dynamic libraries:
0x00007ff72d120000 - 0x00007ff72d12d000 	C:\Program Files\OpenJDK\openjdk-11.0.16_8\bin\java.exe
0x00007ff9e4110000 - 0x00007ff9e4324000 	C:\WINDOWS\SYSTEM32\ntdll.dll
0x00007ff9e32c0000 - 0x00007ff9e3383000 	C:\WINDOWS\System32\KERNEL32.DLL
0x00007ff9e1780000 - 0x00007ff9e1b1c000 	C:\WINDOWS\System32\KERNELBASE.dll
0x00007ff9e1b20000 - 0x00007ff9e1c31000 	C:\WINDOWS\System32\ucrtbase.dll
0x00007ff988390000 - 0x00007ff9883a5000 	C:\Program Files\OpenJDK\openjdk-11.0.16_8\bin\VCRUNTIME140.dll
0x00007ff98eda0000 - 0x00007ff98edb7000 	C:\Program Files\OpenJDK\openjdk-11.0.16_8\bin\jli.dll
0x00007ff9e3dc0000 - 0x00007ff9e3f6d000 	C:\WINDOWS\System32\USER32.dll
0x00007ff9e1d00000 - 0x00007ff9e1d26000 	C:\WINDOWS\System32\win32u.dll
0x00007ff9e20f0000 - 0x00007ff9e2119000 	C:\WINDOWS\System32\GDI32.dll
0x00007ff9e1660000 - 0x00007ff9e1772000 	C:\WINDOWS\System32\gdi32full.dll
0x00007ff9d23c0000 - 0x00007ff9d264e000 	C:\WINDOWS\WinSxS\amd64_microsoft.windows.common-controls_6595b64144ccf1df_6.0.22621.608_none_a9444ca7c10bb01d\COMCTL32.dll
0x00007ff9e1550000 - 0x00007ff9e15ea000 	C:\WINDOWS\System32\msvcp_win.dll
0x00007ff9e3f70000 - 0x00007ff9e4017000 	C:\WINDOWS\System32\msvcrt.dll
0x00007ff9e3d00000 - 0x00007ff9e3d32000 	C:\WINDOWS\System32\IMM32.DLL
0x00007ff988160000 - 0x00007ff9881fb000 	C:\Program Files\OpenJDK\openjdk-11.0.16_8\bin\msvcp140.dll
0x00007ff987650000 - 0x00007ff98815e000 	C:\Program Files\OpenJDK\openjdk-11.0.16_8\bin\server\jvm.dll
0x00007ff9e4020000 - 0x00007ff9e40ce000 	C:\WINDOWS\System32\ADVAPI32.dll
0x00007ff9e2510000 - 0x00007ff9e25b4000 	C:\WINDOWS\System32\sechost.dll
0x00007ff9e1f20000 - 0x00007ff9e2035000 	C:\WINDOWS\System32\RPCRT4.dll
0x00007ff9e2990000 - 0x00007ff9e2998000 	C:\WINDOWS\System32\PSAPI.DLL
0x00007ff9cb100000 - 0x00007ff9cb109000 	C:\WINDOWS\SYSTEM32\WSOCK32.dll
0x00007ff9da170000 - 0x00007ff9da1a4000 	C:\WINDOWS\SYSTEM32\WINMM.dll
0x00007ff9e3d40000 - 0x00007ff9e3db1000 	C:\WINDOWS\System32\WS2_32.dll
0x00007ff9da5c0000 - 0x00007ff9da5ca000 	C:\WINDOWS\SYSTEM32\VERSION.dll
0x00007ff9e05a0000 - 0x00007ff9e05b8000 	C:\WINDOWS\SYSTEM32\kernel.appcore.dll
0x00007ff9b47d0000 - 0x00007ff9b47e0000 	C:\Program Files\OpenJDK\openjdk-11.0.16_8\bin\verify.dll
0x00007ff9ca2f0000 - 0x00007ff9ca51e000 	C:\WINDOWS\SYSTEM32\DBGHELP.DLL
0x00007ff9e2180000 - 0x00007ff9e250a000 	C:\WINDOWS\System32\combase.dll
0x00007ff9e29f0000 - 0x00007ff9e2ac7000 	C:\WINDOWS\System32\OLEAUT32.dll
0x00007ff9ca2b0000 - 0x00007ff9ca2e2000 	C:\WINDOWS\SYSTEM32\dbgcore.DLL
0x00007ff9e1ea0000 - 0x00007ff9e1f1b000 	C:\WINDOWS\System32\bcryptPrimitives.dll
0x00007ff988360000 - 0x00007ff988388000 	C:\Program Files\OpenJDK\openjdk-11.0.16_8\bin\java.dll
0x00007ff9a8f90000 - 0x00007ff9a8f9a000 	C:\Program Files\OpenJDK\openjdk-11.0.16_8\bin\jimage.dll
0x00007ff9882e0000 - 0x00007ff9882f8000 	C:\Program Files\OpenJDK\openjdk-11.0.16_8\bin\zip.dll
0x00007ff9e2ad0000 - 0x00007ff9e32bf000 	C:\WINDOWS\System32\SHELL32.dll
0x00007ff9df570000 - 0x00007ff9dfe38000 	C:\WINDOWS\SYSTEM32\windows.storage.dll
0x00007ff9df430000 - 0x00007ff9df56e000 	C:\WINDOWS\SYSTEM32\wintypes.dll
0x00007ff9e2670000 - 0x00007ff9e2761000 	C:\WINDOWS\System32\SHCORE.dll
0x00007ff9e3600000 - 0x00007ff9e365e000 	C:\WINDOWS\System32\shlwapi.dll
0x00007ff9e1480000 - 0x00007ff9e14a1000 	C:\WINDOWS\SYSTEM32\profapi.dll
0x00007ff987630000 - 0x00007ff987649000 	C:\Program Files\OpenJDK\openjdk-11.0.16_8\bin\net.dll
0x00007ff9da250000 - 0x00007ff9da37f000 	C:\WINDOWS\SYSTEM32\WINHTTP.dll
0x00007ff9e0a10000 - 0x00007ff9e0a79000 	C:\WINDOWS\system32\mswsock.dll
0x00007ff987610000 - 0x00007ff987623000 	C:\Program Files\OpenJDK\openjdk-11.0.16_8\bin\nio.dll
0x00007ff9ccde0000 - 0x00007ff9cce07000 	C:\Users\noeKen\.gradle\native\68d5fa5c4cc2d200863cafc0d521ce42e7d3e7ee720ec0a83991735586a16f82\windows-amd64\native-platform.dll
0x00007ff9dad40000 - 0x00007ff9dad4a000 	C:\Users\noeKen\.gradle\native\jansi\1.18\windows64\jansi.dll
0x00007ff9b49c0000 - 0x00007ff9b49c9000 	C:\Program Files\OpenJDK\openjdk-11.0.16_8\bin\management.dll
0x00007ff9a6f30000 - 0x00007ff9a6f3b000 	C:\Program Files\OpenJDK\openjdk-11.0.16_8\bin\management_ext.dll
0x00007ff9e0cd0000 - 0x00007ff9e0ceb000 	C:\WINDOWS\SYSTEM32\CRYPTSP.dll
0x00007ff9e0510000 - 0x00007ff9e0545000 	C:\WINDOWS\system32\rsaenh.dll
0x00007ff9e0b00000 - 0x00007ff9e0b28000 	C:\WINDOWS\SYSTEM32\USERENV.dll
0x00007ff9e0ef0000 - 0x00007ff9e0f18000 	C:\WINDOWS\SYSTEM32\bcrypt.dll
0x00007ff9e0cf0000 - 0x00007ff9e0cfc000 	C:\WINDOWS\SYSTEM32\CRYPTBASE.dll
0x00007ff9e0090000 - 0x00007ff9e00bd000 	C:\WINDOWS\SYSTEM32\IPHLPAPI.DLL
0x00007ff9e3430000 - 0x00007ff9e3439000 	C:\WINDOWS\System32\NSI.dll
0x00007ff9da100000 - 0x00007ff9da119000 	C:\WINDOWS\SYSTEM32\dhcpcsvc6.DLL
0x00007ff9da0b0000 - 0x00007ff9da0cf000 	C:\WINDOWS\SYSTEM32\dhcpcsvc.DLL
0x00007ff9e0150000 - 0x00007ff9e0243000 	C:\WINDOWS\SYSTEM32\DNSAPI.dll

dbghelp: loaded successfully - version: 4.0.5 - missing functions: none
symbol engine: initialized successfully - sym options: 0x614 - pdb path: .;C:\Program Files\OpenJDK\openjdk-11.0.16_8\bin;C:\WINDOWS\SYSTEM32;C:\WINDOWS\WinSxS\amd64_microsoft.windows.common-controls_6595b64144ccf1df_6.0.22621.608_none_a9444ca7c10bb01d;C:\Program Files\OpenJDK\openjdk-11.0.16_8\bin\server;C:\Users\noeKen\.gradle\native\68d5fa5c4cc2d200863cafc0d521ce42e7d3e7ee720ec0a83991735586a16f82\windows-amd64;C:\Users\noeKen\.gradle\native\jansi\1.18\windows64

VM Arguments:
jvm_args: -Xmx64m -Xms64m -Dorg.gradle.appname=gradlew 
java_command: org.gradle.wrapper.GradleWrapperMain app:installDebug -PreactNativeDevServerPort=8081
java_class_path (initial): E:\Mobile\Hybride\react-native\BeAware\android\\gradle\wrapper\gradle-wrapper.jar
Launcher Type: SUN_STANDARD

[Global flags]
     intx CICompilerCount                          = 4                                         {product} {ergonomic}
     uint ConcGCThreads                            = 3                                         {product} {ergonomic}
     uint G1ConcRefinementThreads                  = 10                                        {product} {ergonomic}
   size_t G1HeapRegionSize                         = 1048576                                   {product} {ergonomic}
    uintx GCDrainStackTargetSize                   = 64                                        {product} {ergonomic}
   size_t InitialHeapSize                          = 67108864                                  {product} {command line}
   size_t MarkStackSize                            = 4194304                                   {product} {ergonomic}
   size_t MaxHeapSize                              = 67108864                                  {product} {command line}
   size_t MaxNewSize                               = 39845888                                  {product} {ergonomic}
   size_t MinHeapDeltaBytes                        = 1048576                                   {product} {ergonomic}
    uintx NonNMethodCodeHeapSize                   = 5836300                                {pd product} {ergonomic}
    uintx NonProfiledCodeHeapSize                  = 122910970                              {pd product} {ergonomic}
    uintx ProfiledCodeHeapSize                     = 122910970                              {pd product} {ergonomic}
    uintx ReservedCodeCacheSize                    = 251658240                              {pd product} {ergonomic}
     bool SegmentedCodeCache                       = true                                      {product} {ergonomic}
     bool UseCompressedClassPointers               = true                                 {lp64_product} {ergonomic}
     bool UseCompressedOops                        = true                                 {lp64_product} {ergonomic}
     bool UseG1GC                                  = true                                      {product} {ergonomic}
     bool UseLargePagesIndividualAllocation        = false                                  {pd product} {ergonomic}

Logging:
Log output configuration:
 #0: stdout all=warning uptime,level,tags
 #1: stderr all=off uptime,level,tags

Environment Variables:
JAVA_HOME=C:\Program Files\OpenJDK\openjdk-11.0.16_8
CLASSPATH=E:\Mobile\Hybride\react-native\BeAware\android\\gradle\wrapper\gradle-wrapper.jar
PATH=E:\Mobile\Hybride\react-native\BeAware\android\node_modules\.bin;E:\Mobile\Hybride\react-native\BeAware\node_modules\.bin;E:\Mobile\Hybride\react-native\node_modules\.bin;E:\Mobile\Hybride\node_modules\.bin;E:\Mobile\node_modules\.bin;E:\node_modules\.bin;C:\Program Files\nodejs;C:\Users\noeKen\AppData\Local\Temp\yarn--1678193608716-0.6911686510063724;E:\Mobile\Hybride\react-native\BeAware\node_modules\.bin;C:\Users\noeKen\AppData\Local\Yarn\Data\link\node_modules\.bin;C:\Users\noeKen\AppData\Local\Yarn\bin;C:\Program Files\libexec\lib\node_modules\npm\bin\node-gyp-bin;C:\Program Files\lib\node_modules\npm\bin\node-gyp-bin;C:\Program Files\nodejs\node_modules\npm\bin\node-gyp-bin;C:\Program Files\Eclipse Adoptium\jdk-17.0.5.8-hotspot\bin;C:\Program Files (x86)\Intel\Intel(R) Management Engine Components\iCLS\;C:\Program Files\Intel\Intel(R) Management Engine Components\iCLS\;C:\Windows\system32;C:\Windows;C:\Windows\System32\Wbem;C:\Windows\System32\WindowsPowerShell\v1.0\;C:\Program Files (x86)\Intel\Intel(R) Management Engine Components\DAL;C:\Program Files\Intel\Intel(R) Management Engine Components\DAL;C:\Program Files (x86)\Intel\Intel(R) Management Engine Components\IPT;C:\Program Files\Intel\Intel(R) Management Engine Components\IPT;C:\Program Files (x86)\NVIDIA Corporation\PhysX\Common;C:\Program Files\Intel\WiFi\bin\;C:\Program Files\Common Files\Intel\WirelessCommon\;C:\WINDOWS\system32;C:\WINDOWS;C:\WINDOWS\System32\Wbem;C:\WINDOWS\System32\WindowsPowerShell\v1.0\;C:\WINDOWS\System32\OpenSSH\;C:\Users\noeKen\AppData\Roaming\nvm;C:\Program Files\nodejs;C:\ProgramData\chocolatey\bin;C:\Program Files\OpenJDK\openjdk-11.0.16_8;C:\Program Files\Git\cmd;F:\Sdk\Sdk\platform-tools;C:\Users\noeKen\AppData\Local\Microsoft\WindowsApps;C:\Users\noeKen\AppData\Roaming\nvm;C:\Program Files\nodejs;C:\Users\noeKen\AppData\Local\Programs\Microsoft VS Code\bin
USERNAME=noeKen
LANG=en_US.UTF-8
OS=Windows_NT
PROCESSOR_IDENTIFIER=Intel64 Family 6 Model 158 Stepping 10, GenuineIntel
TMP=C:\Users\noeKen\AppData\Local\Temp
TEMP=C:\Users\noeKen\AppData\Local\Temp



---------------  S Y S T E M  ---------------

OS: Windows 11 , 64 bit Build 22621 (10.0.22621.1194)
OS uptime: 2 days 23:47 hours

CPU:total 12 (initial active 12) (6 cores per cpu, 2 threads per core) family 6 model 158 stepping 10 microcode 0xde, cmov, cx8, fxsr, mmx, sse, sse2, sse3, ssse3, sse4.1, sse4.2, popcnt, avx, avx2, aes, clmul, erms, 3dnowpref, lzcnt, ht, tsc, tscinvbit, bmi1, bmi2, adx, fma

Memory: 4k page, system-wide physical 16226M (1475M free)
TotalPageFile size 31257M (AvailPageFile size 549M)
current process WorkingSet (physical memory assigned to process): 96M, peak: 100M
current process commit charge ("private bytes"): 166M, peak: 173M

vm_info: OpenJDK 64-Bit Server VM (11.0.16+8) for windows-amd64 JRE (11.0.16+8), built on Jul 17 2022 01:33:05 by "tester" with MS VC++ 15.9 (VS2017)

END.
